#
# A fatal error has been detected by the Java Runtime Environment:
#
#  EXCEPTION_ACCESS_VIOLATION (0xc0000005) at pc=0x00007ffe70f26ab7, pid=16440, tid=5848
#
# JRE version: OpenJDK Runtime Environment Corretto-17.0.4.9.1 (17.0.4.1+9) (build 17.0.4.1+9-LTS)
# Java VM: OpenJDK 64-Bit Server VM Corretto-17.0.4.9.1 (17.0.4.1+9-LTS, mixed mode, sharing, tiered, compressed oops, compressed class ptrs, g1 gc, windows-amd64)
# Problematic frame:
# C  [glass.dll+0x26ab7]
#
# No core dump will be written. Minidumps are not enabled by default on client versions of Windows
#
# If you would like to submit a bug report, please visit:
#   https://github.com/corretto/corretto-17/issues/
#

---------------  S U M M A R Y ------------

Command Line: -javaagent:C:\Program Files\JetBrains\IntelliJ IDEA 2022.2.1\lib\idea_rt.jar=63878:C:\Program Files\JetBrains\IntelliJ IDEA 2022.2.1\bin -Dfile.encoding=UTF-8 --module-path=C:\Users\ipenk\.m2\repository\org\openjfx\javafx-base\17.0.2\javafx-base-17.0.2-win.jar;C:\Users\ipenk\.m2\repository\org\openjfx\javafx-graphics\17.0.2\javafx-graphics-17.0.2-win.jar;C:\Users\ipenk\.m2\repository\org\openjfx\javafx-fxml\17.0.2\javafx-fxml-17.0.2-win.jar;C:\Users\ipenk\.m2\repository\org\openjfx\javafx-controls\17.0.2\javafx-controls-17.0.2-win.jar;D:\messengerAppGUI\target\classes -Djdk.module.main=messenger.messengerappgui messenger.messengerappgui/messenger.messengerappgui.Application

Host: 11th Gen Intel(R) Core(TM) i5-11400H @ 2.70GHz, 12 cores, 15G,  Windows 11 , 64 bit Build 22000 (10.0.22000.1219)
Time: Wed Nov 30 15:27:14 2022 RTZ 2 (s 11 , 64 bit Build 22000 (10.0.22000.1219) elapsed time: 541.346827 seconds (0d 0h 9m 1s)

---------------  T H R E A D  ---------------

Current thread (0x00000254b9468da0):  VMThread "VM Thread" [stack: 0x0000006418600000,0x0000006418700000] [id=5848]

Stack: [0x0000006418600000,0x0000006418700000],  sp=0x00000064186ff060,  free space=1020k
Native frames: (J=compiled Java code, j=interpreted, Vv=VM code, C=native code)
C  [glass.dll+0x26ab7]


siginfo: EXCEPTION_ACCESS_VIOLATION (0xc0000005), reading address 0x0000000000000000


Register to memory mapping:

RIP=0x00007ffe70f26ab7 glass.dll
RAX=0x0 is NULL
RBX=0x00000254b947e970 is a global jni handle
RCX=0x00000254b9468da0 points into unknown readable memory: 0x00007ffe71e71dc0 | c0 1d e7 71 fe 7f 00 00
RDX=0x00000064186ff060 points into unknown readable memory: 0x0000000000000000 | 00 00 00 00 00 00 00 00
RSP=0x00000064186ff060 points into unknown readable memory: 0x0000000000000000 | 00 00 00 00 00 00 00 00
RBP=0x00000254bab1b518 points into unknown readable memory: 0x0000ec5bf9af46df | df 46 af f9 5b ec 00 00
RSI=0x00000254bab1b4f0 points into unknown readable memory: 0x3879f315f9af7920 | 20 79 af f9 15 f3 79 38
RDI=0x0000ec5bf9af46df is an unknown value
R8 =0x0000000000010002 is an unknown value
R9 =0x0000ec5bf9af46df is an unknown value
R10=0x85f13e9656da4870 is an unknown value
R11=0x00000064186feff0 points into unknown readable memory: 0x00000254bab1b4f0 | f0 b4 b1 ba 54 02 00 00
R12=0x00007ffe70f24384 glass.dll
R13=0x0000000000000001 is an unknown value
R14=0x00000064186ff168 points into unknown readable memory: 0x00000064186ff150 | 50 f1 6f 18 64 00 00 00
R15=0x00000254bab1b4f0 points into unknown readable memory: 0x3879f315f9af7920 | 20 79 af f9 15 f3 79 38


Registers:
RAX=0x0000000000000000, RBX=0x00000254b947e970, RCX=0x00000254b9468da0, RDX=0x00000064186ff060
RSP=0x00000064186ff060, RBP=0x00000254bab1b518, RSI=0x00000254bab1b4f0, RDI=0x0000ec5bf9af46df
R8 =0x0000000000010002, R9 =0x0000ec5bf9af46df, R10=0x85f13e9656da4870, R11=0x00000064186feff0
R12=0x00007ffe70f24384, R13=0x0000000000000001, R14=0x00000064186ff168, R15=0x00000254bab1b4f0
RIP=0x00007ffe70f26ab7, EFLAGS=0x0000000000010202

Top of Stack: (sp=0x00000064186ff060)
0x00000064186ff060:   0000000000000000 00000254bab1b4f0
0x00000064186ff070:   0000000000000001 00007ffe70f24384
0x00000064186ff080:   00000254bab1b4f8 00007ffe8b45bea0
0x00000064186ff090:   0000ec5bf9af46df 0000025400000000
0x00000064186ff0a0:   00000254bab1b518 00000254bab1b4f0
0x00000064186ff0b0:   fffffffffffffffe 0000000000000000
0x00000064186ff0c0:   0000000000000001 00007ffe70f00000
0x00000064186ff0d0:   00000064186ff158 00007ffe8b45bdb7
0x00000064186ff0e0:   0000000000000000 00000064186ff168
0x00000064186ff0f0:   00000064186ff450 00007ffe8b5412b0
0x00000064186ff100:   0000000000000001 00007ffe8b45bd6d
0x00000064186ff110:   0000000000000000 0000000000000001
0x00000064186ff120:   0000000000000000 00000064186ff158
0x00000064186ff130:   fffffffffffffffe 0000000000000000
0x00000064186ff140:   0000000000000000 00007ffe70f24211
0x00000064186ff150:   00007ffe70f3a138 0000000000000002 

Instructions: (pc=0x00007ffe70f26ab7)
0x00007ffe70f269b7:   8b 4d 58 e8 01 cf ff ff 48 8b 4d 60 e8 f8 ce ff
0x00007ffe70f269c7:   ff 48 8b 95 80 00 00 00 48 8b 8d 18 01 00 00 e8
0x00007ffe70f269d7:   c6 c3 ff ff 33 d2 33 c9 e8 3c e1 ff ff 90 48 89
0x00007ffe70f269e7:   54 24 10 55 48 83 ec 20 48 8b ea 48 b8 00 00 00
0x00007ffe70f269f7:   00 00 00 00 00 48 83 c4 20 5d c3 cc 40 55 48 8b
0x00007ffe70f26a07:   ea 48 8b 01 33 c9 81 38 05 00 00 c0 0f 94 c1 8b
0x00007ffe70f26a17:   c1 5d c3 cc 40 55 48 83 ec 20 48 8b ea 8a 4d 40
0x00007ffe70f26a27:   48 83 c4 20 5d e9 f7 d2 ff ff cc 40 55 48 83 ec
0x00007ffe70f26a37:   20 48 8b ea 8a 4d 20 e8 e5 d2 ff ff 90 48 83 c4
0x00007ffe70f26a47:   20 5d c3 cc 40 55 48 83 ec 20 48 8b ea 48 83 c4
0x00007ffe70f26a57:   20 5d e9 46 d1 ff ff cc 40 55 48 83 ec 30 48 8b
0x00007ffe70f26a67:   ea 48 8b 01 8b 10 48 89 4c 24 28 89 54 24 20 4c
0x00007ffe70f26a77:   8d 0d e7 d5 ff ff 4c 8b 45 70 8b 55 68 48 8b 4d
0x00007ffe70f26a87:   60 e8 87 d0 ff ff 90 48 83 c4 30 5d c3 cc cc cc
0x00007ffe70f26a97:   cc cc cc cc cc cc cc cc cc 40 53 48 83 ec 20 48
0x00007ffe70f26aa7:   8b 1d 83 30 01 00 48 85 db 74 16 e8 09 8b ff ff
0x00007ffe70f26ab7:   4c 8b 00 48 8b d3 48 8b c8 41 ff 90 b0 00 00 00
0x00007ffe70f26ac7:   90 48 83 c4 20 5b c3 cc cc 40 53 48 83 ec 20 48
0x00007ffe70f26ad7:   8b 1d fb 31 01 00 48 85 db 74 57 b8 ff ff ff ff
0x00007ffe70f26ae7:   f0 0f c1 43 10 83 f8 01 75 3d 48 85 db 74 38 48
0x00007ffe70f26af7:   8b 0b 48 85 c9 74 0d ff 15 a4 07 00 00 48 c7 03
0x00007ffe70f26b07:   00 00 00 00 48 8b 4b 08 48 85 c9 74 0d e8 a7 cd
0x00007ffe70f26b17:   ff ff 48 c7 43 08 00 00 00 00 ba 18 00 00 00 48
0x00007ffe70f26b27:   8b cb e8 92 cd ff ff 48 c7 05 9f 31 01 00 00 00
0x00007ffe70f26b37:   00 00 48 83 c4 20 5b c3 cc 40 53 48 83 ec 20 48
0x00007ffe70f26b47:   8b 1d 6b 31 01 00 48 85 db 74 57 b8 ff ff ff ff
0x00007ffe70f26b57:   f0 0f c1 43 10 83 f8 01 75 3d 48 85 db 74 38 48
0x00007ffe70f26b67:   8b 0b 48 85 c9 74 0d ff 15 34 07 00 00 48 c7 03
0x00007ffe70f26b77:   00 00 00 00 48 8b 4b 08 48 85 c9 74 0d e8 37 cd
0x00007ffe70f26b87:   ff ff 48 c7 43 08 00 00 00 00 ba 18 00 00 00 48
0x00007ffe70f26b97:   8b cb e8 22 cd ff ff 48 c7 05 0f 31 01 00 00 00
0x00007ffe70f26ba7:   00 00 48 83 c4 20 5b c3 cc 40 53 48 83 ec 20 48 


Stack slot to memory mapping:
stack at sp + 0 slots: 0x0 is NULL
stack at sp + 1 slots: 0x00000254bab1b4f0 points into unknown readable memory: 0x3879f315f9af7920 | 20 79 af f9 15 f3 79 38
stack at sp + 2 slots: 0x0000000000000001 is an unknown value
stack at sp + 3 slots: 0x00007ffe70f24384 glass.dll
stack at sp + 4 slots: 0x00000254bab1b4f8 points into unknown readable memory: 0x0000ec5bf9af46df | df 46 af f9 5b ec 00 00
stack at sp + 5 slots: 0x00007ffe8b45bea0 ucrtbase.dll
stack at sp + 6 slots: 0x0000ec5bf9af46df is an unknown value
stack at sp + 7 slots: 0x0000025400000000 is an unknown value

VM_Operation (0x000000641acff050): Exit, mode: safepoint, requested by thread 0x00000254bb76d6a0


---------------  P R O C E S S  ---------------

Threads class SMR info:
_java_thread_list=0x00000254bbaf5700, length=20, elements={
0x000002549418bcc0, 0x00000254b946bb00, 0x00000254b946c6b0, 0x00000254ba009440,
0x00000254ba009df0, 0x00000254ba00a7a0, 0x00000254ba00dd50, 0x00000254ba00e7f0,
0x00000254ba0272c0, 0x00000254b9456910, 0x00000254ba3fe650, 0x00000254ba5f4c60,
0x00000254ba8ddf70, 0x00000254bab5e3e0, 0x00000254baba7810, 0x00000254bb575a90,
0x00000254bb56f860, 0x00000254bb76f850, 0x00000254bb76eeb0, 0x00000254bb76d6a0
}

Java Threads: ( => current thread )
  0x000002549418bcc0 JavaThread "main" [_thread_blocked, id=17780, stack(0x0000006418000000,0x0000006418100000)]
  0x00000254b946bb00 JavaThread "Reference Handler" daemon [_thread_blocked, id=15216, stack(0x0000006418700000,0x0000006418800000)]
  0x00000254b946c6b0 JavaThread "Finalizer" daemon [_thread_blocked, id=17248, stack(0x0000006418800000,0x0000006418900000)]
  0x00000254ba009440 JavaThread "Attach Listener" daemon [_thread_blocked, id=13524, stack(0x0000006418a00000,0x0000006418b00000)]
  0x00000254ba009df0 JavaThread "Service Thread" daemon [_thread_blocked, id=5560, stack(0x0000006418b00000,0x0000006418c00000)]
  0x00000254ba00a7a0 JavaThread "Monitor Deflation Thread" daemon [_thread_blocked, id=5892, stack(0x0000006418c00000,0x0000006418d00000)]
  0x00000254ba00dd50 JavaThread "C2 CompilerThread0" daemon [_thread_blocked, id=18968, stack(0x0000006418d00000,0x0000006418e00000)]
  0x00000254ba00e7f0 JavaThread "C1 CompilerThread0" daemon [_thread_blocked, id=17616, stack(0x0000006418e00000,0x0000006418f00000)]
  0x00000254ba0272c0 JavaThread "Sweeper thread" daemon [_thread_blocked, id=11156, stack(0x0000006418f00000,0x0000006419000000)]
  0x00000254b9456910 JavaThread "Common-Cleaner" daemon [_thread_blocked, id=9388, stack(0x0000006419000000,0x0000006419100000)]
  0x00000254ba3fe650 JavaThread "Monitor Ctrl-Break" daemon [_thread_in_native, id=12516, stack(0x0000006419300000,0x0000006419400000)]
  0x00000254ba5f4c60 JavaThread "Notification Thread" daemon [_thread_blocked, id=17748, stack(0x0000006419400000,0x0000006419500000)]
  0x00000254ba8ddf70 JavaThread "QuantumRenderer-0" daemon [_thread_blocked, id=19096, stack(0x0000006419600000,0x0000006419700000)]
  0x00000254bab5e3e0 JavaThread "InvokeLaterDispatcher" daemon [_thread_blocked, id=14376, stack(0x0000006419200000,0x0000006419300000)]
  0x00000254baba7810 JavaThread "JavaFX Application Thread" [_thread_blocked, id=18436, stack(0x0000006419800000,0x0000006419900000)]
  0x00000254bb575a90 JavaThread "JavaFX-Launcher" [_thread_blocked, id=17284, stack(0x0000006419b00000,0x0000006419c00000)]
  0x00000254bb56f860 JavaThread "Thread-2" daemon [_thread_in_native, id=16088, stack(0x0000006419100000,0x0000006419200000)]
  0x00000254bb76f850 JavaThread "Prism Font Disposer" daemon [_thread_blocked, id=16960, stack(0x000000641a600000,0x000000641a700000)]
  0x00000254bb76eeb0 JavaThread "Cleaner-0" daemon [_thread_blocked, id=14812, stack(0x000000641a700000,0x000000641a800000)]
  0x00000254bb76d6a0 JavaThread "SIGINT handler" daemon [_thread_blocked, id=18488, stack(0x000000641ac00000,0x000000641ad00000)]

Other Threads:
=>0x00000254b9468da0 VMThread "VM Thread" [stack: 0x0000006418600000,0x0000006418700000] [id=5848]
  0x00000254941f4fe0 GCTaskThread "GC Thread#0" [stack: 0x0000006418100000,0x0000006418200000] [id=18820]
  0x00000254bb59cce0 GCTaskThread "GC Thread#1" [stack: 0x0000006419c00000,0x0000006419d00000] [id=14328]
  0x00000254bb55ef00 GCTaskThread "GC Thread#2" [stack: 0x0000006419d00000,0x0000006419e00000] [id=9872]
  0x00000254bb564c30 GCTaskThread "GC Thread#3" [stack: 0x0000006419e00000,0x0000006419f00000] [id=15372]
  0x00000254bb55c850 GCTaskThread "GC Thread#4" [stack: 0x0000006419f00000,0x000000641a000000] [id=19036]
  0x00000254bb55cb00 GCTaskThread "GC Thread#5" [stack: 0x000000641a000000,0x000000641a100000] [id=15732]
  0x00000254bba5d2b0 GCTaskThread "GC Thread#6" [stack: 0x000000641a200000,0x000000641a300000] [id=17048]
  0x00000254bba5d560 GCTaskThread "GC Thread#7" [stack: 0x000000641a800000,0x000000641a900000] [id=18688]
  0x00000254bba5d810 GCTaskThread "GC Thread#8" [stack: 0x000000641a900000,0x000000641aa00000] [id=15840]
  0x00000254bba5dd70 GCTaskThread "GC Thread#9" [stack: 0x000000641aa00000,0x000000641ab00000] [id=10676]
  0x0000025494205d10 ConcurrentGCThread "G1 Main Marker" terminated
  0x0000025494206720 ConcurrentGCThread "G1 Conc#0" [stack: 0x0000006418300000,0x0000006418400000] [id=17240]
  0x000002549426e570 ConcurrentGCThread "G1 Refine#0" terminated
  0x00000254b9321560 ConcurrentGCThread "G1 Service" terminated

Threads with active compile tasks:
C2 CompilerThread0  
[error occurred during error reporting (printing all threads), id 0xc0000005, EXCEPTION_ACCESS_VIOLATION (0xc0000005) at pc=0x00007ffe71c69693]

VM state: at safepoint (shutting down)

VM Mutex/Monitor currently owned by a thread:  ([mutex/lock_event])
[0x0000025494187a10] Threads_lock - owner thread: 0x00000254b9468da0
[0x0000025494187bc0] Heap_lock - owner thread: 0x00000254bb76d6a0

Heap address: 0x0000000703600000, size: 4042 MB, Compressed Oops mode: Zero based, Oop shift amount: 3

CDS archive(s) mapped at: [0x0000000800000000-0x0000000800bc0000-0x0000000800bc0000), size 12320768, SharedBaseAddress: 0x0000000800000000, ArchiveRelocationMode: 0.
Compressed class space mapped at: 0x0000000800c00000-0x0000000840c00000, reserved size: 1073741824
Narrow klass base: 0x0000000800000000, Narrow klass shift: 0, Narrow klass range: 0x100000000

GC Precious Log:
 CPUs: 12 total, 12 available
 Memory: 16163M
 Large Page Support: Disabled
 NUMA Support: Disabled
 Compressed Oops: Enabled (Zero based)
 Heap Region Size: 2M
 Heap Min Capacity: 8M
 Heap Initial Capacity: 254M
 Heap Max Capacity: 4042M
 Pre-touch: Disabled
 Parallel Workers: 10
 Concurrent Workers: 3
 Concurrent Refinement Workers: 10
 Periodic GC: Disabled

Heap:
 garbage-first heap   total 260096K, used 19732K [0x0000000703600000, 0x0000000800000000)
  region size 2048K, 9 young (18432K), 3 survivors (6144K)
 Metaspace       used 16210K, committed 16512K, reserved 1064960K
  class space    used 2270K, committed 2432K, reserved 1048576K

Heap Regions: E=young(eden), S=young(survivor), O=old, HS=humongous(starts), HC=humongous(continues), CS=collection set, F=free, OA=open archive, CA=closed archive, TAMS=top-at-mark-start (previous, next)
|   0|0x0000000703600000, 0x0000000703800000, 0x0000000703800000|100%|HS|  |TAMS 0x0000000703600000, 0x0000000703600000| Complete 
|   1|0x0000000703800000, 0x0000000703945000, 0x0000000703a00000| 63%| O|  |TAMS 0x0000000703800000, 0x0000000703800000| Untracked 
|   2|0x0000000703a00000, 0x0000000703a00000, 0x0000000703c00000|  0%| F|  |TAMS 0x0000000703a00000, 0x0000000703a00000| Untracked 
|   3|0x0000000703c00000, 0x0000000703c00000, 0x0000000703e00000|  0%| F|  |TAMS 0x0000000703c00000, 0x0000000703c00000| Untracked 
|   4|0x0000000703e00000, 0x0000000703e00000, 0x0000000704000000|  0%| F|  |TAMS 0x0000000703e00000, 0x0000000703e00000| Untracked 
|   5|0x0000000704000000, 0x0000000704000000, 0x0000000704200000|  0%| F|  |TAMS 0x0000000704000000, 0x0000000704000000| Untracked 
|   6|0x0000000704200000, 0x0000000704200000, 0x0000000704400000|  0%| F|  |TAMS 0x0000000704200000, 0x0000000704200000| Untracked 
|   7|0x0000000704400000, 0x0000000704400000, 0x0000000704600000|  0%| F|  |TAMS 0x0000000704400000, 0x0000000704400000| Untracked 
|   8|0x0000000704600000, 0x0000000704600000, 0x0000000704800000|  0%| F|  |TAMS 0x0000000704600000, 0x0000000704600000| Untracked 
|   9|0x0000000704800000, 0x0000000704800000, 0x0000000704a00000|  0%| F|  |TAMS 0x0000000704800000, 0x0000000704800000| Untracked 
|  10|0x0000000704a00000, 0x0000000704a00000, 0x0000000704c00000|  0%| F|  |TAMS 0x0000000704a00000, 0x0000000704a00000| Untracked 
|  11|0x0000000704c00000, 0x0000000704c00000, 0x0000000704e00000|  0%| F|  |TAMS 0x0000000704c00000, 0x0000000704c00000| Untracked 
|  12|0x0000000704e00000, 0x0000000704e00000, 0x0000000705000000|  0%| F|  |TAMS 0x0000000704e00000, 0x0000000704e00000| Untracked 
|  13|0x0000000705000000, 0x0000000705000000, 0x0000000705200000|  0%| F|  |TAMS 0x0000000705000000, 0x0000000705000000| Untracked 
|  14|0x0000000705200000, 0x0000000705200000, 0x0000000705400000|  0%| F|  |TAMS 0x0000000705200000, 0x0000000705200000| Untracked 
|  15|0x0000000705400000, 0x0000000705400000, 0x0000000705600000|  0%| F|  |TAMS 0x0000000705400000, 0x0000000705400000| Untracked 
|  16|0x0000000705600000, 0x0000000705600000, 0x0000000705800000|  0%| F|  |TAMS 0x0000000705600000, 0x0000000705600000| Untracked 
|  17|0x0000000705800000, 0x0000000705800000, 0x0000000705a00000|  0%| F|  |TAMS 0x0000000705800000, 0x0000000705800000| Untracked 
|  18|0x0000000705a00000, 0x0000000705a00000, 0x0000000705c00000|  0%| F|  |TAMS 0x0000000705a00000, 0x0000000705a00000| Untracked 
|  19|0x0000000705c00000, 0x0000000705c00000, 0x0000000705e00000|  0%| F|  |TAMS 0x0000000705c00000, 0x0000000705c00000| Untracked 
|  20|0x0000000705e00000, 0x0000000705e00000, 0x0000000706000000|  0%| F|  |TAMS 0x0000000705e00000, 0x0000000705e00000| Untracked 
|  21|0x0000000706000000, 0x0000000706000000, 0x0000000706200000|  0%| F|  |TAMS 0x0000000706000000, 0x0000000706000000| Untracked 
|  22|0x0000000706200000, 0x0000000706200000, 0x0000000706400000|  0%| F|  |TAMS 0x0000000706200000, 0x0000000706200000| Untracked 
|  23|0x0000000706400000, 0x0000000706400000, 0x0000000706600000|  0%| F|  |TAMS 0x0000000706400000, 0x0000000706400000| Untracked 
|  24|0x0000000706600000, 0x0000000706600000, 0x0000000706800000|  0%| F|  |TAMS 0x0000000706600000, 0x0000000706600000| Untracked 
|  25|0x0000000706800000, 0x0000000706800000, 0x0000000706a00000|  0%| F|  |TAMS 0x0000000706800000, 0x0000000706800000| Untracked 
|  26|0x0000000706a00000, 0x0000000706a00000, 0x0000000706c00000|  0%| F|  |TAMS 0x0000000706a00000, 0x0000000706a00000| Untracked 
|  27|0x0000000706c00000, 0x0000000706c00000, 0x0000000706e00000|  0%| F|  |TAMS 0x0000000706c00000, 0x0000000706c00000| Untracked 
|  28|0x0000000706e00000, 0x0000000706e00000, 0x0000000707000000|  0%| F|  |TAMS 0x0000000706e00000, 0x0000000706e00000| Untracked 
|  29|0x0000000707000000, 0x0000000707000000, 0x0000000707200000|  0%| F|  |TAMS 0x0000000707000000, 0x0000000707000000| Untracked 
|  30|0x0000000707200000, 0x0000000707200000, 0x0000000707400000|  0%| F|  |TAMS 0x0000000707200000, 0x0000000707200000| Untracked 
|  31|0x0000000707400000, 0x0000000707400000, 0x0000000707600000|  0%| F|  |TAMS 0x0000000707400000, 0x0000000707400000| Untracked 
|  32|0x0000000707600000, 0x0000000707600000, 0x0000000707800000|  0%| F|  |TAMS 0x0000000707600000, 0x0000000707600000| Untracked 
|  33|0x0000000707800000, 0x0000000707800000, 0x0000000707a00000|  0%| F|  |TAMS 0x0000000707800000, 0x0000000707800000| Untracked 
|  34|0x0000000707a00000, 0x0000000707a00000, 0x0000000707c00000|  0%| F|  |TAMS 0x0000000707a00000, 0x0000000707a00000| Untracked 
|  35|0x0000000707c00000, 0x0000000707c00000, 0x0000000707e00000|  0%| F|  |TAMS 0x0000000707c00000, 0x0000000707c00000| Untracked 
|  36|0x0000000707e00000, 0x0000000707e00000, 0x0000000708000000|  0%| F|  |TAMS 0x0000000707e00000, 0x0000000707e00000| Untracked 
|  37|0x0000000708000000, 0x0000000708000000, 0x0000000708200000|  0%| F|  |TAMS 0x0000000708000000, 0x0000000708000000| Untracked 
|  38|0x0000000708200000, 0x0000000708200000, 0x0000000708400000|  0%| F|  |TAMS 0x0000000708200000, 0x0000000708200000| Untracked 
|  39|0x0000000708400000, 0x0000000708400000, 0x0000000708600000|  0%| F|  |TAMS 0x0000000708400000, 0x0000000708400000| Untracked 
|  40|0x0000000708600000, 0x0000000708600000, 0x0000000708800000|  0%| F|  |TAMS 0x0000000708600000, 0x0000000708600000| Untracked 
|  41|0x0000000708800000, 0x0000000708800000, 0x0000000708a00000|  0%| F|  |TAMS 0x0000000708800000, 0x0000000708800000| Untracked 
|  42|0x0000000708a00000, 0x0000000708a00000, 0x0000000708c00000|  0%| F|  |TAMS 0x0000000708a00000, 0x0000000708a00000| Untracked 
|  43|0x0000000708c00000, 0x0000000708c00000, 0x0000000708e00000|  0%| F|  |TAMS 0x0000000708c00000, 0x0000000708c00000| Untracked 
|  44|0x0000000708e00000, 0x0000000708e00000, 0x0000000709000000|  0%| F|  |TAMS 0x0000000708e00000, 0x0000000708e00000| Untracked 
|  45|0x0000000709000000, 0x0000000709000000, 0x0000000709200000|  0%| F|  |TAMS 0x0000000709000000, 0x0000000709000000| Untracked 
|  46|0x0000000709200000, 0x0000000709200000, 0x0000000709400000|  0%| F|  |TAMS 0x0000000709200000, 0x0000000709200000| Untracked 
|  47|0x0000000709400000, 0x0000000709400000, 0x0000000709600000|  0%| F|  |TAMS 0x0000000709400000, 0x0000000709400000| Untracked 
|  48|0x0000000709600000, 0x0000000709600000, 0x0000000709800000|  0%| F|  |TAMS 0x0000000709600000, 0x0000000709600000| Untracked 
|  49|0x0000000709800000, 0x0000000709800000, 0x0000000709a00000|  0%| F|  |TAMS 0x0000000709800000, 0x0000000709800000| Untracked 
|  50|0x0000000709a00000, 0x0000000709a00000, 0x0000000709c00000|  0%| F|  |TAMS 0x0000000709a00000, 0x0000000709a00000| Untracked 
|  51|0x0000000709c00000, 0x0000000709c00000, 0x0000000709e00000|  0%| F|  |TAMS 0x0000000709c00000, 0x0000000709c00000| Untracked 
|  52|0x0000000709e00000, 0x0000000709e00000, 0x000000070a000000|  0%| F|  |TAMS 0x0000000709e00000, 0x0000000709e00000| Untracked 
|  53|0x000000070a000000, 0x000000070a000000, 0x000000070a200000|  0%| F|  |TAMS 0x000000070a000000, 0x000000070a000000| Untracked 
|  54|0x000000070a200000, 0x000000070a200000, 0x000000070a400000|  0%| F|  |TAMS 0x000000070a200000, 0x000000070a200000| Untracked 
|  55|0x000000070a400000, 0x000000070a400000, 0x000000070a600000|  0%| F|  |TAMS 0x000000070a400000, 0x000000070a400000| Untracked 
|  56|0x000000070a600000, 0x000000070a600000, 0x000000070a800000|  0%| F|  |TAMS 0x000000070a600000, 0x000000070a600000| Untracked 
|  57|0x000000070a800000, 0x000000070a800000, 0x000000070aa00000|  0%| F|  |TAMS 0x000000070a800000, 0x000000070a800000| Untracked 
|  58|0x000000070aa00000, 0x000000070aa00000, 0x000000070ac00000|  0%| F|  |TAMS 0x000000070aa00000, 0x000000070aa00000| Untracked 
|  59|0x000000070ac00000, 0x000000070ac00000, 0x000000070ae00000|  0%| F|  |TAMS 0x000000070ac00000, 0x000000070ac00000| Untracked 
|  60|0x000000070ae00000, 0x000000070ae00000, 0x000000070b000000|  0%| F|  |TAMS 0x000000070ae00000, 0x000000070ae00000| Untracked 
|  61|0x000000070b000000, 0x000000070b000000, 0x000000070b200000|  0%| F|  |TAMS 0x000000070b000000, 0x000000070b000000| Untracked 
|  62|0x000000070b200000, 0x000000070b200000, 0x000000070b400000|  0%| F|  |TAMS 0x000000070b200000, 0x000000070b200000| Untracked 
|  63|0x000000070b400000, 0x000000070b400000, 0x000000070b600000|  0%| F|  |TAMS 0x000000070b400000, 0x000000070b400000| Untracked 
|  64|0x000000070b600000, 0x000000070b600000, 0x000000070b800000|  0%| F|  |TAMS 0x000000070b600000, 0x000000070b600000| Untracked 
|  65|0x000000070b800000, 0x000000070b800000, 0x000000070ba00000|  0%| F|  |TAMS 0x000000070b800000, 0x000000070b800000| Untracked 
|  66|0x000000070ba00000, 0x000000070ba00000, 0x000000070bc00000|  0%| F|  |TAMS 0x000000070ba00000, 0x000000070ba00000| Untracked 
|  67|0x000000070bc00000, 0x000000070bc00000, 0x000000070be00000|  0%| F|  |TAMS 0x000000070bc00000, 0x000000070bc00000| Untracked 
|  68|0x000000070be00000, 0x000000070be00000, 0x000000070c000000|  0%| F|  |TAMS 0x000000070be00000, 0x000000070be00000| Untracked 
|  69|0x000000070c000000, 0x000000070c000000, 0x000000070c200000|  0%| F|  |TAMS 0x000000070c000000, 0x000000070c000000| Untracked 
|  70|0x000000070c200000, 0x000000070c200000, 0x000000070c400000|  0%| F|  |TAMS 0x000000070c200000, 0x000000070c200000| Untracked 
|  71|0x000000070c400000, 0x000000070c400000, 0x000000070c600000|  0%| F|  |TAMS 0x000000070c400000, 0x000000070c400000| Untracked 
|  72|0x000000070c600000, 0x000000070c600000, 0x000000070c800000|  0%| F|  |TAMS 0x000000070c600000, 0x000000070c600000| Untracked 
|  73|0x000000070c800000, 0x000000070c800000, 0x000000070ca00000|  0%| F|  |TAMS 0x000000070c800000, 0x000000070c800000| Untracked 
|  74|0x000000070ca00000, 0x000000070ca00000, 0x000000070cc00000|  0%| F|  |TAMS 0x000000070ca00000, 0x000000070ca00000| Untracked 
|  75|0x000000070cc00000, 0x000000070cc00000, 0x000000070ce00000|  0%| F|  |TAMS 0x000000070cc00000, 0x000000070cc00000| Untracked 
|  76|0x000000070ce00000, 0x000000070ce00000, 0x000000070d000000|  0%| F|  |TAMS 0x000000070ce00000, 0x000000070ce00000| Untracked 
|  77|0x000000070d000000, 0x000000070d000000, 0x000000070d200000|  0%| F|  |TAMS 0x000000070d000000, 0x000000070d000000| Untracked 
|  78|0x000000070d200000, 0x000000070d200000, 0x000000070d400000|  0%| F|  |TAMS 0x000000070d200000, 0x000000070d200000| Untracked 
|  79|0x000000070d400000, 0x000000070d400000, 0x000000070d600000|  0%| F|  |TAMS 0x000000070d400000, 0x000000070d400000| Untracked 
|  80|0x000000070d600000, 0x000000070d600000, 0x000000070d800000|  0%| F|  |TAMS 0x000000070d600000, 0x000000070d600000| Untracked 
|  81|0x000000070d800000, 0x000000070d800000, 0x000000070da00000|  0%| F|  |TAMS 0x000000070d800000, 0x000000070d800000| Untracked 
|  82|0x000000070da00000, 0x000000070da00000, 0x000000070dc00000|  0%| F|  |TAMS 0x000000070da00000, 0x000000070da00000| Untracked 
|  83|0x000000070dc00000, 0x000000070dc00000, 0x000000070de00000|  0%| F|  |TAMS 0x000000070dc00000, 0x000000070dc00000| Untracked 
|  84|0x000000070de00000, 0x000000070de00000, 0x000000070e000000|  0%| F|  |TAMS 0x000000070de00000, 0x000000070de00000| Untracked 
|  85|0x000000070e000000, 0x000000070e000000, 0x000000070e200000|  0%| F|  |TAMS 0x000000070e000000, 0x000000070e000000| Untracked 
|  86|0x000000070e200000, 0x000000070e200000, 0x000000070e400000|  0%| F|  |TAMS 0x000000070e200000, 0x000000070e200000| Untracked 
|  87|0x000000070e400000, 0x000000070e400000, 0x000000070e600000|  0%| F|  |TAMS 0x000000070e400000, 0x000000070e400000| Untracked 
|  88|0x000000070e600000, 0x000000070e600000, 0x000000070e800000|  0%| F|  |TAMS 0x000000070e600000, 0x000000070e600000| Untracked 
|  89|0x000000070e800000, 0x000000070e800000, 0x000000070ea00000|  0%| F|  |TAMS 0x000000070e800000, 0x000000070e800000| Untracked 
|  90|0x000000070ea00000, 0x000000070ea00000, 0x000000070ec00000|  0%| F|  |TAMS 0x000000070ea00000, 0x000000070ea00000| Untracked 
|  91|0x000000070ec00000, 0x000000070ec00000, 0x000000070ee00000|  0%| F|  |TAMS 0x000000070ec00000, 0x000000070ec00000| Untracked 
|  92|0x000000070ee00000, 0x000000070ee00000, 0x000000070f000000|  0%| F|  |TAMS 0x000000070ee00000, 0x000000070ee00000| Untracked 
|  93|0x000000070f000000, 0x000000070f000000, 0x000000070f200000|  0%| F|  |TAMS 0x000000070f000000, 0x000000070f000000| Untracked 
|  94|0x000000070f200000, 0x000000070f200000, 0x000000070f400000|  0%| F|  |TAMS 0x000000070f200000, 0x000000070f200000| Untracked 
|  95|0x000000070f400000, 0x000000070f400000, 0x000000070f600000|  0%| F|  |TAMS 0x000000070f400000, 0x000000070f400000| Untracked 
|  96|0x000000070f600000, 0x000000070f600000, 0x000000070f800000|  0%| F|  |TAMS 0x000000070f600000, 0x000000070f600000| Untracked 
|  97|0x000000070f800000, 0x000000070f800000, 0x000000070fa00000|  0%| F|  |TAMS 0x000000070f800000, 0x000000070f800000| Untracked 
|  98|0x000000070fa00000, 0x000000070fa00000, 0x000000070fc00000|  0%| F|  |TAMS 0x000000070fa00000, 0x000000070fa00000| Untracked 
|  99|0x000000070fc00000, 0x000000070fc00000, 0x000000070fe00000|  0%| F|  |TAMS 0x000000070fc00000, 0x000000070fc00000| Untracked 
| 100|0x000000070fe00000, 0x000000070fe00000, 0x0000000710000000|  0%| F|  |TAMS 0x000000070fe00000, 0x000000070fe00000| Untracked 
| 101|0x0000000710000000, 0x0000000710000000, 0x0000000710200000|  0%| F|  |TAMS 0x0000000710000000, 0x0000000710000000| Untracked 
| 102|0x0000000710200000, 0x0000000710200000, 0x0000000710400000|  0%| F|  |TAMS 0x0000000710200000, 0x0000000710200000| Untracked 
| 103|0x0000000710400000, 0x0000000710400000, 0x0000000710600000|  0%| F|  |TAMS 0x0000000710400000, 0x0000000710400000| Untracked 
| 104|0x0000000710600000, 0x0000000710800000, 0x0000000710800000|100%| S|CS|TAMS 0x0000000710600000, 0x0000000710600000| Complete 
| 105|0x0000000710800000, 0x0000000710a00000, 0x0000000710a00000|100%| S|CS|TAMS 0x0000000710800000, 0x0000000710800000| Complete 
| 106|0x0000000710a00000, 0x0000000710c00000, 0x0000000710c00000|100%| S|CS|TAMS 0x0000000710a00000, 0x0000000710a00000| Complete 
| 107|0x0000000710c00000, 0x0000000710c00000, 0x0000000710e00000|  0%| F|  |TAMS 0x0000000710c00000, 0x0000000710c00000| Untracked 
| 108|0x0000000710e00000, 0x0000000710e00000, 0x0000000711000000|  0%| F|  |TAMS 0x0000000710e00000, 0x0000000710e00000| Untracked 
| 109|0x0000000711000000, 0x0000000711000000, 0x0000000711200000|  0%| F|  |TAMS 0x0000000711000000, 0x0000000711000000| Untracked 
| 110|0x0000000711200000, 0x0000000711200000, 0x0000000711400000|  0%| F|  |TAMS 0x0000000711200000, 0x0000000711200000| Untracked 
| 111|0x0000000711400000, 0x0000000711400000, 0x0000000711600000|  0%| F|  |TAMS 0x0000000711400000, 0x0000000711400000| Untracked 
| 112|0x0000000711600000, 0x0000000711600000, 0x0000000711800000|  0%| F|  |TAMS 0x0000000711600000, 0x0000000711600000| Untracked 
| 113|0x0000000711800000, 0x0000000711800000, 0x0000000711a00000|  0%| F|  |TAMS 0x0000000711800000, 0x0000000711800000| Untracked 
| 114|0x0000000711a00000, 0x0000000711a00000, 0x0000000711c00000|  0%| F|  |TAMS 0x0000000711a00000, 0x0000000711a00000| Untracked 
| 115|0x0000000711c00000, 0x0000000711c00000, 0x0000000711e00000|  0%| F|  |TAMS 0x0000000711c00000, 0x0000000711c00000| Untracked 
| 116|0x0000000711e00000, 0x0000000711e00000, 0x0000000712000000|  0%| F|  |TAMS 0x0000000711e00000, 0x0000000711e00000| Untracked 
| 117|0x0000000712000000, 0x0000000712000000, 0x0000000712200000|  0%| F|  |TAMS 0x0000000712000000, 0x0000000712000000| Untracked 
| 118|0x0000000712200000, 0x0000000712200000, 0x0000000712400000|  0%| F|  |TAMS 0x0000000712200000, 0x0000000712200000| Untracked 
| 119|0x0000000712400000, 0x0000000712400000, 0x0000000712600000|  0%| F|  |TAMS 0x0000000712400000, 0x0000000712400000| Untracked 
| 120|0x0000000712600000, 0x0000000712600000, 0x0000000712800000|  0%| F|  |TAMS 0x0000000712600000, 0x0000000712600000| Untracked 
| 121|0x0000000712800000, 0x0000000712976480, 0x0000000712a00000| 73%| E|  |TAMS 0x0000000712800000, 0x0000000712800000| Complete 
| 122|0x0000000712a00000, 0x0000000712c00000, 0x0000000712c00000|100%| E|CS|TAMS 0x0000000712a00000, 0x0000000712a00000| Complete 
| 123|0x0000000712c00000, 0x0000000712e00000, 0x0000000712e00000|100%| E|CS|TAMS 0x0000000712c00000, 0x0000000712c00000| Complete 
| 124|0x0000000712e00000, 0x0000000713000000, 0x0000000713000000|100%| E|CS|TAMS 0x0000000712e00000, 0x0000000712e00000| Complete 
| 125|0x0000000713000000, 0x0000000713200000, 0x0000000713200000|100%| E|CS|TAMS 0x0000000713000000, 0x0000000713000000| Complete 
| 126|0x0000000713200000, 0x0000000713400000, 0x0000000713400000|100%| E|CS|TAMS 0x0000000713200000, 0x0000000713200000| Complete 

Card table byte_map: [0x00000254ad900000,0x00000254ae0f0000] _byte_map_base: 0x00000254aa0e5000

Marking Bits (Prev, Next): (CMBitMap*) 0x00000254941f55f0, (CMBitMap*) 0x00000254941f5630
 Prev Bits: [0x00000254ae8e0000, 0x00000254b2808000)
 Next Bits: [0x00000254b2810000, 0x00000254b6738000)

Polling page: 0x0000025494270000

Metaspace:

Usage:
  Non-class:     13.61 MB used.
      Class:      2.22 MB used.
       Both:     15.83 MB used.

Virtual space:
  Non-class space:       16.00 MB reserved,      13.75 MB ( 86%) committed,  2 nodes.
      Class space:        1.00 GB reserved,       2.38 MB ( <1%) committed,  1 nodes.
             Both:        1.02 GB reserved,      16.13 MB (  2%) committed. 

Chunk freelists:
   Non-Class:  1.88 MB
       Class:  1.67 MB
        Both:  3.55 MB

MaxMetaspaceSize: unlimited
CompressedClassSpaceSize: 1.00 GB
Initial GC threshold: 21.00 MB
Current GC threshold: 21.00 MB
CDS: on
MetaspaceReclaimPolicy: balanced
 - commit_granule_bytes: 65536.
 - commit_granule_words: 8192.
 - virtual_space_node_default_size: 1048576.
 - enlarge_chunks_in_place: 1.
 - new_chunks_are_fully_committed: 0.
 - uncommit_free_chunks: 1.
 - use_allocation_guard: 0.
 - handle_deallocations: 1.


Internal statistics:

num_allocs_failed_limit: 0.
num_arena_births: 228.
num_arena_deaths: 0.
num_vsnodes_births: 3.
num_vsnodes_deaths: 0.
num_space_committed: 258.
num_space_uncommitted: 0.
num_chunks_returned_to_freelist: 0.
num_chunks_taken_from_freelist: 763.
num_chunk_merges: 0.
num_chunk_splits: 504.
num_chunks_enlarged: 386.
num_purges: 0.
num_inconsistent_stats: 0.

CodeHeap 'non-profiled nmethods': size=120000Kb used=1135Kb max_used=1135Kb free=118864Kb
 bounds [0x00000254a4f40000, 0x00000254a51b0000, 0x00000254ac470000]
CodeHeap 'profiled nmethods': size=120000Kb used=5811Kb max_used=5811Kb free=114188Kb
 bounds [0x000002549da10000, 0x000002549dfc0000, 0x00000254a4f40000]
CodeHeap 'non-nmethods': size=5760Kb used=1441Kb max_used=1469Kb free=4318Kb
 bounds [0x000002549d470000, 0x000002549d6e0000, 0x000002549da10000]
 total_blobs=3855 nmethods=3065 adapters=702
 compilation: enabled
              stopped_count=0, restarted_count=0
 full_count=0

Compilation events (20 events):
Event: 24.851 Thread 0x00000254ba00e7f0 3059       3       com.sun.javafx.scene.ParentHelper::pickNodeLocalImpl (12 bytes)
Event: 24.851 Thread 0x00000254ba00e7f0 nmethod 3059 0x000002549dfb7b10 code [0x000002549dfb7cc0, 0x000002549dfb7fc8]
Event: 24.851 Thread 0x00000254ba00e7f0 3060       3       javafx.scene.Parent$1::doPickNodeLocal (10 bytes)
Event: 24.852 Thread 0x00000254ba00e7f0 nmethod 3060 0x000002549dfb8110 code [0x000002549dfb82c0, 0x000002549dfb8508]
Event: 24.880 Thread 0x00000254ba00e7f0 3061       3       javafx.beans.property.BooleanPropertyBase::fireValueChangedEvent (8 bytes)
Event: 24.881 Thread 0x00000254ba00e7f0 nmethod 3061 0x000002549dfb8610 code [0x000002549dfb87c0, 0x000002549dfb8a28]
Event: 27.248 Thread 0x00000254ba00e7f0 3062       3       java.util.Collections$UnmodifiableCollection::iterator (9 bytes)
Event: 27.248 Thread 0x00000254ba00e7f0 nmethod 3062 0x000002549dfb8b10 code [0x000002549dfb8cc0, 0x000002549dfb9088]
Event: 27.248 Thread 0x00000254ba00e7f0 3064       3       java.util.Properties::saveConvert (383 bytes)
Event: 27.249 Thread 0x00000254ba00e7f0 nmethod 3064 0x000002549dfb9210 code [0x000002549dfb9660, 0x000002549dfbb2a8]
Event: 27.249 Thread 0x00000254ba00e7f0 3063       3       java.util.Collections$UnmodifiableCollection$1::<init> (26 bytes)
Event: 27.249 Thread 0x00000254ba00e7f0 nmethod 3063 0x000002549dfbbd10 code [0x000002549dfbbec0, 0x000002549dfbc1c8]
Event: 27.249 Thread 0x00000254ba00e7f0 3065       3       java.util.concurrent.ConcurrentHashMap$EntryIterator::next (5 bytes)
Event: 27.249 Thread 0x00000254ba00dd50 3067       4       java.lang.StringLatin1::inflate (34 bytes)
Event: 27.249 Thread 0x00000254ba00e7f0 nmethod 3065 0x000002549dfbc310 code [0x000002549dfbc4a0, 0x000002549dfbc5e8]
Event: 27.249 Thread 0x00000254ba00e7f0 3066       3       java.io.Writer::write (11 bytes)
Event: 27.249 Thread 0x00000254ba00e7f0 nmethod 3066 0x000002549dfbc690 code [0x000002549dfbc840, 0x000002549dfbcb28]
Event: 27.252 Thread 0x00000254ba00dd50 nmethod 3067 0x00000254a505b710 code [0x00000254a505b880, 0x00000254a505bb98]
Event: 540.821 Thread 0x00000254ba00dd50 3068       4       java.lang.ref.Cleaner$1::apply (9 bytes)
Event: 540.821 Thread 0x00000254ba00e7f0 3069       3       java.util.LinkedList$ListItr::next (56 bytes)

GC Heap History (4 events):
Event: 0.546 GC heap before
{Heap before GC invocations=0 (full 0):
 garbage-first heap   total 260096K, used 22528K [0x0000000703600000, 0x0000000800000000)
  region size 2048K, 11 young (22528K), 0 survivors (0K)
 Metaspace       used 5232K, committed 5376K, reserved 1056768K
  class space    used 627K, committed 704K, reserved 1048576K
}
Event: 0.549 GC heap after
{Heap after GC invocations=1 (full 0):
 garbage-first heap   total 260096K, used 2750K [0x0000000703600000, 0x0000000800000000)
  region size 2048K, 2 young (4096K), 2 survivors (4096K)
 Metaspace       used 5232K, committed 5376K, reserved 1056768K
  class space    used 627K, committed 704K, reserved 1048576K
}
Event: 2.118 GC heap before
{Heap before GC invocations=1 (full 0):
 garbage-first heap   total 260096K, used 39614K [0x0000000703600000, 0x0000000800000000)
  region size 2048K, 20 young (40960K), 2 survivors (4096K)
 Metaspace       used 14885K, committed 15168K, reserved 1064960K
  class space    used 2117K, committed 2240K, reserved 1048576K
}
Event: 2.123 GC heap after
{Heap after GC invocations=2 (full 0):
 garbage-first heap   total 260096K, used 9492K [0x0000000703600000, 0x0000000800000000)
  region size 2048K, 3 young (6144K), 3 survivors (6144K)
 Metaspace       used 14885K, committed 15168K, reserved 1064960K
  class space    used 2117K, committed 2240K, reserved 1048576K
}

Deoptimization events (20 events):
Event: 2.333 Thread 0x00000254ba8ddf70 DEOPT PACKING pc=0x00000254a5002468 sp=0x00000064196fd5e0
Event: 2.333 Thread 0x00000254ba8ddf70 DEOPT UNPACKING pc=0x000002549d4c5c23 sp=0x00000064196fd518 mode 2
Event: 2.444 Thread 0x00000254ba8ddf70 DEOPT PACKING pc=0x000002549dd5686e sp=0x00000064196fd4c0
Event: 2.444 Thread 0x00000254ba8ddf70 DEOPT UNPACKING pc=0x000002549d4c6763 sp=0x00000064196fc970 mode 0
Event: 2.802 Thread 0x00000254baba7810 Uncommon trap: trap_request=0xffffff45 fr.pc=0x00000254a4f94204 relative=0x0000000000001064
Event: 2.802 Thread 0x00000254baba7810 Uncommon trap: reason=unstable_if action=reinterpret pc=0x00000254a4f94204 method=java.util.concurrent.ConcurrentHashMap.putVal(Ljava/lang/Object;Ljava/lang/Object;Z)Ljava/lang/Object; @ 231 c2
Event: 2.802 Thread 0x00000254baba7810 DEOPT PACKING pc=0x00000254a4f94204 sp=0x00000064198f9cf0
Event: 2.802 Thread 0x00000254baba7810 DEOPT UNPACKING pc=0x000002549d4c5c23 sp=0x00000064198f9c60 mode 2
Event: 3.584 Thread 0x00000254ba8ddf70 DEOPT PACKING pc=0x000002549de0f24a sp=0x00000064196fda90
Event: 3.584 Thread 0x00000254ba8ddf70 DEOPT UNPACKING pc=0x000002549d4c6763 sp=0x00000064196fcec8 mode 0
Event: 3.587 Thread 0x00000254ba8ddf70 DEOPT PACKING pc=0x000002549de0f24a sp=0x00000064196fd5e0
Event: 3.587 Thread 0x00000254ba8ddf70 DEOPT UNPACKING pc=0x000002549d4c6763 sp=0x00000064196fca18 mode 0
Event: 6.417 Thread 0x00000254baba7810 Uncommon trap: trap_request=0xffffff45 fr.pc=0x00000254a4f8ccec relative=0x000000000000044c
Event: 6.417 Thread 0x00000254baba7810 Uncommon trap: reason=unstable_if action=reinterpret pc=0x00000254a4f8ccec method=java.lang.StringLatin1.canEncode(I)Z @ 4 c2
Event: 6.417 Thread 0x00000254baba7810 DEOPT PACKING pc=0x00000254a4f8ccec sp=0x00000064198fa440
Event: 6.417 Thread 0x00000254baba7810 DEOPT UNPACKING pc=0x000002549d4c5c23 sp=0x00000064198fa368 mode 2
Event: 6.683 Thread 0x00000254baba7810 Uncommon trap: trap_request=0xffffff45 fr.pc=0x00000254a4f8ff60 relative=0x0000000000000440
Event: 6.683 Thread 0x00000254baba7810 Uncommon trap: reason=unstable_if action=reinterpret pc=0x00000254a4f8ff60 method=java.lang.StringLatin1.canEncode(I)Z @ 4 c2
Event: 6.683 Thread 0x00000254baba7810 DEOPT PACKING pc=0x00000254a4f8ff60 sp=0x00000064198fa3e0
Event: 6.683 Thread 0x00000254baba7810 DEOPT UNPACKING pc=0x000002549d4c5c23 sp=0x00000064198fa360 mode 2

Classes unloaded (0 events):
No events

Classes redefined (0 events):
No events

Internal exceptions (20 events):
Event: 0.701 Thread 0x00000254baba7810 Exception <a 'sun/nio/fs/WindowsException'{0x00000007124e2de8}> (0x00000007124e2de8) 
thrown [s\src\hotspot\share\prims\jni.cpp, line 516]
Event: 0.750 Thread 0x00000254baba7810 Implicit null exception at 0x00000254a4fa9f14 to 0x00000254a4faa314
Event: 0.750 Thread 0x00000254baba7810 Implicit null exception at 0x00000254a4fa910f to 0x00000254a4fa94ec
Event: 0.801 Thread 0x00000254baba7810 Exception <a 'java/lang/NoSuchMethodError'{0x0000000711820b80}: 'java.lang.Object java.lang.invoke.DirectMethodHandle$Holder.invokeInterface(java.lang.Object, java.lang.Object, java.lang.Object)'> (0x0000000711820b80) 
thrown [s\src\hotspot\share\interpreter\linkResolver.cpp, line 759]
Event: 0.801 Thread 0x00000254baba7810 Exception <a 'java/lang/IncompatibleClassChangeError'{0x0000000711824508}: Found class java.lang.Object, but interface was expected> (0x0000000711824508) 
thrown [s\src\hotspot\share\interpreter\linkResolver.cpp, line 826]
Event: 0.829 Thread 0x00000254baba7810 Exception <a 'java/lang/NoSuchMethodError'{0x00000007119b0a10}: 'java.lang.Object java.lang.invoke.DirectMethodHandle$Holder.newInvokeSpecial(java.lang.Object, java.lang.Object, int)'> (0x00000007119b0a10) 
thrown [s\src\hotspot\share\interpreter\linkResolver.cpp, line 759]
Event: 0.849 Thread 0x00000254ba8ddf70 Exception <a 'java/lang/NoSuchMethodError'{0x00000007116e9e20}: 'int java.lang.invoke.DirectMethodHandle$Holder.invokeStaticInit(java.lang.Object, java.lang.Object)'> (0x00000007116e9e20) 
thrown [s\src\hotspot\share\interpreter\linkResolver.cpp, line 759]
Event: 0.858 Thread 0x00000254ba8ddf70 Exception <a 'java/lang/NoSuchMethodError'{0x0000000711789658}: 'java.lang.Object java.lang.invoke.DirectMethodHandle$Holder.invokeStaticInit(java.lang.Object, int)'> (0x0000000711789658) 
thrown [s\src\hotspot\share\interpreter\linkResolver.cpp, line 759]
Event: 1.963 Thread 0x00000254baba7810 Exception <a 'java/lang/NoSuchMethodError'{0x000000071115f1c0}: 'long java.lang.invoke.DirectMethodHandle$Holder.invokeStatic(java.lang.Object, java.lang.Object, java.lang.Object)'> (0x000000071115f1c0) 
thrown [s\src\hotspot\share\interpreter\linkResolver.cpp, line 759]
Event: 1.964 Thread 0x00000254baba7810 Exception <a 'java/lang/NoSuchMethodError'{0x0000000711162968}: 'long java.lang.invoke.DirectMethodHandle$Holder.invokeStaticInit(java.lang.Object, java.lang.Object, java.lang.Object)'> (0x0000000711162968) 
thrown [s\src\hotspot\share\interpreter\linkResolver.cpp, line 759]
Event: 1.966 Thread 0x00000254baba7810 Exception <a 'java/lang/NoSuchMethodError'{0x000000071117a570}: 'java.lang.Object java.lang.invoke.DirectMethodHandle$Holder.newInvokeSpecial(java.lang.Object, java.lang.Object, long)'> (0x000000071117a570) 
thrown [s\src\hotspot\share\interpreter\linkResolver.cpp, line 759]
Event: 1.967 Thread 0x00000254baba7810 Exception <a 'java/lang/NoSuchMethodError'{0x000000071117e0e0}: 'java.lang.Object java.lang.invoke.Invokers$Holder.linkToTargetMethod(java.lang.Object, long, java.lang.Object)'> (0x000000071117e0e0) 
thrown [s\src\hotspot\share\interpreter\linkResolver.cpp, line 759]
Event: 2.090 Thread 0x00000254baba7810 Exception <a 'java/lang/ClassNotFoundException'{0x0000000710f78c88}: com/sun/javafx/scene/control/skin/resources/controls> (0x0000000710f78c88) 
thrown [s\src\hotspot\share\prims\jni.cpp, line 535]
Event: 2.091 Thread 0x00000254baba7810 Exception <a 'java/lang/ClassNotFoundException'{0x0000000710f86ef8}: com/sun/javafx/scene/control/skin/resources/controls_ru> (0x0000000710f86ef8) 
thrown [s\src\hotspot\share\prims\jni.cpp, line 535]
Event: 2.091 Thread 0x00000254baba7810 Exception <a 'java/lang/ClassNotFoundException'{0x0000000710f88160}: com/sun/javafx/scene/control/skin/resources/controls_ru_RU> (0x0000000710f88160) 
thrown [s\src\hotspot\share\prims\jni.cpp, line 535]
Event: 2.111 Thread 0x00000254baba7810 Exception <a 'java/lang/NoSuchMethodError'{0x0000000710cff998}: 'void java.lang.invoke.DirectMethodHandle$Holder.invokeSpecial(java.lang.Object, java.lang.Object, java.lang.Object, java.lang.Object, java.lang.Object, java.lang.Object)'> (0x0000000710cff998) 
thrown [s\src\hotspot\share\interpreter\linkResolver.cpp, line 759]
Event: 17.975 Thread 0x00000254baba7810 Exception <a 'java/lang/NoSuchMethodError'{0x0000000712a8eb50}: 'java.lang.Object java.lang.invoke.DirectMethodHandle$Holder.newInvokeSpecial(java.lang.Object, java.lang.Object, int, int, int, int, int, java.lang.Object)'> (0x0000000712a8eb50) 
thrown [s\src\hotspot\share\interpreter\linkResolver.cpp, line 759]
Event: 17.975 Thread 0x00000254baba7810 Exception <a 'java/lang/NoSuchMethodError'{0x0000000712aa2328}: 'java.lang.Object java.lang.invoke.DirectMethodHandle$Holder.newInvokeSpecial(java.lang.Object, java.lang.Object, java.lang.Object, int, int, int, int, int)'> (0x0000000712aa2328) 
thrown [s\src\hotspot\share\interpreter\linkResolver.cpp, line 759]
Event: 17.976 Thread 0x00000254baba7810 Exception <a 'java/lang/NoSuchMethodError'{0x0000000712aaa628}: 'java.lang.Object java.lang.invoke.Invokers$Holder.linkToTargetMethod(java.lang.Object, java.lang.Object, int, int, int, int, int, java.lang.Object)'> (0x0000000712aaa628) 
thrown [s\src\hotspot\share\interpreter\linkResolver.cpp, line 759]
Event: 540.820 Thread 0x00000254bb56f860 Exception <a 'java/lang/NullPointerException'{0x0000000712f02888}> (0x0000000712f02888) 
thrown [s\src\hotspot\share\prims\jni.cpp, line 901]

VM Operations (20 events):
Event: 4.123 Executing VM operation: Cleanup done
Event: 5.123 Executing VM operation: Cleanup
Event: 5.124 Executing VM operation: Cleanup done
Event: 6.124 Executing VM operation: Cleanup
Event: 6.125 Executing VM operation: Cleanup done
Event: 7.125 Executing VM operation: Cleanup
Event: 7.125 Executing VM operation: Cleanup done
Event: 8.126 Executing VM operation: Cleanup
Event: 8.126 Executing VM operation: Cleanup done
Event: 10.126 Executing VM operation: Cleanup
Event: 10.127 Executing VM operation: Cleanup done
Event: 12.127 Executing VM operation: Cleanup
Event: 12.127 Executing VM operation: Cleanup done
Event: 15.129 Executing VM operation: Cleanup
Event: 15.129 Executing VM operation: Cleanup done
Event: 18.129 Executing VM operation: Cleanup
Event: 18.130 Executing VM operation: Cleanup done
Event: 20.130 Executing VM operation: Cleanup
Event: 20.130 Executing VM operation: Cleanup done
Event: 540.821 Executing VM operation: Exit

Events (20 events):
Event: 2.805 loading class sun/text/CompactByteArray
Event: 2.805 loading class sun/text/CompactByteArray done
Event: 2.805 loading class sun/text/SupplementaryCharacterData
Event: 2.805 loading class sun/text/SupplementaryCharacterData done
Event: 2.805 loading class java/text/BreakIterator$BreakIteratorCache
Event: 2.805 loading class java/text/BreakIterator$BreakIteratorCache done
Event: 23.935 loading class java/text/StringCharacterIterator
Event: 23.935 loading class java/text/StringCharacterIterator done
Event: 540.819 loading class jdk/internal/misc/Signal$1
Event: 540.819 loading class jdk/internal/misc/Signal$1 done
Event: 540.819 Thread 0x00000254bb76d6a0 Thread added: 0x00000254bb76d6a0
Event: 540.820 Thread 0x00000254bb76d1d0 Thread added: 0x00000254bb76d1d0
Event: 540.820 Thread 0x00000254bb76db70 Thread added: 0x00000254bb76db70
Event: 540.820 Thread 0x00000254bb76d1d0 Thread exited: 0x00000254bb76d1d0
Event: 540.820 loading class java/lang/Throwable$WrappedPrintStream
Event: 540.820 loading class java/lang/Throwable$PrintStreamOrWriter
Event: 540.820 loading class java/lang/Throwable$PrintStreamOrWriter done
Event: 540.820 loading class java/lang/Throwable$WrappedPrintStream done
Event: 540.821 Thread 0x00000254bb76db70 Thread exited: 0x00000254bb76db70
Event: 540.821 Thread 0x00000254ba007a80 Thread exited: 0x00000254ba007a80


Dynamic libraries:
0x00007ff69b180000 - 0x00007ff69b18d000 	C:\Users\ipenk\.jdks\corretto-17.0.4.1\bin\java.exe
0x00007ffe8df40000 - 0x00007ffe8e149000 	C:\Windows\SYSTEM32\ntdll.dll
0x00007ffe8d370000 - 0x00007ffe8d42e000 	C:\Windows\System32\KERNEL32.DLL
0x00007ffe8b560000 - 0x00007ffe8b8db000 	C:\Windows\System32\KERNELBASE.dll
0x00007ffe8b440000 - 0x00007ffe8b551000 	C:\Windows\System32\ucrtbase.dll
0x00007ffe84340000 - 0x00007ffe84358000 	C:\Users\ipenk\.jdks\corretto-17.0.4.1\bin\jli.dll
0x00007ffe84360000 - 0x00007ffe84375000 	C:\Users\ipenk\.jdks\corretto-17.0.4.1\bin\VCRUNTIME140.dll
0x00007ffe8d810000 - 0x00007ffe8d9bd000 	C:\Windows\System32\USER32.dll
0x00007ffe8b410000 - 0x00007ffe8b436000 	C:\Windows\System32\win32u.dll
0x00007ffe57e60000 - 0x00007ffe58105000 	C:\Windows\WinSxS\amd64_microsoft.windows.common-controls_6595b64144ccf1df_6.0.22000.120_none_9d947278b86cc467\COMCTL32.dll
0x00007ffe8bde0000 - 0x00007ffe8be09000 	C:\Windows\System32\GDI32.dll
0x00007ffe8dda0000 - 0x00007ffe8de43000 	C:\Windows\System32\msvcrt.dll
0x00007ffe8bc00000 - 0x00007ffe8bd18000 	C:\Windows\System32\gdi32full.dll
0x00007ffe8bd20000 - 0x00007ffe8bdbd000 	C:\Windows\System32\msvcp_win.dll
0x00007ffe8c800000 - 0x00007ffe8c832000 	C:\Windows\System32\IMM32.DLL
0x00007ffe74b40000 - 0x00007ffe74bdb000 	C:\Users\ipenk\.jdks\corretto-17.0.4.1\bin\msvcp140.dll
0x00007ffe714b0000 - 0x00007ffe720c4000 	C:\Users\ipenk\.jdks\corretto-17.0.4.1\bin\server\jvm.dll
0x00007ffe8dcf0000 - 0x00007ffe8dd9e000 	C:\Windows\System32\ADVAPI32.dll
0x00007ffe8dc50000 - 0x00007ffe8dcee000 	C:\Windows\System32\sechost.dll
0x00007ffe8d250000 - 0x00007ffe8d370000 	C:\Windows\System32\RPCRT4.dll
0x00007ffe8bdd0000 - 0x00007ffe8bdd8000 	C:\Windows\System32\PSAPI.DLL
0x00007ffe86210000 - 0x00007ffe8621a000 	C:\Windows\SYSTEM32\VERSION.dll
0x00007ffe85aa0000 - 0x00007ffe85ad3000 	C:\Windows\SYSTEM32\WINMM.dll
0x00007ffe644b0000 - 0x00007ffe644b9000 	C:\Windows\SYSTEM32\WSOCK32.dll
0x00007ffe8bfd0000 - 0x00007ffe8c03f000 	C:\Windows\System32\WS2_32.dll
0x00007ffe8a540000 - 0x00007ffe8a558000 	C:\Windows\SYSTEM32\kernel.appcore.dll
0x00007ffe87870000 - 0x00007ffe8787a000 	C:\Users\ipenk\.jdks\corretto-17.0.4.1\bin\jimage.dll
0x00007ffe7c5f0000 - 0x00007ffe7c811000 	C:\Windows\SYSTEM32\DBGHELP.DLL
0x00007ffe7c450000 - 0x00007ffe7c481000 	C:\Windows\SYSTEM32\dbgcore.DLL
0x00007ffe8bb10000 - 0x00007ffe8bb8f000 	C:\Windows\System32\bcryptPrimitives.dll
0x00007ffe7d810000 - 0x00007ffe7d81e000 	C:\Users\ipenk\.jdks\corretto-17.0.4.1\bin\instrument.dll
0x00007ffe74b10000 - 0x00007ffe74b35000 	C:\Users\ipenk\.jdks\corretto-17.0.4.1\bin\java.dll
0x00007ffe74450000 - 0x00007ffe74526000 	C:\Users\ipenk\.jdks\corretto-17.0.4.1\bin\jsvml.dll
0x00007ffe8c040000 - 0x00007ffe8c7f8000 	C:\Windows\System32\SHELL32.dll
0x00007ffe894d0000 - 0x00007ffe89d35000 	C:\Windows\SYSTEM32\windows.storage.dll
0x00007ffe8c840000 - 0x00007ffe8cbb8000 	C:\Windows\System32\combase.dll
0x00007ffe89360000 - 0x00007ffe894c6000 	C:\Windows\SYSTEM32\wintypes.dll
0x00007ffe8d430000 - 0x00007ffe8d51a000 	C:\Windows\System32\SHCORE.dll
0x00007ffe8dbf0000 - 0x00007ffe8dc4d000 	C:\Windows\System32\shlwapi.dll
0x00007ffe8b340000 - 0x00007ffe8b361000 	C:\Windows\SYSTEM32\profapi.dll
0x00007ffe7a850000 - 0x00007ffe7a869000 	C:\Users\ipenk\.jdks\corretto-17.0.4.1\bin\net.dll
0x00007ffe85f40000 - 0x00007ffe86054000 	C:\Windows\SYSTEM32\WINHTTP.dll
0x00007ffe8a9d0000 - 0x00007ffe8aa37000 	C:\Windows\system32\mswsock.dll
0x00007ffe74ab0000 - 0x00007ffe74ac5000 	C:\Users\ipenk\.jdks\corretto-17.0.4.1\bin\nio.dll
0x00007ffe7b500000 - 0x00007ffe7b518000 	C:\Users\ipenk\.jdks\corretto-17.0.4.1\bin\zip.dll
0x00007ffe74360000 - 0x00007ffe7437a000 	C:\Program Files\JetBrains\IntelliJ IDEA 2022.2.1\bin\breakgen64.dll
0x00000254b95b0000 - 0x00000254b95b3000 	C:\Users\ipenk\.openjfx\cache\17.0.2-ea\api-ms-win-core-console-l1-1-0.dll
0x00000254b95c0000 - 0x00000254b95c3000 	C:\Users\ipenk\.openjfx\cache\17.0.2-ea\api-ms-win-core-console-l1-2-0.dll
0x00000254b95d0000 - 0x00000254b95d3000 	C:\Users\ipenk\.openjfx\cache\17.0.2-ea\api-ms-win-core-datetime-l1-1-0.dll
0x00000254b95e0000 - 0x00000254b95e3000 	C:\Users\ipenk\.openjfx\cache\17.0.2-ea\api-ms-win-core-debug-l1-1-0.dll
0x00000254b95f0000 - 0x00000254b95f3000 	C:\Users\ipenk\.openjfx\cache\17.0.2-ea\api-ms-win-core-errorhandling-l1-1-0.dll
0x00000254b9600000 - 0x00000254b9604000 	C:\Users\ipenk\.openjfx\cache\17.0.2-ea\api-ms-win-core-file-l1-1-0.dll
0x00000254b9610000 - 0x00000254b9613000 	C:\Users\ipenk\.openjfx\cache\17.0.2-ea\api-ms-win-core-file-l1-2-0.dll
0x00000254b9620000 - 0x00000254b9623000 	C:\Users\ipenk\.openjfx\cache\17.0.2-ea\api-ms-win-core-file-l2-1-0.dll
0x00000254b9630000 - 0x00000254b9633000 	C:\Users\ipenk\.openjfx\cache\17.0.2-ea\api-ms-win-core-handle-l1-1-0.dll
0x00000254b9640000 - 0x00000254b9643000 	C:\Users\ipenk\.openjfx\cache\17.0.2-ea\api-ms-win-core-heap-l1-1-0.dll
0x00000254b9650000 - 0x00000254b9653000 	C:\Users\ipenk\.openjfx\cache\17.0.2-ea\api-ms-win-core-interlocked-l1-1-0.dll
0x00000254b9660000 - 0x00000254b9663000 	C:\Users\ipenk\.openjfx\cache\17.0.2-ea\api-ms-win-core-libraryloader-l1-1-0.dll
0x00000254b9670000 - 0x00000254b9673000 	C:\Users\ipenk\.openjfx\cache\17.0.2-ea\api-ms-win-core-localization-l1-2-0.dll
0x00000254b9680000 - 0x00000254b9683000 	C:\Users\ipenk\.openjfx\cache\17.0.2-ea\api-ms-win-core-memory-l1-1-0.dll
0x00000254b9690000 - 0x00000254b9693000 	C:\Users\ipenk\.openjfx\cache\17.0.2-ea\api-ms-win-core-namedpipe-l1-1-0.dll
0x00000254b96a0000 - 0x00000254b96a3000 	C:\Users\ipenk\.openjfx\cache\17.0.2-ea\api-ms-win-core-processenvironment-l1-1-0.dll
0x00000254b96b0000 - 0x00000254b96b3000 	C:\Users\ipenk\.openjfx\cache\17.0.2-ea\api-ms-win-core-processthreads-l1-1-0.dll
0x00000254b96c0000 - 0x00000254b96c3000 	C:\Users\ipenk\.openjfx\cache\17.0.2-ea\api-ms-win-core-processthreads-l1-1-1.dll
0x00000254b96d0000 - 0x00000254b96d3000 	C:\Users\ipenk\.openjfx\cache\17.0.2-ea\api-ms-win-core-profile-l1-1-0.dll
0x00000254b96e0000 - 0x00000254b96e3000 	C:\Users\ipenk\.openjfx\cache\17.0.2-ea\api-ms-win-core-rtlsupport-l1-1-0.dll
0x00000254b96f0000 - 0x00000254b96f3000 	C:\Users\ipenk\.openjfx\cache\17.0.2-ea\api-ms-win-core-string-l1-1-0.dll
0x00000254b9700000 - 0x00000254b9703000 	C:\Users\ipenk\.openjfx\cache\17.0.2-ea\api-ms-win-core-synch-l1-1-0.dll
0x00000254b9710000 - 0x00000254b9713000 	C:\Users\ipenk\.openjfx\cache\17.0.2-ea\api-ms-win-core-synch-l1-2-0.dll
0x00000254b9720000 - 0x00000254b9723000 	C:\Users\ipenk\.openjfx\cache\17.0.2-ea\api-ms-win-core-sysinfo-l1-1-0.dll
0x00000254b9730000 - 0x00000254b9733000 	C:\Users\ipenk\.openjfx\cache\17.0.2-ea\api-ms-win-core-timezone-l1-1-0.dll
0x00000254b9740000 - 0x00000254b9743000 	C:\Users\ipenk\.openjfx\cache\17.0.2-ea\api-ms-win-core-util-l1-1-0.dll
0x00000254b9750000 - 0x00000254b9753000 	C:\Users\ipenk\.openjfx\cache\17.0.2-ea\api-ms-win-crt-conio-l1-1-0.dll
0x00000254b9760000 - 0x00000254b9764000 	C:\Users\ipenk\.openjfx\cache\17.0.2-ea\api-ms-win-crt-convert-l1-1-0.dll
0x00000254b9770000 - 0x00000254b9773000 	C:\Users\ipenk\.openjfx\cache\17.0.2-ea\api-ms-win-crt-environment-l1-1-0.dll
0x00000254b9780000 - 0x00000254b9783000 	C:\Users\ipenk\.openjfx\cache\17.0.2-ea\api-ms-win-crt-filesystem-l1-1-0.dll
0x00000254b9790000 - 0x00000254b9793000 	C:\Users\ipenk\.openjfx\cache\17.0.2-ea\api-ms-win-crt-heap-l1-1-0.dll
0x00000254b97a0000 - 0x00000254b97a3000 	C:\Users\ipenk\.openjfx\cache\17.0.2-ea\api-ms-win-crt-locale-l1-1-0.dll
0x00000254b97b0000 - 0x00000254b97b5000 	C:\Users\ipenk\.openjfx\cache\17.0.2-ea\api-ms-win-crt-math-l1-1-0.dll
0x00000254b97c0000 - 0x00000254b97c5000 	C:\Users\ipenk\.openjfx\cache\17.0.2-ea\api-ms-win-crt-multibyte-l1-1-0.dll
0x00000254b97d0000 - 0x00000254b97e0000 	C:\Users\ipenk\.openjfx\cache\17.0.2-ea\api-ms-win-crt-private-l1-1-0.dll
0x00000254b97e0000 - 0x00000254b97e3000 	C:\Users\ipenk\.openjfx\cache\17.0.2-ea\api-ms-win-crt-process-l1-1-0.dll
0x00000254b97f0000 - 0x00000254b97f4000 	C:\Users\ipenk\.openjfx\cache\17.0.2-ea\api-ms-win-crt-runtime-l1-1-0.dll
0x00000254bac00000 - 0x00000254bac04000 	C:\Users\ipenk\.openjfx\cache\17.0.2-ea\api-ms-win-crt-stdio-l1-1-0.dll
0x00000254bac10000 - 0x00000254bac14000 	C:\Users\ipenk\.openjfx\cache\17.0.2-ea\api-ms-win-crt-string-l1-1-0.dll
0x00000254bac20000 - 0x00000254bac23000 	C:\Users\ipenk\.openjfx\cache\17.0.2-ea\api-ms-win-crt-time-l1-1-0.dll
0x00000254bac30000 - 0x00000254bac33000 	C:\Users\ipenk\.openjfx\cache\17.0.2-ea\api-ms-win-crt-utility-l1-1-0.dll
0x00007ffe70780000 - 0x00007ffe7087c000 	C:\Users\ipenk\.openjfx\cache\17.0.2-ea\ucrtbase.dll
0x00007ffe73ff0000 - 0x00007ffe7400a000 	C:\Users\ipenk\.openjfx\cache\17.0.2-ea\vcruntime140.dll
0x00007ffe7d710000 - 0x00007ffe7d71c000 	C:\Users\ipenk\.openjfx\cache\17.0.2-ea\vcruntime140_1.dll
0x00007ffe70e10000 - 0x00007ffe70e9d000 	C:\Users\ipenk\.openjfx\cache\17.0.2-ea\msvcp140.dll
0x00007ffe71250000 - 0x00007ffe7127a000 	C:\Users\ipenk\.openjfx\cache\17.0.2-ea\prism_d3d.dll
0x00007ffe7d120000 - 0x00007ffe7d2c6000 	C:\Windows\system32\d3d9.dll
0x00007ffe88d70000 - 0x00007ffe88d9f000 	C:\Windows\SYSTEM32\dwmapi.dll
0x00007ffe88cd0000 - 0x00007ffe88d08000 	C:\Windows\SYSTEM32\dxcore.dll
0x00007ffe88a20000 - 0x00007ffe88acc000 	C:\Windows\system32\uxtheme.dll
0x00007ffe86290000 - 0x00007ffe862d4000 	C:\Windows\SYSTEM32\directxdatabasehelper.dll
0x00007ffe8a560000 - 0x00007ffe8a594000 	C:\Windows\SYSTEM32\ntmarta.dll
0x00007ffe8ad00000 - 0x00007ffe8ad12000 	C:\Windows\SYSTEM32\msasn1.dll
0x00007ffe81ee0000 - 0x00007ffe81f11000 	C:\Windows\SYSTEM32\cryptnet.dll
0x00007ffe8b9a0000 - 0x00007ffe8bb02000 	C:\Windows\System32\CRYPT32.dll
0x00007ffe8abc0000 - 0x00007ffe8abcc000 	C:\Windows\SYSTEM32\cryptbase.dll
0x00007ffe8bb90000 - 0x00007ffe8bbf8000 	C:\Windows\System32\WINTRUST.DLL
0x00007ffe8bfb0000 - 0x00007ffe8bfcf000 	C:\Windows\System32\imagehlp.dll
0x00007ffe8acb0000 - 0x00007ffe8acc8000 	C:\Windows\SYSTEM32\CRYPTSP.dll
0x00007ffe8a4a0000 - 0x00007ffe8a4d5000 	C:\Windows\system32\rsaenh.dll
0x00007ffe8adf0000 - 0x00007ffe8ae17000 	C:\Windows\SYSTEM32\bcrypt.dll
0x00007ffe70f00000 - 0x00007ffe70f42000 	C:\Users\ipenk\.openjfx\cache\17.0.2-ea\glass.dll
0x00007ffe8d0a0000 - 0x00007ffe8d18c000 	C:\Windows\System32\COMDLG32.dll
0x00007ffe8be10000 - 0x00007ffe8bfaa000 	C:\Windows\System32\ole32.dll
0x00007ffe8d6a0000 - 0x00007ffe8d776000 	C:\Windows\System32\OLEAUT32.dll
0x00007ffe8d520000 - 0x00007ffe8d63d000 	C:\Windows\System32\MSCTF.dll
0x00007ffe47710000 - 0x00007ffe47815000 	C:\Windows\System32\DriverStore\FileRepository\nvcvegpu.inf_amd64_2bc940d470dbe09b\nvldumdx.dll
0x00007ffe39e20000 - 0x00007ffe3ba6a000 	C:\Windows\System32\DriverStore\FileRepository\nvcvegpu.inf_amd64_2bc940d470dbe09b\nvd3dumx.dll
0x00007ffe8aa40000 - 0x00007ffe8aa64000 	C:\Windows\SYSTEM32\gpapi.dll
0x00007ffe6c3f0000 - 0x00007ffe6c59c000 	C:\Windows\System32\DriverStore\FileRepository\iigd_dch.inf_amd64_7510514be791188f\igdumdim64.dll
0x00007ffdecbc0000 - 0x00007ffdf1424000 	C:\Windows\System32\DriverStore\FileRepository\iigd_dch.inf_amd64_7510514be791188f\igd9dxva64.dll
0x00007ffe8cbd0000 - 0x00007ffe8d03c000 	C:\Windows\System32\SETUPAPI.dll
0x00007ffe8b0e0000 - 0x00007ffe8b12c000 	C:\Windows\SYSTEM32\cfgmgr32.dll
0x00007ffe7d2d0000 - 0x00007ffe7d6d9000 	C:\Windows\System32\DriverStore\FileRepository\iigd_dch.inf_amd64_7510514be791188f\igdgmm64.dll
0x00007ffe88880000 - 0x00007ffe888a7000 	C:\Windows\System32\DriverStore\FileRepository\iigd_dch.inf_amd64_7510514be791188f\igdinfo64.dll
0x00007ffe74be0000 - 0x00007ffe79264000 	C:\Windows\System32\DriverStore\FileRepository\iigd_dch.inf_amd64_7510514be791188f\igc64.dll
0x00007ffe8a020000 - 0x00007ffe8a108000 	C:\Windows\SYSTEM32\DNSAPI.dll
0x00007ffe89ff0000 - 0x00007ffe8a01d000 	C:\Windows\SYSTEM32\IPHLPAPI.DLL
0x00007ffe8cbc0000 - 0x00007ffe8cbc9000 	C:\Windows\System32\NSI.dll
0x00007ffe7f220000 - 0x00007ffe7f22a000 	C:\Windows\System32\rasadhlp.dll
0x00007ffe83410000 - 0x00007ffe83491000 	C:\Windows\System32\fwpuclnt.dll
0x00007ffe71230000 - 0x00007ffe71244000 	C:\Users\ipenk\.openjfx\cache\17.0.2-ea\javafx_font.dll

dbghelp: loaded successfully - version: 4.0.5 - missing functions: none
symbol engine: initialized successfully - sym options: 0x614 - pdb path: .;C:\Users\ipenk\.jdks\corretto-17.0.4.1\bin;C:\Windows\SYSTEM32;C:\Windows\WinSxS\amd64_microsoft.windows.common-controls_6595b64144ccf1df_6.0.22000.120_none_9d947278b86cc467;C:\Users\ipenk\.jdks\corretto-17.0.4.1\bin\server;C:\Program Files\JetBrains\IntelliJ IDEA 2022.2.1\bin;C:\Users\ipenk\.openjfx\cache\17.0.2-ea;C:\Windows\System32\DriverStore\FileRepository\nvcvegpu.inf_amd64_2bc940d470dbe09b;C:\Windows\System32\DriverStore\FileRepository\iigd_dch.inf_amd64_7510514be791188f;C:\Program Files\Common Files\Microsoft Shared\Ink

VM Arguments:
jvm_args: -javaagent:C:\Program Files\JetBrains\IntelliJ IDEA 2022.2.1\lib\idea_rt.jar=63878:C:\Program Files\JetBrains\IntelliJ IDEA 2022.2.1\bin -Dfile.encoding=UTF-8 --module-path=C:\Users\ipenk\.m2\repository\org\openjfx\javafx-base\17.0.2\javafx-base-17.0.2-win.jar;C:\Users\ipenk\.m2\repository\org\openjfx\javafx-graphics\17.0.2\javafx-graphics-17.0.2-win.jar;C:\Users\ipenk\.m2\repository\org\openjfx\javafx-fxml\17.0.2\javafx-fxml-17.0.2-win.jar;C:\Users\ipenk\.m2\repository\org\openjfx\javafx-controls\17.0.2\javafx-controls-17.0.2-win.jar;D:\messengerAppGUI\target\classes -Djdk.module.main=messenger.messengerappgui 
java_command: messenger.messengerappgui/messenger.messengerappgui.Application
java_class_path (initial): C:\Users\ipenk\.m2\repository\org\openjfx\javafx-controls\17.0.2\javafx-controls-17.0.2.jar;C:\Users\ipenk\.m2\repository\org\openjfx\javafx-graphics\17.0.2\javafx-graphics-17.0.2.jar;C:\Users\ipenk\.m2\repository\org\openjfx\javafx-base\17.0.2\javafx-base-17.0.2.jar;C:\Users\ipenk\.m2\repository\org\openjfx\javafx-fxml\17.0.2\javafx-fxml-17.0.2.jar
Launcher Type: SUN_STANDARD

[Global flags]
     intx CICompilerCount                          = 4                                         {product} {ergonomic}
     uint ConcGCThreads                            = 3                                         {product} {ergonomic}
     uint G1ConcRefinementThreads                  = 10                                        {product} {ergonomic}
   size_t G1HeapRegionSize                         = 2097152                                   {product} {ergonomic}
    uintx GCDrainStackTargetSize                   = 64                                        {product} {ergonomic}
   size_t InitialHeapSize                          = 266338304                                 {product} {ergonomic}
   size_t MarkStackSize                            = 4194304                                   {product} {ergonomic}
   size_t MaxHeapSize                              = 4238344192                                {product} {ergonomic}
   size_t MaxNewSize                               = 2541748224                                {product} {ergonomic}
   size_t MinHeapDeltaBytes                        = 2097152                                   {product} {ergonomic}
   size_t MinHeapSize                              = 8388608                                   {product} {ergonomic}
    uintx NonNMethodCodeHeapSize                   = 5839372                                {pd product} {ergonomic}
    uintx NonProfiledCodeHeapSize                  = 122909434                              {pd product} {ergonomic}
    uintx ProfiledCodeHeapSize                     = 122909434                              {pd product} {ergonomic}
    uintx ReservedCodeCacheSize                    = 251658240                              {pd product} {ergonomic}
     bool SegmentedCodeCache                       = true                                      {product} {ergonomic}
   size_t SoftMaxHeapSize                          = 4238344192                             {manageable} {ergonomic}
     bool UseCompressedClassPointers               = true                           {product lp64_product} {ergonomic}
     bool UseCompressedOops                        = true                           {product lp64_product} {ergonomic}
     bool UseG1GC                                  = true                                      {product} {ergonomic}
     bool UseLargePagesIndividualAllocation        = false                                  {pd product} {ergonomic}

Logging:
Log output configuration:
 #0: stdout all=off uptime,level,tags
 #1: stderr all=off uptime,level,tags

Environment Variables:
PATH=C:\Program Files\Common Files\Oracle\Java\javapath;C:\Windows\system32;C:\Windows;C:\Windows\System32\Wbem;C:\Windows\System32\WindowsPowerShell\v1.0\;C:\Windows\System32\OpenSSH\;C:\Program Files\Git\cmd;D:\JavaDev\Maven\apache-maven-3.8.6-bin\apache-maven-3.8.6\bin;C:\Program Files (x86)\dotnet\;D:\DataBase\sqlite3;C:\Users\ipenk\AppData\Local\Microsoft\WindowsApps;
USERNAME=Igor
OS=Windows_NT
PROCESSOR_IDENTIFIER=Intel64 Family 6 Model 141 Stepping 1, GenuineIntel
TMP=C:\Users\ipenk\AppData\Local\Temp
TEMP=C:\Users\ipenk\AppData\Local\Temp



---------------  S Y S T E M  ---------------

OS:
 Windows 11 , 64 bit Build 22000 (10.0.22000.1219)
OS uptime: 0 days 17:47 hours
Hyper-V role detected

CPU: total 12 (initial active 12) (6 cores per cpu, 2 threads per core) family 6 model 141 stepping 1 microcode 0x34, cx8, cmov, fxsr, ht, mmx, 3dnowpref, sse, sse2, sse3, ssse3, sse4.1, sse4.2, popcnt, lzcnt, tsc, tscinvbit, avx, avx2, aes, erms, clmul, bmi1, bmi2, adx, avx512f, avx512dq, avx512cd, avx512bw, avx512vl, sha, fma, vzeroupper, avx512_vpopcntdq, avx512_vpclmulqdq, avx512_vaes, avx512_vnni, clflush, clflushopt, clwb, avx512_vbmi2, avx512_vbmi, hv

Memory: 4k page, system-wide physical 16163M (5218M free)
TotalPageFile size 26403M (AvailPageFile size 9014M)
current process WorkingSet (physical memory assigned to process): 187M, peak: 187M
current process commit charge ("private bytes"): 472M, peak: 484M

vm_info: OpenJDK 64-Bit Server VM (17.0.4.1+9-LTS) for windows-amd64 JRE (17.0.4.1+9-LTS), built on Aug 12 2022 17:33:36 by "Administrator" with MS VC++ 15.9 (VS2017)

END.
