#
# A fatal error has been detected by the Java Runtime Environment:
#
#  EXCEPTION_ACCESS_VIOLATION (0xc0000005) at pc=0x00007ff9532e6ab7, pid=24728, tid=25568
#
# JRE version: OpenJDK Runtime Environment Corretto-17.0.4.9.1 (17.0.4.1+9) (build 17.0.4.1+9-LTS)
# Java VM: OpenJDK 64-Bit Server VM Corretto-17.0.4.9.1 (17.0.4.1+9-LTS, mixed mode, sharing, tiered, compressed oops, compressed class ptrs, g1 gc, windows-amd64)
# Problematic frame:
# C  [glass.dll+0x26ab7]
#
# No core dump will be written. Minidumps are not enabled by default on client versions of Windows
#
# If you would like to submit a bug report, please visit:
#   https://github.com/corretto/corretto-17/issues/
#

---------------  S U M M A R Y ------------

Command Line: -javaagent:C:\Program Files\JetBrains\IntelliJ IDEA 2022.2.1\lib\idea_rt.jar=53836:C:\Program Files\JetBrains\IntelliJ IDEA 2022.2.1\bin -Dfile.encoding=UTF-8 --module-path=C:\Users\ipenk\.m2\repository\org\openjfx\javafx-fxml\17.0.2\javafx-fxml-17.0.2-win.jar;C:\Users\ipenk\.m2\repository\org\openjfx\javafx-graphics\17.0.2\javafx-graphics-17.0.2-win.jar;C:\Users\ipenk\.m2\repository\org\openjfx\javafx-base\17.0.2\javafx-base-17.0.2-win.jar;C:\Users\ipenk\.m2\repository\org\openjfx\javafx-controls\17.0.2\javafx-controls-17.0.2-win.jar;D:\messengerAppGUI\target\classes -Djdk.module.main=messenger.messengerappgui messenger.messengerappgui/messenger.messengerappgui.Application

Host: 11th Gen Intel(R) Core(TM) i5-11400H @ 2.70GHz, 12 cores, 15G,  Windows 11 , 64 bit Build 22000 (10.0.22000.1219)
Time: Tue Nov 29 17:27:31 2022 RTZ 2 (s 11 , 64 bit Build 22000 (10.0.22000.1219) elapsed time: 35.690514 seconds (0d 0h 0m 35s)

---------------  T H R E A D  ---------------

Current thread (0x00000188a0a520e0):  VMThread "VM Thread" [stack: 0x0000007982200000,0x0000007982300000] [id=25568]

Stack: [0x0000007982200000,0x0000007982300000],  sp=0x00000079822ff400,  free space=1021k
Native frames: (J=compiled Java code, j=interpreted, Vv=VM code, C=native code)
C  [glass.dll+0x26ab7]


siginfo: EXCEPTION_ACCESS_VIOLATION (0xc0000005), reading address 0x0000000000000000


Register to memory mapping:

RIP=0x00007ff9532e6ab7 glass.dll
RAX=0x0 is NULL
RBX=0x00000188a0a6a6b0 is a global jni handle
RCX=0x00000188a0a520e0 points into unknown readable memory: 0x00007ff94cb61dc0 | c0 1d b6 4c f9 7f 00 00
RDX=0x00000079822ff400 points into unknown readable memory: 0x0000000000000000 | 00 00 00 00 00 00 00 00
RSP=0x00000079822ff400 points into unknown readable memory: 0x0000000000000000 | 00 00 00 00 00 00 00 00
RBP=0x00000188a2205f98 points into unknown readable memory: 0x0000039e527b27be | be 27 7b 52 9e 03 00 00
RSI=0x00000188a2205f70 points into unknown readable memory: 0x00001c6006b0a819 | 19 a8 b0 06 60 1c 00 00
RDI=0x0000039e527b27be is an unknown value
R8 =0x0000000000010002 is an unknown value
R9 =0x0000039e527b27be is an unknown value
R10=0x85f13e9656da4870 is an unknown value
R11=0x00000079822ff390 points into unknown readable memory: 0x00000188a2205f70 | 70 5f 20 a2 88 01 00 00
R12=0x00007ff9532e4384 glass.dll
R13=0x0000000000000001 is an unknown value
R14=0x00000079822ff508 points into unknown readable memory: 0x00000079822ff4f0 | f0 f4 2f 82 79 00 00 00
R15=0x00000188a2205f70 points into unknown readable memory: 0x00001c6006b0a819 | 19 a8 b0 06 60 1c 00 00


Registers:
RAX=0x0000000000000000, RBX=0x00000188a0a6a6b0, RCX=0x00000188a0a520e0, RDX=0x00000079822ff400
RSP=0x00000079822ff400, RBP=0x00000188a2205f98, RSI=0x00000188a2205f70, RDI=0x0000039e527b27be
R8 =0x0000000000010002, R9 =0x0000039e527b27be, R10=0x85f13e9656da4870, R11=0x00000079822ff390
R12=0x00007ff9532e4384, R13=0x0000000000000001, R14=0x00000079822ff508, R15=0x00000188a2205f70
RIP=0x00007ff9532e6ab7, EFLAGS=0x0000000000010202

Top of Stack: (sp=0x00000079822ff400)
0x00000079822ff400:   0000000000000000 00000188a2205f70
0x00000079822ff410:   0000000000000001 00007ff9532e4384
0x00000079822ff420:   00000188a2205f78 00007ff96bcebea0
0x00000079822ff430:   0000039e527b27be 0000018800000000
0x00000079822ff440:   00000188a2205f98 00000188a2205f70
0x00000079822ff450:   fffffffffffffffe 0000000000000000
0x00000079822ff460:   0000000000000001 00007ff9532c0000
0x00000079822ff470:   00000079822ff4f8 00007ff96bcebdb7
0x00000079822ff480:   0000000000000000 00000079822ff508
0x00000079822ff490:   00000079822ff7f0 00007ff96bdd12b0
0x00000079822ff4a0:   0000000000000001 00007ff96bcebd6d
0x00000079822ff4b0:   0000000000000000 0000000000000001
0x00000079822ff4c0:   0000000000000000 00000079822ff4f8
0x00000079822ff4d0:   fffffffffffffffe 0000000000000000
0x00000079822ff4e0:   0000000000000000 00007ff9532e4211
0x00000079822ff4f0:   00007ff9532fa138 0000000000000002 

Instructions: (pc=0x00007ff9532e6ab7)
0x00007ff9532e69b7:   8b 4d 58 e8 01 cf ff ff 48 8b 4d 60 e8 f8 ce ff
0x00007ff9532e69c7:   ff 48 8b 95 80 00 00 00 48 8b 8d 18 01 00 00 e8
0x00007ff9532e69d7:   c6 c3 ff ff 33 d2 33 c9 e8 3c e1 ff ff 90 48 89
0x00007ff9532e69e7:   54 24 10 55 48 83 ec 20 48 8b ea 48 b8 00 00 00
0x00007ff9532e69f7:   00 00 00 00 00 48 83 c4 20 5d c3 cc 40 55 48 8b
0x00007ff9532e6a07:   ea 48 8b 01 33 c9 81 38 05 00 00 c0 0f 94 c1 8b
0x00007ff9532e6a17:   c1 5d c3 cc 40 55 48 83 ec 20 48 8b ea 8a 4d 40
0x00007ff9532e6a27:   48 83 c4 20 5d e9 f7 d2 ff ff cc 40 55 48 83 ec
0x00007ff9532e6a37:   20 48 8b ea 8a 4d 20 e8 e5 d2 ff ff 90 48 83 c4
0x00007ff9532e6a47:   20 5d c3 cc 40 55 48 83 ec 20 48 8b ea 48 83 c4
0x00007ff9532e6a57:   20 5d e9 46 d1 ff ff cc 40 55 48 83 ec 30 48 8b
0x00007ff9532e6a67:   ea 48 8b 01 8b 10 48 89 4c 24 28 89 54 24 20 4c
0x00007ff9532e6a77:   8d 0d e7 d5 ff ff 4c 8b 45 70 8b 55 68 48 8b 4d
0x00007ff9532e6a87:   60 e8 87 d0 ff ff 90 48 83 c4 30 5d c3 cc cc cc
0x00007ff9532e6a97:   cc cc cc cc cc cc cc cc cc 40 53 48 83 ec 20 48
0x00007ff9532e6aa7:   8b 1d 83 30 01 00 48 85 db 74 16 e8 09 8b ff ff
0x00007ff9532e6ab7:   4c 8b 00 48 8b d3 48 8b c8 41 ff 90 b0 00 00 00
0x00007ff9532e6ac7:   90 48 83 c4 20 5b c3 cc cc 40 53 48 83 ec 20 48
0x00007ff9532e6ad7:   8b 1d fb 31 01 00 48 85 db 74 57 b8 ff ff ff ff
0x00007ff9532e6ae7:   f0 0f c1 43 10 83 f8 01 75 3d 48 85 db 74 38 48
0x00007ff9532e6af7:   8b 0b 48 85 c9 74 0d ff 15 a4 07 00 00 48 c7 03
0x00007ff9532e6b07:   00 00 00 00 48 8b 4b 08 48 85 c9 74 0d e8 a7 cd
0x00007ff9532e6b17:   ff ff 48 c7 43 08 00 00 00 00 ba 18 00 00 00 48
0x00007ff9532e6b27:   8b cb e8 92 cd ff ff 48 c7 05 9f 31 01 00 00 00
0x00007ff9532e6b37:   00 00 48 83 c4 20 5b c3 cc 40 53 48 83 ec 20 48
0x00007ff9532e6b47:   8b 1d 6b 31 01 00 48 85 db 74 57 b8 ff ff ff ff
0x00007ff9532e6b57:   f0 0f c1 43 10 83 f8 01 75 3d 48 85 db 74 38 48
0x00007ff9532e6b67:   8b 0b 48 85 c9 74 0d ff 15 34 07 00 00 48 c7 03
0x00007ff9532e6b77:   00 00 00 00 48 8b 4b 08 48 85 c9 74 0d e8 37 cd
0x00007ff9532e6b87:   ff ff 48 c7 43 08 00 00 00 00 ba 18 00 00 00 48
0x00007ff9532e6b97:   8b cb e8 22 cd ff ff 48 c7 05 0f 31 01 00 00 00
0x00007ff9532e6ba7:   00 00 48 83 c4 20 5b c3 cc 40 53 48 83 ec 20 48 


Stack slot to memory mapping:
stack at sp + 0 slots: 0x0 is NULL
stack at sp + 1 slots: 0x00000188a2205f70 points into unknown readable memory: 0x00001c6006b0a819 | 19 a8 b0 06 60 1c 00 00
stack at sp + 2 slots: 0x0000000000000001 is an unknown value
stack at sp + 3 slots: 0x00007ff9532e4384 glass.dll
stack at sp + 4 slots: 0x00000188a2205f78 points into unknown readable memory: 0x0000039e527b27be | be 27 7b 52 9e 03 00 00
stack at sp + 5 slots: 0x00007ff96bcebea0 ucrtbase.dll
stack at sp + 6 slots: 0x0000039e527b27be is an unknown value
stack at sp + 7 slots: 0x0000018800000000 is an unknown value

VM_Operation (0x00000079833ff080): Exit, mode: safepoint, requested by thread 0x00000188a2eda550


---------------  P R O C E S S  ---------------

Threads class SMR info:
_java_thread_list=0x00000188a2ad7ab0, length=21, elements={
0x00000188fd5ffbb0, 0x00000188a0a59840, 0x00000188a0a5a3f0, 0x00000188a0a719c0,
0x00000188a0a72370, 0x00000188a0a73d30, 0x00000188a0a746e0, 0x00000188a0a77890,
0x00000188a0a82350, 0x00000188a0a84d50, 0x00000188a14b8d20, 0x00000188a1e45440,
0x00000188a1e45910, 0x00000188a22ed0a0, 0x00000188a1ce9250, 0x00000188a1abc0d0,
0x00000188a2c9b450, 0x00000188a1e62dd0, 0x00000188a2ed9bb0, 0x00000188a2ed83a0,
0x00000188a2eda550
}

Java Threads: ( => current thread )
  0x00000188fd5ffbb0 JavaThread "main" [_thread_blocked, id=19540, stack(0x0000007981c00000,0x0000007981d00000)]
  0x00000188a0a59840 JavaThread "Reference Handler" daemon [_thread_blocked, id=30956, stack(0x0000007982300000,0x0000007982400000)]
  0x00000188a0a5a3f0 JavaThread "Finalizer" daemon [_thread_blocked, id=23460, stack(0x0000007982400000,0x0000007982500000)]
  0x00000188a0a719c0 JavaThread "Signal Dispatcher" daemon [_thread_blocked, id=11628, stack(0x0000007982500000,0x0000007982600000)]
  0x00000188a0a72370 JavaThread "Attach Listener" daemon [_thread_blocked, id=29704, stack(0x0000007982600000,0x0000007982700000)]
  0x00000188a0a73d30 JavaThread "Service Thread" daemon [_thread_blocked, id=12980, stack(0x0000007982700000,0x0000007982800000)]
  0x00000188a0a746e0 JavaThread "Monitor Deflation Thread" daemon [_thread_blocked, id=28136, stack(0x0000007982800000,0x0000007982900000)]
  0x00000188a0a77890 JavaThread "C2 CompilerThread0" daemon [_thread_blocked, id=25544, stack(0x0000007982900000,0x0000007982a00000)]
  0x00000188a0a82350 JavaThread "C1 CompilerThread0" daemon [_thread_blocked, id=22928, stack(0x0000007982a00000,0x0000007982b00000)]
  0x00000188a0a84d50 JavaThread "Sweeper thread" daemon [_thread_blocked, id=27952, stack(0x0000007982b00000,0x0000007982c00000)]
  0x00000188a14b8d20 JavaThread "Common-Cleaner" daemon [_thread_blocked, id=31352, stack(0x0000007982c00000,0x0000007982d00000)]
  0x00000188a1e45440 JavaThread "Monitor Ctrl-Break" daemon [_thread_in_native, id=16232, stack(0x0000007982f00000,0x0000007983000000)]
  0x00000188a1e45910 JavaThread "Notification Thread" daemon [_thread_blocked, id=29660, stack(0x0000007983000000,0x0000007983100000)]
  0x00000188a22ed0a0 JavaThread "QuantumRenderer-0" daemon [_thread_blocked, id=25948, stack(0x0000007983200000,0x0000007983300000)]
  0x00000188a1ce9250 JavaThread "InvokeLaterDispatcher" daemon [_thread_blocked, id=28408, stack(0x0000007983400000,0x0000007983500000)]
  0x00000188a1abc0d0 JavaThread "JavaFX Application Thread" [_thread_in_native, id=28464, stack(0x0000007983500000,0x0000007983600000)]
  0x00000188a2c9b450 JavaThread "JavaFX-Launcher" [_thread_blocked, id=21552, stack(0x0000007982e00000,0x0000007982f00000)]
  0x00000188a1e62dd0 JavaThread "Thread-2" daemon [_thread_in_native, id=21432, stack(0x0000007982d00000,0x0000007982e00000)]
  0x00000188a2ed9bb0 JavaThread "Prism Font Disposer" daemon [_thread_blocked, id=30676, stack(0x0000007984100000,0x0000007984200000)]
  0x00000188a2ed83a0 JavaThread "Cleaner-0" daemon [_thread_blocked, id=19808, stack(0x0000007984240000,0x0000007984340000)]
  0x00000188a2eda550 JavaThread "SIGINT handler" daemon [_thread_blocked, id=10688, stack(0x0000007983300000,0x0000007983400000)]

Other Threads:
=>0x00000188a0a520e0 VMThread "VM Thread" [stack: 0x0000007982200000,0x0000007982300000] [id=25568]
  0x00000188fd668eb0 GCTaskThread "GC Thread#0" [stack: 0x0000007981d00000,0x0000007981e00000] [id=26376]
  0x00000188a2ce3cb0 GCTaskThread "GC Thread#1" [stack: 0x0000007983800000,0x0000007983900000] [id=24780]
  0x00000188a1523f80 GCTaskThread "GC Thread#2" [stack: 0x0000007983900000,0x0000007983a00000] [id=9284]
  0x00000188a2dcee60 GCTaskThread "GC Thread#3" [stack: 0x0000007983a00000,0x0000007983b00000] [id=30140]
  0x00000188a2d239a0 GCTaskThread "GC Thread#4" [stack: 0x0000007983b00000,0x0000007983c00000] [id=17800]
  0x00000188a2cf3c10 GCTaskThread "GC Thread#5" [stack: 0x0000007983c00000,0x0000007983d00000] [id=25896]
  0x00000188aadc8420 GCTaskThread "GC Thread#6" [stack: 0x0000007984350000,0x0000007984450000] [id=3092]
  0x00000188aadc8c30 GCTaskThread "GC Thread#7" [stack: 0x0000007984450000,0x0000007984550000] [id=27248]
  0x00000188aadc7ec0 GCTaskThread "GC Thread#8" [stack: 0x0000007984550000,0x0000007984650000] [id=19648]
  0x00000188aadc8ee0 GCTaskThread "GC Thread#9" [stack: 0x0000007984650000,0x0000007984750000] [id=28096]
  0x00000188fb42dec0 ConcurrentGCThread "G1 Main Marker" terminated
  0x00000188fb42e8d0 ConcurrentGCThread "G1 Conc#0" [stack: 0x0000007981f00000,0x0000007982000000] [id=11084]
  0x00000188a09124d0 ConcurrentGCThread "G1 Refine#0" terminated
  0x00000188a0912ef0 ConcurrentGCThread "G1 Service" terminated

Threads with active compile tasks:

VM state: at safepoint (shutting down)

VM Mutex/Monitor currently owned by a thread:  ([mutex/lock_event])
[0x00000188fd5fca30] Threads_lock - owner thread: 0x00000188a0a520e0
[0x00000188fd5fb290] Heap_lock - owner thread: 0x00000188a2eda550

Heap address: 0x0000000703600000, size: 4042 MB, Compressed Oops mode: Zero based, Oop shift amount: 3

CDS archive(s) mapped at: [0x0000000800000000-0x0000000800bc0000-0x0000000800bc0000), size 12320768, SharedBaseAddress: 0x0000000800000000, ArchiveRelocationMode: 0.
Compressed class space mapped at: 0x0000000800c00000-0x0000000840c00000, reserved size: 1073741824
Narrow klass base: 0x0000000800000000, Narrow klass shift: 0, Narrow klass range: 0x100000000

GC Precious Log:
 CPUs: 12 total, 12 available
 Memory: 16163M
 Large Page Support: Disabled
 NUMA Support: Disabled
 Compressed Oops: Enabled (Zero based)
 Heap Region Size: 2M
 Heap Min Capacity: 8M
 Heap Initial Capacity: 254M
 Heap Max Capacity: 4042M
 Pre-touch: Disabled
 Parallel Workers: 10
 Concurrent Workers: 3
 Concurrent Refinement Workers: 10
 Periodic GC: Disabled

Heap:
 garbage-first heap   total 260096K, used 19765K [0x0000000703600000, 0x0000000800000000)
  region size 2048K, 9 young (18432K), 3 survivors (6144K)
 Metaspace       used 16086K, committed 16384K, reserved 1064960K
  class space    used 2259K, committed 2432K, reserved 1048576K

Heap Regions: E=young(eden), S=young(survivor), O=old, HS=humongous(starts), HC=humongous(continues), CS=collection set, F=free, OA=open archive, CA=closed archive, TAMS=top-at-mark-start (previous, next)
|   0|0x0000000703600000, 0x0000000703800000, 0x0000000703800000|100%|HS|  |TAMS 0x0000000703600000, 0x0000000703600000| Complete 
|   1|0x0000000703800000, 0x000000070394d600, 0x0000000703a00000| 65%| O|  |TAMS 0x0000000703800000, 0x0000000703800000| Untracked 
|   2|0x0000000703a00000, 0x0000000703a00000, 0x0000000703c00000|  0%| F|  |TAMS 0x0000000703a00000, 0x0000000703a00000| Untracked 
|   3|0x0000000703c00000, 0x0000000703c00000, 0x0000000703e00000|  0%| F|  |TAMS 0x0000000703c00000, 0x0000000703c00000| Untracked 
|   4|0x0000000703e00000, 0x0000000703e00000, 0x0000000704000000|  0%| F|  |TAMS 0x0000000703e00000, 0x0000000703e00000| Untracked 
|   5|0x0000000704000000, 0x0000000704000000, 0x0000000704200000|  0%| F|  |TAMS 0x0000000704000000, 0x0000000704000000| Untracked 
|   6|0x0000000704200000, 0x0000000704200000, 0x0000000704400000|  0%| F|  |TAMS 0x0000000704200000, 0x0000000704200000| Untracked 
|   7|0x0000000704400000, 0x0000000704400000, 0x0000000704600000|  0%| F|  |TAMS 0x0000000704400000, 0x0000000704400000| Untracked 
|   8|0x0000000704600000, 0x0000000704600000, 0x0000000704800000|  0%| F|  |TAMS 0x0000000704600000, 0x0000000704600000| Untracked 
|   9|0x0000000704800000, 0x0000000704800000, 0x0000000704a00000|  0%| F|  |TAMS 0x0000000704800000, 0x0000000704800000| Untracked 
|  10|0x0000000704a00000, 0x0000000704a00000, 0x0000000704c00000|  0%| F|  |TAMS 0x0000000704a00000, 0x0000000704a00000| Untracked 
|  11|0x0000000704c00000, 0x0000000704c00000, 0x0000000704e00000|  0%| F|  |TAMS 0x0000000704c00000, 0x0000000704c00000| Untracked 
|  12|0x0000000704e00000, 0x0000000704e00000, 0x0000000705000000|  0%| F|  |TAMS 0x0000000704e00000, 0x0000000704e00000| Untracked 
|  13|0x0000000705000000, 0x0000000705000000, 0x0000000705200000|  0%| F|  |TAMS 0x0000000705000000, 0x0000000705000000| Untracked 
|  14|0x0000000705200000, 0x0000000705200000, 0x0000000705400000|  0%| F|  |TAMS 0x0000000705200000, 0x0000000705200000| Untracked 
|  15|0x0000000705400000, 0x0000000705400000, 0x0000000705600000|  0%| F|  |TAMS 0x0000000705400000, 0x0000000705400000| Untracked 
|  16|0x0000000705600000, 0x0000000705600000, 0x0000000705800000|  0%| F|  |TAMS 0x0000000705600000, 0x0000000705600000| Untracked 
|  17|0x0000000705800000, 0x0000000705800000, 0x0000000705a00000|  0%| F|  |TAMS 0x0000000705800000, 0x0000000705800000| Untracked 
|  18|0x0000000705a00000, 0x0000000705a00000, 0x0000000705c00000|  0%| F|  |TAMS 0x0000000705a00000, 0x0000000705a00000| Untracked 
|  19|0x0000000705c00000, 0x0000000705c00000, 0x0000000705e00000|  0%| F|  |TAMS 0x0000000705c00000, 0x0000000705c00000| Untracked 
|  20|0x0000000705e00000, 0x0000000705e00000, 0x0000000706000000|  0%| F|  |TAMS 0x0000000705e00000, 0x0000000705e00000| Untracked 
|  21|0x0000000706000000, 0x0000000706000000, 0x0000000706200000|  0%| F|  |TAMS 0x0000000706000000, 0x0000000706000000| Untracked 
|  22|0x0000000706200000, 0x0000000706200000, 0x0000000706400000|  0%| F|  |TAMS 0x0000000706200000, 0x0000000706200000| Untracked 
|  23|0x0000000706400000, 0x0000000706400000, 0x0000000706600000|  0%| F|  |TAMS 0x0000000706400000, 0x0000000706400000| Untracked 
|  24|0x0000000706600000, 0x0000000706600000, 0x0000000706800000|  0%| F|  |TAMS 0x0000000706600000, 0x0000000706600000| Untracked 
|  25|0x0000000706800000, 0x0000000706800000, 0x0000000706a00000|  0%| F|  |TAMS 0x0000000706800000, 0x0000000706800000| Untracked 
|  26|0x0000000706a00000, 0x0000000706a00000, 0x0000000706c00000|  0%| F|  |TAMS 0x0000000706a00000, 0x0000000706a00000| Untracked 
|  27|0x0000000706c00000, 0x0000000706c00000, 0x0000000706e00000|  0%| F|  |TAMS 0x0000000706c00000, 0x0000000706c00000| Untracked 
|  28|0x0000000706e00000, 0x0000000706e00000, 0x0000000707000000|  0%| F|  |TAMS 0x0000000706e00000, 0x0000000706e00000| Untracked 
|  29|0x0000000707000000, 0x0000000707000000, 0x0000000707200000|  0%| F|  |TAMS 0x0000000707000000, 0x0000000707000000| Untracked 
|  30|0x0000000707200000, 0x0000000707200000, 0x0000000707400000|  0%| F|  |TAMS 0x0000000707200000, 0x0000000707200000| Untracked 
|  31|0x0000000707400000, 0x0000000707400000, 0x0000000707600000|  0%| F|  |TAMS 0x0000000707400000, 0x0000000707400000| Untracked 
|  32|0x0000000707600000, 0x0000000707600000, 0x0000000707800000|  0%| F|  |TAMS 0x0000000707600000, 0x0000000707600000| Untracked 
|  33|0x0000000707800000, 0x0000000707800000, 0x0000000707a00000|  0%| F|  |TAMS 0x0000000707800000, 0x0000000707800000| Untracked 
|  34|0x0000000707a00000, 0x0000000707a00000, 0x0000000707c00000|  0%| F|  |TAMS 0x0000000707a00000, 0x0000000707a00000| Untracked 
|  35|0x0000000707c00000, 0x0000000707c00000, 0x0000000707e00000|  0%| F|  |TAMS 0x0000000707c00000, 0x0000000707c00000| Untracked 
|  36|0x0000000707e00000, 0x0000000707e00000, 0x0000000708000000|  0%| F|  |TAMS 0x0000000707e00000, 0x0000000707e00000| Untracked 
|  37|0x0000000708000000, 0x0000000708000000, 0x0000000708200000|  0%| F|  |TAMS 0x0000000708000000, 0x0000000708000000| Untracked 
|  38|0x0000000708200000, 0x0000000708200000, 0x0000000708400000|  0%| F|  |TAMS 0x0000000708200000, 0x0000000708200000| Untracked 
|  39|0x0000000708400000, 0x0000000708400000, 0x0000000708600000|  0%| F|  |TAMS 0x0000000708400000, 0x0000000708400000| Untracked 
|  40|0x0000000708600000, 0x0000000708600000, 0x0000000708800000|  0%| F|  |TAMS 0x0000000708600000, 0x0000000708600000| Untracked 
|  41|0x0000000708800000, 0x0000000708800000, 0x0000000708a00000|  0%| F|  |TAMS 0x0000000708800000, 0x0000000708800000| Untracked 
|  42|0x0000000708a00000, 0x0000000708a00000, 0x0000000708c00000|  0%| F|  |TAMS 0x0000000708a00000, 0x0000000708a00000| Untracked 
|  43|0x0000000708c00000, 0x0000000708c00000, 0x0000000708e00000|  0%| F|  |TAMS 0x0000000708c00000, 0x0000000708c00000| Untracked 
|  44|0x0000000708e00000, 0x0000000708e00000, 0x0000000709000000|  0%| F|  |TAMS 0x0000000708e00000, 0x0000000708e00000| Untracked 
|  45|0x0000000709000000, 0x0000000709000000, 0x0000000709200000|  0%| F|  |TAMS 0x0000000709000000, 0x0000000709000000| Untracked 
|  46|0x0000000709200000, 0x0000000709200000, 0x0000000709400000|  0%| F|  |TAMS 0x0000000709200000, 0x0000000709200000| Untracked 
|  47|0x0000000709400000, 0x0000000709400000, 0x0000000709600000|  0%| F|  |TAMS 0x0000000709400000, 0x0000000709400000| Untracked 
|  48|0x0000000709600000, 0x0000000709600000, 0x0000000709800000|  0%| F|  |TAMS 0x0000000709600000, 0x0000000709600000| Untracked 
|  49|0x0000000709800000, 0x0000000709800000, 0x0000000709a00000|  0%| F|  |TAMS 0x0000000709800000, 0x0000000709800000| Untracked 
|  50|0x0000000709a00000, 0x0000000709a00000, 0x0000000709c00000|  0%| F|  |TAMS 0x0000000709a00000, 0x0000000709a00000| Untracked 
|  51|0x0000000709c00000, 0x0000000709c00000, 0x0000000709e00000|  0%| F|  |TAMS 0x0000000709c00000, 0x0000000709c00000| Untracked 
|  52|0x0000000709e00000, 0x0000000709e00000, 0x000000070a000000|  0%| F|  |TAMS 0x0000000709e00000, 0x0000000709e00000| Untracked 
|  53|0x000000070a000000, 0x000000070a000000, 0x000000070a200000|  0%| F|  |TAMS 0x000000070a000000, 0x000000070a000000| Untracked 
|  54|0x000000070a200000, 0x000000070a200000, 0x000000070a400000|  0%| F|  |TAMS 0x000000070a200000, 0x000000070a200000| Untracked 
|  55|0x000000070a400000, 0x000000070a400000, 0x000000070a600000|  0%| F|  |TAMS 0x000000070a400000, 0x000000070a400000| Untracked 
|  56|0x000000070a600000, 0x000000070a600000, 0x000000070a800000|  0%| F|  |TAMS 0x000000070a600000, 0x000000070a600000| Untracked 
|  57|0x000000070a800000, 0x000000070a800000, 0x000000070aa00000|  0%| F|  |TAMS 0x000000070a800000, 0x000000070a800000| Untracked 
|  58|0x000000070aa00000, 0x000000070aa00000, 0x000000070ac00000|  0%| F|  |TAMS 0x000000070aa00000, 0x000000070aa00000| Untracked 
|  59|0x000000070ac00000, 0x000000070ac00000, 0x000000070ae00000|  0%| F|  |TAMS 0x000000070ac00000, 0x000000070ac00000| Untracked 
|  60|0x000000070ae00000, 0x000000070ae00000, 0x000000070b000000|  0%| F|  |TAMS 0x000000070ae00000, 0x000000070ae00000| Untracked 
|  61|0x000000070b000000, 0x000000070b000000, 0x000000070b200000|  0%| F|  |TAMS 0x000000070b000000, 0x000000070b000000| Untracked 
|  62|0x000000070b200000, 0x000000070b200000, 0x000000070b400000|  0%| F|  |TAMS 0x000000070b200000, 0x000000070b200000| Untracked 
|  63|0x000000070b400000, 0x000000070b400000, 0x000000070b600000|  0%| F|  |TAMS 0x000000070b400000, 0x000000070b400000| Untracked 
|  64|0x000000070b600000, 0x000000070b600000, 0x000000070b800000|  0%| F|  |TAMS 0x000000070b600000, 0x000000070b600000| Untracked 
|  65|0x000000070b800000, 0x000000070b800000, 0x000000070ba00000|  0%| F|  |TAMS 0x000000070b800000, 0x000000070b800000| Untracked 
|  66|0x000000070ba00000, 0x000000070ba00000, 0x000000070bc00000|  0%| F|  |TAMS 0x000000070ba00000, 0x000000070ba00000| Untracked 
|  67|0x000000070bc00000, 0x000000070bc00000, 0x000000070be00000|  0%| F|  |TAMS 0x000000070bc00000, 0x000000070bc00000| Untracked 
|  68|0x000000070be00000, 0x000000070be00000, 0x000000070c000000|  0%| F|  |TAMS 0x000000070be00000, 0x000000070be00000| Untracked 
|  69|0x000000070c000000, 0x000000070c000000, 0x000000070c200000|  0%| F|  |TAMS 0x000000070c000000, 0x000000070c000000| Untracked 
|  70|0x000000070c200000, 0x000000070c200000, 0x000000070c400000|  0%| F|  |TAMS 0x000000070c200000, 0x000000070c200000| Untracked 
|  71|0x000000070c400000, 0x000000070c400000, 0x000000070c600000|  0%| F|  |TAMS 0x000000070c400000, 0x000000070c400000| Untracked 
|  72|0x000000070c600000, 0x000000070c600000, 0x000000070c800000|  0%| F|  |TAMS 0x000000070c600000, 0x000000070c600000| Untracked 
|  73|0x000000070c800000, 0x000000070c800000, 0x000000070ca00000|  0%| F|  |TAMS 0x000000070c800000, 0x000000070c800000| Untracked 
|  74|0x000000070ca00000, 0x000000070ca00000, 0x000000070cc00000|  0%| F|  |TAMS 0x000000070ca00000, 0x000000070ca00000| Untracked 
|  75|0x000000070cc00000, 0x000000070cc00000, 0x000000070ce00000|  0%| F|  |TAMS 0x000000070cc00000, 0x000000070cc00000| Untracked 
|  76|0x000000070ce00000, 0x000000070ce00000, 0x000000070d000000|  0%| F|  |TAMS 0x000000070ce00000, 0x000000070ce00000| Untracked 
|  77|0x000000070d000000, 0x000000070d000000, 0x000000070d200000|  0%| F|  |TAMS 0x000000070d000000, 0x000000070d000000| Untracked 
|  78|0x000000070d200000, 0x000000070d200000, 0x000000070d400000|  0%| F|  |TAMS 0x000000070d200000, 0x000000070d200000| Untracked 
|  79|0x000000070d400000, 0x000000070d400000, 0x000000070d600000|  0%| F|  |TAMS 0x000000070d400000, 0x000000070d400000| Untracked 
|  80|0x000000070d600000, 0x000000070d600000, 0x000000070d800000|  0%| F|  |TAMS 0x000000070d600000, 0x000000070d600000| Untracked 
|  81|0x000000070d800000, 0x000000070d800000, 0x000000070da00000|  0%| F|  |TAMS 0x000000070d800000, 0x000000070d800000| Untracked 
|  82|0x000000070da00000, 0x000000070da00000, 0x000000070dc00000|  0%| F|  |TAMS 0x000000070da00000, 0x000000070da00000| Untracked 
|  83|0x000000070dc00000, 0x000000070dc00000, 0x000000070de00000|  0%| F|  |TAMS 0x000000070dc00000, 0x000000070dc00000| Untracked 
|  84|0x000000070de00000, 0x000000070de00000, 0x000000070e000000|  0%| F|  |TAMS 0x000000070de00000, 0x000000070de00000| Untracked 
|  85|0x000000070e000000, 0x000000070e000000, 0x000000070e200000|  0%| F|  |TAMS 0x000000070e000000, 0x000000070e000000| Untracked 
|  86|0x000000070e200000, 0x000000070e200000, 0x000000070e400000|  0%| F|  |TAMS 0x000000070e200000, 0x000000070e200000| Untracked 
|  87|0x000000070e400000, 0x000000070e400000, 0x000000070e600000|  0%| F|  |TAMS 0x000000070e400000, 0x000000070e400000| Untracked 
|  88|0x000000070e600000, 0x000000070e600000, 0x000000070e800000|  0%| F|  |TAMS 0x000000070e600000, 0x000000070e600000| Untracked 
|  89|0x000000070e800000, 0x000000070e800000, 0x000000070ea00000|  0%| F|  |TAMS 0x000000070e800000, 0x000000070e800000| Untracked 
|  90|0x000000070ea00000, 0x000000070ea00000, 0x000000070ec00000|  0%| F|  |TAMS 0x000000070ea00000, 0x000000070ea00000| Untracked 
|  91|0x000000070ec00000, 0x000000070ec00000, 0x000000070ee00000|  0%| F|  |TAMS 0x000000070ec00000, 0x000000070ec00000| Untracked 
|  92|0x000000070ee00000, 0x000000070ee00000, 0x000000070f000000|  0%| F|  |TAMS 0x000000070ee00000, 0x000000070ee00000| Untracked 
|  93|0x000000070f000000, 0x000000070f000000, 0x000000070f200000|  0%| F|  |TAMS 0x000000070f000000, 0x000000070f000000| Untracked 
|  94|0x000000070f200000, 0x000000070f200000, 0x000000070f400000|  0%| F|  |TAMS 0x000000070f200000, 0x000000070f200000| Untracked 
|  95|0x000000070f400000, 0x000000070f400000, 0x000000070f600000|  0%| F|  |TAMS 0x000000070f400000, 0x000000070f400000| Untracked 
|  96|0x000000070f600000, 0x000000070f600000, 0x000000070f800000|  0%| F|  |TAMS 0x000000070f600000, 0x000000070f600000| Untracked 
|  97|0x000000070f800000, 0x000000070f800000, 0x000000070fa00000|  0%| F|  |TAMS 0x000000070f800000, 0x000000070f800000| Untracked 
|  98|0x000000070fa00000, 0x000000070fa00000, 0x000000070fc00000|  0%| F|  |TAMS 0x000000070fa00000, 0x000000070fa00000| Untracked 
|  99|0x000000070fc00000, 0x000000070fc00000, 0x000000070fe00000|  0%| F|  |TAMS 0x000000070fc00000, 0x000000070fc00000| Untracked 
| 100|0x000000070fe00000, 0x000000070fe00000, 0x0000000710000000|  0%| F|  |TAMS 0x000000070fe00000, 0x000000070fe00000| Untracked 
| 101|0x0000000710000000, 0x0000000710000000, 0x0000000710200000|  0%| F|  |TAMS 0x0000000710000000, 0x0000000710000000| Untracked 
| 102|0x0000000710200000, 0x0000000710200000, 0x0000000710400000|  0%| F|  |TAMS 0x0000000710200000, 0x0000000710200000| Untracked 
| 103|0x0000000710400000, 0x0000000710400000, 0x0000000710600000|  0%| F|  |TAMS 0x0000000710400000, 0x0000000710400000| Untracked 
| 104|0x0000000710600000, 0x0000000710800000, 0x0000000710800000|100%| S|CS|TAMS 0x0000000710600000, 0x0000000710600000| Complete 
| 105|0x0000000710800000, 0x0000000710a00000, 0x0000000710a00000|100%| S|CS|TAMS 0x0000000710800000, 0x0000000710800000| Complete 
| 106|0x0000000710a00000, 0x0000000710c00000, 0x0000000710c00000|100%| S|CS|TAMS 0x0000000710a00000, 0x0000000710a00000| Complete 
| 107|0x0000000710c00000, 0x0000000710c00000, 0x0000000710e00000|  0%| F|  |TAMS 0x0000000710c00000, 0x0000000710c00000| Untracked 
| 108|0x0000000710e00000, 0x0000000710e00000, 0x0000000711000000|  0%| F|  |TAMS 0x0000000710e00000, 0x0000000710e00000| Untracked 
| 109|0x0000000711000000, 0x0000000711000000, 0x0000000711200000|  0%| F|  |TAMS 0x0000000711000000, 0x0000000711000000| Untracked 
| 110|0x0000000711200000, 0x0000000711200000, 0x0000000711400000|  0%| F|  |TAMS 0x0000000711200000, 0x0000000711200000| Untracked 
| 111|0x0000000711400000, 0x0000000711400000, 0x0000000711600000|  0%| F|  |TAMS 0x0000000711400000, 0x0000000711400000| Untracked 
| 112|0x0000000711600000, 0x0000000711600000, 0x0000000711800000|  0%| F|  |TAMS 0x0000000711600000, 0x0000000711600000| Untracked 
| 113|0x0000000711800000, 0x0000000711800000, 0x0000000711a00000|  0%| F|  |TAMS 0x0000000711800000, 0x0000000711800000| Untracked 
| 114|0x0000000711a00000, 0x0000000711a00000, 0x0000000711c00000|  0%| F|  |TAMS 0x0000000711a00000, 0x0000000711a00000| Untracked 
| 115|0x0000000711c00000, 0x0000000711c00000, 0x0000000711e00000|  0%| F|  |TAMS 0x0000000711c00000, 0x0000000711c00000| Untracked 
| 116|0x0000000711e00000, 0x0000000711e00000, 0x0000000712000000|  0%| F|  |TAMS 0x0000000711e00000, 0x0000000711e00000| Untracked 
| 117|0x0000000712000000, 0x0000000712000000, 0x0000000712200000|  0%| F|  |TAMS 0x0000000712000000, 0x0000000712000000| Untracked 
| 118|0x0000000712200000, 0x0000000712200000, 0x0000000712400000|  0%| F|  |TAMS 0x0000000712200000, 0x0000000712200000| Untracked 
| 119|0x0000000712400000, 0x0000000712400000, 0x0000000712600000|  0%| F|  |TAMS 0x0000000712400000, 0x0000000712400000| Untracked 
| 120|0x0000000712600000, 0x0000000712600000, 0x0000000712800000|  0%| F|  |TAMS 0x0000000712600000, 0x0000000712600000| Untracked 
| 121|0x0000000712800000, 0x00000007128f9b10, 0x0000000712a00000| 48%| E|  |TAMS 0x0000000712800000, 0x0000000712800000| Complete 
| 122|0x0000000712a00000, 0x0000000712c00000, 0x0000000712c00000|100%| E|CS|TAMS 0x0000000712a00000, 0x0000000712a00000| Complete 
| 123|0x0000000712c00000, 0x0000000712e00000, 0x0000000712e00000|100%| E|CS|TAMS 0x0000000712c00000, 0x0000000712c00000| Complete 
| 124|0x0000000712e00000, 0x0000000713000000, 0x0000000713000000|100%| E|CS|TAMS 0x0000000712e00000, 0x0000000712e00000| Complete 
| 125|0x0000000713000000, 0x0000000713200000, 0x0000000713200000|100%| E|CS|TAMS 0x0000000713000000, 0x0000000713000000| Complete 
| 126|0x0000000713200000, 0x0000000713400000, 0x0000000713400000|100%| E|CS|TAMS 0x0000000713200000, 0x0000000713200000| Complete 

Card table byte_map: [0x00000188fe420000,0x00000188fec10000] _byte_map_base: 0x00000188fac05000

Marking Bits (Prev, Next): (CMBitMap*) 0x00000188fd6694c0, (CMBitMap*) 0x00000188fd669500
 Prev Bits: [0x0000018896a30000, 0x000001889a958000)
 Next Bits: [0x000001889a960000, 0x000001889e888000)

Polling page: 0x00000188fb570000

Metaspace:

Usage:
  Non-class:     13.50 MB used.
      Class:      2.21 MB used.
       Both:     15.71 MB used.

Virtual space:
  Non-class space:       16.00 MB reserved,      13.63 MB ( 85%) committed,  2 nodes.
      Class space:        1.00 GB reserved,       2.38 MB ( <1%) committed,  1 nodes.
             Both:        1.02 GB reserved,      16.00 MB (  2%) committed. 

Chunk freelists:
   Non-Class:  1.95 MB
       Class:  1.68 MB
        Both:  3.64 MB

MaxMetaspaceSize: unlimited
CompressedClassSpaceSize: 1.00 GB
Initial GC threshold: 21.00 MB
Current GC threshold: 21.00 MB
CDS: on
MetaspaceReclaimPolicy: balanced
 - commit_granule_bytes: 65536.
 - commit_granule_words: 8192.
 - virtual_space_node_default_size: 1048576.
 - enlarge_chunks_in_place: 1.
 - new_chunks_are_fully_committed: 0.
 - uncommit_free_chunks: 1.
 - use_allocation_guard: 0.
 - handle_deallocations: 1.


Internal statistics:

num_allocs_failed_limit: 0.
num_arena_births: 212.
num_arena_deaths: 0.
num_vsnodes_births: 3.
num_vsnodes_deaths: 0.
num_space_committed: 256.
num_space_uncommitted: 0.
num_chunks_returned_to_freelist: 0.
num_chunks_taken_from_freelist: 748.
num_chunk_merges: 0.
num_chunk_splits: 493.
num_chunks_enlarged: 375.
num_purges: 0.
num_inconsistent_stats: 0.

CodeHeap 'non-profiled nmethods': size=120000Kb used=1188Kb max_used=1188Kb free=118811Kb
 bounds [0x000001888f500000, 0x000001888f770000, 0x0000018896a30000]
CodeHeap 'profiled nmethods': size=120000Kb used=5605Kb max_used=5605Kb free=114394Kb
 bounds [0x0000018887fd0000, 0x0000018888550000, 0x000001888f500000]
CodeHeap 'non-nmethods': size=5760Kb used=1439Kb max_used=1503Kb free=4320Kb
 bounds [0x0000018887a30000, 0x0000018887ca0000, 0x0000018887fd0000]
 total_blobs=3752 nmethods=2965 adapters=698
 compilation: enabled
              stopped_count=0, restarted_count=0
 full_count=0

Compilation events (20 events):
Event: 17.720 Thread 0x00000188a0a82350 2958       3       com.sun.prism.GraphicsPipeline::getPipeline (4 bytes)
Event: 17.720 Thread 0x00000188a0a82350 nmethod 2958 0x0000018888543310 code [0x00000188885434a0, 0x0000018888543598]
Event: 17.752 Thread 0x00000188a0a82350 2959       3       com.sun.javafx.tk.quantum.QuantumRenderer::checkRendererIdle (147 bytes)
Event: 17.752 Thread 0x00000188a0a82350 nmethod 2959 0x0000018888543610 code [0x00000188885437a0, 0x00000188885438b8]
Event: 17.756 Thread 0x00000188a0a82350 2960       3       com.sun.javafx.scene.NodeHelper::pickNodeLocalImpl (12 bytes)
Event: 17.756 Thread 0x00000188a0a82350 nmethod 2960 0x0000018888543990 code [0x0000018888543b40, 0x0000018888543da8]
Event: 17.756 Thread 0x00000188a0a82350 2961       3       javafx.scene.Node$1::doPickNodeLocal (7 bytes)
Event: 17.756 Thread 0x00000188a0a82350 nmethod 2961 0x0000018888543f10 code [0x00000188885440c0, 0x0000018888544268]
Event: 17.760 Thread 0x00000188a0a82350 2962       3       com.sun.javafx.event.EventRedirector::dispatchCapturingEvent (52 bytes)
Event: 17.760 Thread 0x00000188a0a82350 nmethod 2962 0x0000018888544390 code [0x0000018888544580, 0x0000018888544c08]
Event: 17.760 Thread 0x00000188a0a82350 2963       3       com.sun.javafx.event.EventRedirector::redirectEvent (97 bytes)
Event: 17.760 Thread 0x00000188a0a82350 nmethod 2963 0x0000018888544d90 code [0x0000018888544fe0, 0x0000018888545b38]
Event: 17.760 Thread 0x00000188a0a82350 2964       3       java.util.concurrent.CopyOnWriteArrayList::isEmpty (13 bytes)
Event: 17.760 Thread 0x00000188a0a82350 nmethod 2964 0x0000018888545e90 code [0x0000018888546040, 0x0000018888546238]
Event: 17.760 Thread 0x00000188a0a82350 2965       3       com.sun.javafx.event.BasicEventDispatcher::dispatchCapturingEvent (2 bytes)
Event: 17.760 Thread 0x00000188a0a82350 nmethod 2965 0x0000018888546310 code [0x00000188885464a0, 0x00000188885465b8]
Event: 17.796 Thread 0x00000188a0a82350 2966   !   3       javafx.scene.Node::sceneToLocal (13 bytes)
Event: 17.796 Thread 0x00000188a0a82350 nmethod 2966 0x0000018888546690 code [0x0000018888546840, 0x00000188885469c8]
Event: 17.820 Thread 0x00000188a0a82350 2967       3       javafx.scene.Node::preprocessMouseEvent (114 bytes)
Event: 17.821 Thread 0x00000188a0a82350 nmethod 2967 0x0000018888546a90 code [0x0000018888546e60, 0x0000018888548f28]

GC Heap History (4 events):
Event: 0.530 GC heap before
{Heap before GC invocations=0 (full 0):
 garbage-first heap   total 260096K, used 20480K [0x0000000703600000, 0x0000000800000000)
  region size 2048K, 11 young (22528K), 0 survivors (0K)
 Metaspace       used 5182K, committed 5312K, reserved 1056768K
  class space    used 607K, committed 640K, reserved 1048576K
}
Event: 0.533 GC heap after
{Heap after GC invocations=1 (full 0):
 garbage-first heap   total 260096K, used 2726K [0x0000000703600000, 0x0000000800000000)
  region size 2048K, 2 young (4096K), 2 survivors (4096K)
 Metaspace       used 5182K, committed 5312K, reserved 1056768K
  class space    used 607K, committed 640K, reserved 1048576K
}
Event: 1.865 GC heap before
{Heap before GC invocations=1 (full 0):
 garbage-first heap   total 260096K, used 41638K [0x0000000703600000, 0x0000000800000000)
  region size 2048K, 20 young (40960K), 2 survivors (4096K)
 Metaspace       used 14730K, committed 14976K, reserved 1064960K
  class space    used 2091K, committed 2240K, reserved 1048576K
}
Event: 1.870 GC heap after
{Heap after GC invocations=2 (full 0):
 garbage-first heap   total 260096K, used 9525K [0x0000000703600000, 0x0000000800000000)
  region size 2048K, 3 young (6144K), 3 survivors (6144K)
 Metaspace       used 14730K, committed 14976K, reserved 1064960K
  class space    used 2091K, committed 2240K, reserved 1048576K
}

Deoptimization events (20 events):
Event: 1.929 Thread 0x00000188a22ed0a0 DEOPT PACKING pc=0x00000188882ab7f2 sp=0x00000079832fdc70
Event: 1.929 Thread 0x00000188a22ed0a0 DEOPT UNPACKING pc=0x0000018887a86763 sp=0x00000079832fd170 mode 0
Event: 1.929 Thread 0x00000188a22ed0a0 DEOPT PACKING pc=0x0000018888282ab8 sp=0x00000079832fd740
Event: 1.929 Thread 0x00000188a22ed0a0 DEOPT UNPACKING pc=0x0000018887a86763 sp=0x00000079832fcaf8 mode 0
Event: 3.217 Thread 0x00000188a22ed0a0 DEOPT PACKING pc=0x000001888838254a sp=0x00000079832fdd10
Event: 3.217 Thread 0x00000188a22ed0a0 DEOPT UNPACKING pc=0x0000018887a86763 sp=0x00000079832fd148 mode 0
Event: 3.219 Thread 0x00000188a22ed0a0 DEOPT PACKING pc=0x0000018888382a59 sp=0x00000079832fd860
Event: 3.219 Thread 0x00000188a22ed0a0 DEOPT UNPACKING pc=0x0000018887a86763 sp=0x00000079832fcc98 mode 0
Event: 4.686 Thread 0x00000188a1abc0d0 Uncommon trap: trap_request=0xffffff45 fr.pc=0x000001888f54576c relative=0x000000000000044c
Event: 4.686 Thread 0x00000188a1abc0d0 Uncommon trap: reason=unstable_if action=reinterpret pc=0x000001888f54576c method=java.lang.StringLatin1.canEncode(I)Z @ 4 c2
Event: 4.686 Thread 0x00000188a1abc0d0 DEOPT PACKING pc=0x000001888f54576c sp=0x00000079835fa630
Event: 4.686 Thread 0x00000188a1abc0d0 DEOPT UNPACKING pc=0x0000018887a85c23 sp=0x00000079835fa558 mode 2
Event: 4.802 Thread 0x00000188a1abc0d0 Uncommon trap: trap_request=0xffffff45 fr.pc=0x000001888f55b8f8 relative=0x0000000000000458
Event: 4.802 Thread 0x00000188a1abc0d0 Uncommon trap: reason=unstable_if action=reinterpret pc=0x000001888f55b8f8 method=java.lang.AbstractStringBuilder.append(C)Ljava/lang/AbstractStringBuilder; @ 21 c2
Event: 4.802 Thread 0x00000188a1abc0d0 DEOPT PACKING pc=0x000001888f55b8f8 sp=0x00000079835fa5d0
Event: 4.802 Thread 0x00000188a1abc0d0 DEOPT UNPACKING pc=0x0000018887a85c23 sp=0x00000079835fa5b0 mode 2
Event: 9.864 Thread 0x00000188a1abc0d0 Uncommon trap: trap_request=0xffffff45 fr.pc=0x000001888f555a04 relative=0x0000000000001064
Event: 9.864 Thread 0x00000188a1abc0d0 Uncommon trap: reason=unstable_if action=reinterpret pc=0x000001888f555a04 method=java.util.concurrent.ConcurrentHashMap.putVal(Ljava/lang/Object;Ljava/lang/Object;Z)Ljava/lang/Object; @ 231 c2
Event: 9.864 Thread 0x00000188a1abc0d0 DEOPT PACKING pc=0x000001888f555a04 sp=0x00000079835f7bd0
Event: 9.864 Thread 0x00000188a1abc0d0 DEOPT UNPACKING pc=0x0000018887a85c23 sp=0x00000079835f7b40 mode 2

Classes unloaded (0 events):
No events

Classes redefined (0 events):
No events

Internal exceptions (20 events):
Event: 0.623 Thread 0x00000188a1abc0d0 Exception <a 'java/lang/ClassNotFoundException'{0x0000000712b82c88}: com/sun/glass/ui/win/themes_ru_RU> (0x0000000712b82c88) 
thrown [s\src\hotspot\share\prims\jni.cpp, line 535]
Event: 0.669 Thread 0x00000188a1abc0d0 Exception <a 'java/lang/NoSuchMethodError'{0x00000007124639a8}: 'void java.lang.invoke.DirectMethodHandle$Holder.invokeStaticInit(java.lang.Object, java.lang.Object)'> (0x00000007124639a8) 
thrown [s\src\hotspot\share\interpreter\linkResolver.cpp, line 759]
Event: 0.672 Thread 0x00000188a1abc0d0 Exception <a 'java/lang/NoSuchMethodError'{0x0000000712498ef0}: 'void java.lang.invoke.DirectMethodHandle$Holder.invokeSpecial(java.lang.Object, java.lang.Object, java.lang.Object, java.lang.Object, java.lang.Object)'> (0x0000000712498ef0) 
thrown [s\src\hotspot\share\interpreter\linkResolver.cpp, line 759]
Event: 0.679 Thread 0x00000188a1abc0d0 Exception <a 'sun/nio/fs/WindowsException'{0x000000071254f150}> (0x000000071254f150) 
thrown [s\src\hotspot\share\prims\jni.cpp, line 516]
Event: 0.734 Thread 0x00000188a1abc0d0 Implicit null exception at 0x000001888f562e0e to 0x000001888f5631bc
Event: 0.734 Thread 0x00000188a1abc0d0 Implicit null exception at 0x000001888f561a8e to 0x000001888f561e20
Event: 0.780 Thread 0x00000188a1abc0d0 Implicit null exception at 0x000001888f519f8f to 0x000001888f51a009
Event: 0.792 Thread 0x00000188a1abc0d0 Exception <a 'java/lang/NoSuchMethodError'{0x000000071188c820}: 'java.lang.Object java.lang.invoke.DirectMethodHandle$Holder.invokeInterface(java.lang.Object, java.lang.Object, java.lang.Object)'> (0x000000071188c820) 
thrown [s\src\hotspot\share\interpreter\linkResolver.cpp, line 759]
Event: 0.793 Thread 0x00000188a1abc0d0 Exception <a 'java/lang/IncompatibleClassChangeError'{0x00000007118901a8}: Found class java.lang.Object, but interface was expected> (0x00000007118901a8) 
thrown [s\src\hotspot\share\interpreter\linkResolver.cpp, line 826]
Event: 0.820 Thread 0x00000188a1abc0d0 Exception <a 'java/lang/NoSuchMethodError'{0x000000071161b850}: 'java.lang.Object java.lang.invoke.DirectMethodHandle$Holder.newInvokeSpecial(java.lang.Object, java.lang.Object, int)'> (0x000000071161b850) 
thrown [s\src\hotspot\share\interpreter\linkResolver.cpp, line 759]
Event: 0.849 Thread 0x00000188a22ed0a0 Exception <a 'java/lang/NoSuchMethodError'{0x00000007117adc08}: 'int java.lang.invoke.DirectMethodHandle$Holder.invokeStaticInit(java.lang.Object, java.lang.Object)'> (0x00000007117adc08) 
thrown [s\src\hotspot\share\interpreter\linkResolver.cpp, line 759]
Event: 0.861 Thread 0x00000188a22ed0a0 Exception <a 'java/lang/NoSuchMethodError'{0x000000071144db28}: 'java.lang.Object java.lang.invoke.DirectMethodHandle$Holder.invokeStaticInit(java.lang.Object, int)'> (0x000000071144db28) 
thrown [s\src\hotspot\share\interpreter\linkResolver.cpp, line 759]
Event: 1.714 Thread 0x00000188a1abc0d0 Exception <a 'java/lang/NoSuchMethodError'{0x00000007111b6468}: 'long java.lang.invoke.DirectMethodHandle$Holder.invokeStatic(java.lang.Object, java.lang.Object, java.lang.Object)'> (0x00000007111b6468) 
thrown [s\src\hotspot\share\interpreter\linkResolver.cpp, line 759]
Event: 1.714 Thread 0x00000188a1abc0d0 Exception <a 'java/lang/NoSuchMethodError'{0x00000007111b9c10}: 'long java.lang.invoke.DirectMethodHandle$Holder.invokeStaticInit(java.lang.Object, java.lang.Object, java.lang.Object)'> (0x00000007111b9c10) 
thrown [s\src\hotspot\share\interpreter\linkResolver.cpp, line 759]
Event: 1.715 Thread 0x00000188a1abc0d0 Exception <a 'java/lang/NoSuchMethodError'{0x00000007111d1818}: 'java.lang.Object java.lang.invoke.DirectMethodHandle$Holder.newInvokeSpecial(java.lang.Object, java.lang.Object, long)'> (0x00000007111d1818) 
thrown [s\src\hotspot\share\interpreter\linkResolver.cpp, line 759]
Event: 1.715 Thread 0x00000188a1abc0d0 Exception <a 'java/lang/NoSuchMethodError'{0x00000007111d5388}: 'java.lang.Object java.lang.invoke.Invokers$Holder.linkToTargetMethod(java.lang.Object, long, java.lang.Object)'> (0x00000007111d5388) 
thrown [s\src\hotspot\share\interpreter\linkResolver.cpp, line 759]
Event: 1.836 Thread 0x00000188a1abc0d0 Exception <a 'java/lang/ClassNotFoundException'{0x0000000710fcf210}: com/sun/javafx/scene/control/skin/resources/controls> (0x0000000710fcf210) 
thrown [s\src\hotspot\share\prims\jni.cpp, line 535]
Event: 1.837 Thread 0x00000188a1abc0d0 Exception <a 'java/lang/ClassNotFoundException'{0x0000000710fdd480}: com/sun/javafx/scene/control/skin/resources/controls_ru> (0x0000000710fdd480) 
thrown [s\src\hotspot\share\prims\jni.cpp, line 535]
Event: 1.837 Thread 0x00000188a1abc0d0 Exception <a 'java/lang/ClassNotFoundException'{0x0000000710fde6e8}: com/sun/javafx/scene/control/skin/resources/controls_ru_RU> (0x0000000710fde6e8) 
thrown [s\src\hotspot\share\prims\jni.cpp, line 535]
Event: 1.859 Thread 0x00000188a1abc0d0 Exception <a 'java/lang/NoSuchMethodError'{0x0000000710d560c8}: 'void java.lang.invoke.DirectMethodHandle$Holder.invokeSpecial(java.lang.Object, java.lang.Object, java.lang.Object, java.lang.Object, java.lang.Object, java.lang.Object)'> (0x0000000710d560c8) 
thrown [s\src\hotspot\share\interpreter\linkResolver.cpp, line 759]

VM Operations (20 events):
Event: 2.871 Executing VM operation: Cleanup done
Event: 3.872 Executing VM operation: Cleanup
Event: 3.872 Executing VM operation: Cleanup done
Event: 4.872 Executing VM operation: Cleanup
Event: 4.872 Executing VM operation: Cleanup done
Event: 5.873 Executing VM operation: Cleanup
Event: 5.873 Executing VM operation: Cleanup done
Event: 6.873 Executing VM operation: Cleanup
Event: 6.874 Executing VM operation: Cleanup done
Event: 7.874 Executing VM operation: Cleanup
Event: 7.875 Executing VM operation: Cleanup done
Event: 9.875 Executing VM operation: Cleanup
Event: 9.875 Executing VM operation: Cleanup done
Event: 10.875 Executing VM operation: Cleanup
Event: 10.875 Executing VM operation: Cleanup done
Event: 17.879 Executing VM operation: Cleanup
Event: 17.879 Executing VM operation: Cleanup done
Event: 22.880 Executing VM operation: Cleanup
Event: 22.881 Executing VM operation: Cleanup done
Event: 35.170 Executing VM operation: Exit

Events (20 events):
Event: 9.866 loading class sun/util/resources/BreakIteratorResourceBundle
Event: 9.866 loading class sun/util/resources/BreakIteratorResourceBundle done
Event: 9.866 loading class sun/text/resources/BreakIteratorResources done
Event: 9.867 loading class sun/text/RuleBasedBreakIterator
Event: 9.867 loading class sun/text/RuleBasedBreakIterator done
Event: 9.867 loading class sun/text/CompactByteArray
Event: 9.867 loading class sun/text/CompactByteArray done
Event: 9.867 loading class sun/text/SupplementaryCharacterData
Event: 9.867 loading class sun/text/SupplementaryCharacterData done
Event: 9.867 loading class java/text/BreakIterator$BreakIteratorCache
Event: 9.868 loading class java/text/BreakIterator$BreakIteratorCache done
Event: 9.868 loading class java/text/StringCharacterIterator
Event: 9.868 loading class java/text/StringCharacterIterator done
Event: 35.168 loading class jdk/internal/misc/Signal$1
Event: 35.168 loading class jdk/internal/misc/Signal$1 done
Event: 35.168 Thread 0x00000188a2eda550 Thread added: 0x00000188a2eda550
Event: 35.169 Thread 0x00000188a2ed7060 Thread added: 0x00000188a2ed7060
Event: 35.169 Thread 0x00000188a2ed8d40 Thread added: 0x00000188a2ed8d40
Event: 35.169 Thread 0x00000188a2ed7060 Thread exited: 0x00000188a2ed7060
Event: 35.169 Thread 0x00000188a2ed8d40 Thread exited: 0x00000188a2ed8d40


Dynamic libraries:
0x00007ff6b3b20000 - 0x00007ff6b3b2d000 	C:\Users\ipenk\.jdks\corretto-17.0.4.1\bin\java.exe
0x00007ff96e480000 - 0x00007ff96e689000 	C:\Windows\SYSTEM32\ntdll.dll
0x00007ff96dcb0000 - 0x00007ff96dd6e000 	C:\Windows\System32\KERNEL32.DLL
0x00007ff96b950000 - 0x00007ff96bccb000 	C:\Windows\System32\KERNELBASE.dll
0x00007ff96bcd0000 - 0x00007ff96bde1000 	C:\Windows\System32\ucrtbase.dll
0x00007ff968d80000 - 0x00007ff968d98000 	C:\Users\ipenk\.jdks\corretto-17.0.4.1\bin\jli.dll
0x00007ff9680e0000 - 0x00007ff9680f5000 	C:\Users\ipenk\.jdks\corretto-17.0.4.1\bin\VCRUNTIME140.dll
0x00007ff96dd70000 - 0x00007ff96df1d000 	C:\Windows\System32\USER32.dll
0x00007ff96bf60000 - 0x00007ff96bf86000 	C:\Windows\System32\win32u.dll
0x00007ff93b670000 - 0x00007ff93b915000 	C:\Windows\WinSxS\amd64_microsoft.windows.common-controls_6595b64144ccf1df_6.0.22000.120_none_9d947278b86cc467\COMCTL32.dll
0x00007ff96e0b0000 - 0x00007ff96e0d9000 	C:\Windows\System32\GDI32.dll
0x00007ff96dc00000 - 0x00007ff96dca3000 	C:\Windows\System32\msvcrt.dll
0x00007ff96c1e0000 - 0x00007ff96c2f8000 	C:\Windows\System32\gdi32full.dll
0x00007ff96c140000 - 0x00007ff96c1dd000 	C:\Windows\System32\msvcp_win.dll
0x00007ff96e2a0000 - 0x00007ff96e2d2000 	C:\Windows\System32\IMM32.DLL
0x00007ff95bdb0000 - 0x00007ff95be4b000 	C:\Users\ipenk\.jdks\corretto-17.0.4.1\bin\msvcp140.dll
0x00007ff94c1a0000 - 0x00007ff94cdb4000 	C:\Users\ipenk\.jdks\corretto-17.0.4.1\bin\server\jvm.dll
0x00007ff96cb20000 - 0x00007ff96cbce000 	C:\Windows\System32\ADVAPI32.dll
0x00007ff96ce10000 - 0x00007ff96ceae000 	C:\Windows\System32\sechost.dll
0x00007ff96d490000 - 0x00007ff96d5b0000 	C:\Windows\System32\RPCRT4.dll
0x00007ff96dad0000 - 0x00007ff96dad8000 	C:\Windows\System32\PSAPI.DLL
0x00007ff965f90000 - 0x00007ff965fc3000 	C:\Windows\SYSTEM32\WINMM.dll
0x00007ff966070000 - 0x00007ff96607a000 	C:\Windows\SYSTEM32\VERSION.dll
0x00007ff945250000 - 0x00007ff945259000 	C:\Windows\SYSTEM32\WSOCK32.dll
0x00007ff96df20000 - 0x00007ff96df8f000 	C:\Windows\System32\WS2_32.dll
0x00007ff96aa80000 - 0x00007ff96aa98000 	C:\Windows\SYSTEM32\kernel.appcore.dll
0x00007ff968df0000 - 0x00007ff968dfa000 	C:\Users\ipenk\.jdks\corretto-17.0.4.1\bin\jimage.dll
0x00007ff95c8d0000 - 0x00007ff95caf1000 	C:\Windows\SYSTEM32\DBGHELP.DLL
0x00007ff95d3b0000 - 0x00007ff95d3e1000 	C:\Windows\SYSTEM32\dbgcore.DLL
0x00007ff96c0c0000 - 0x00007ff96c13f000 	C:\Windows\System32\bcryptPrimitives.dll
0x00007ff965590000 - 0x00007ff96559e000 	C:\Users\ipenk\.jdks\corretto-17.0.4.1\bin\instrument.dll
0x00007ff9680b0000 - 0x00007ff9680d5000 	C:\Users\ipenk\.jdks\corretto-17.0.4.1\bin\java.dll
0x00007ff9547f0000 - 0x00007ff9548c6000 	C:\Users\ipenk\.jdks\corretto-17.0.4.1\bin\jsvml.dll
0x00007ff96c300000 - 0x00007ff96cab8000 	C:\Windows\System32\SHELL32.dll
0x00007ff969a10000 - 0x00007ff96a275000 	C:\Windows\SYSTEM32\windows.storage.dll
0x00007ff96d690000 - 0x00007ff96da08000 	C:\Windows\System32\combase.dll
0x00007ff9698a0000 - 0x00007ff969a06000 	C:\Windows\SYSTEM32\wintypes.dll
0x00007ff96e350000 - 0x00007ff96e43a000 	C:\Windows\System32\SHCORE.dll
0x00007ff96cac0000 - 0x00007ff96cb1d000 	C:\Windows\System32\shlwapi.dll
0x00007ff96b880000 - 0x00007ff96b8a1000 	C:\Windows\SYSTEM32\profapi.dll
0x00007ff968080000 - 0x00007ff968099000 	C:\Users\ipenk\.jdks\corretto-17.0.4.1\bin\net.dll
0x00007ff965b90000 - 0x00007ff965ca4000 	C:\Windows\SYSTEM32\WINHTTP.dll
0x00007ff96af10000 - 0x00007ff96af77000 	C:\Windows\system32\mswsock.dll
0x00007ff968060000 - 0x00007ff968075000 	C:\Users\ipenk\.jdks\corretto-17.0.4.1\bin\nio.dll
0x00007ff9674d0000 - 0x00007ff9674e8000 	C:\Users\ipenk\.jdks\corretto-17.0.4.1\bin\zip.dll
0x00007ff9536a0000 - 0x00007ff9536ba000 	C:\Program Files\JetBrains\IntelliJ IDEA 2022.2.1\bin\breakgen64.dll
0x00000188a0bc0000 - 0x00000188a0bc3000 	C:\Users\ipenk\.openjfx\cache\17.0.2-ea\api-ms-win-core-console-l1-1-0.dll
0x00000188a0bd0000 - 0x00000188a0bd3000 	C:\Users\ipenk\.openjfx\cache\17.0.2-ea\api-ms-win-core-console-l1-2-0.dll
0x00000188a0be0000 - 0x00000188a0be3000 	C:\Users\ipenk\.openjfx\cache\17.0.2-ea\api-ms-win-core-datetime-l1-1-0.dll
0x00000188a0bf0000 - 0x00000188a0bf3000 	C:\Users\ipenk\.openjfx\cache\17.0.2-ea\api-ms-win-core-debug-l1-1-0.dll
0x00000188a2fd0000 - 0x00000188a2fd3000 	C:\Users\ipenk\.openjfx\cache\17.0.2-ea\api-ms-win-core-errorhandling-l1-1-0.dll
0x00000188a2fe0000 - 0x00000188a2fe4000 	C:\Users\ipenk\.openjfx\cache\17.0.2-ea\api-ms-win-core-file-l1-1-0.dll
0x00000188a2ff0000 - 0x00000188a2ff3000 	C:\Users\ipenk\.openjfx\cache\17.0.2-ea\api-ms-win-core-file-l1-2-0.dll
0x00000188a3000000 - 0x00000188a3003000 	C:\Users\ipenk\.openjfx\cache\17.0.2-ea\api-ms-win-core-file-l2-1-0.dll
0x00000188a3010000 - 0x00000188a3013000 	C:\Users\ipenk\.openjfx\cache\17.0.2-ea\api-ms-win-core-handle-l1-1-0.dll
0x00000188a3380000 - 0x00000188a3383000 	C:\Users\ipenk\.openjfx\cache\17.0.2-ea\api-ms-win-core-heap-l1-1-0.dll
0x00000188a3390000 - 0x00000188a3393000 	C:\Users\ipenk\.openjfx\cache\17.0.2-ea\api-ms-win-core-interlocked-l1-1-0.dll
0x00000188a33a0000 - 0x00000188a33a3000 	C:\Users\ipenk\.openjfx\cache\17.0.2-ea\api-ms-win-core-libraryloader-l1-1-0.dll
0x00000188a3020000 - 0x00000188a3023000 	C:\Users\ipenk\.openjfx\cache\17.0.2-ea\api-ms-win-core-localization-l1-2-0.dll
0x00000188a3030000 - 0x00000188a3033000 	C:\Users\ipenk\.openjfx\cache\17.0.2-ea\api-ms-win-core-memory-l1-1-0.dll
0x00000188a3040000 - 0x00000188a3043000 	C:\Users\ipenk\.openjfx\cache\17.0.2-ea\api-ms-win-core-namedpipe-l1-1-0.dll
0x00000188a3050000 - 0x00000188a3053000 	C:\Users\ipenk\.openjfx\cache\17.0.2-ea\api-ms-win-core-processenvironment-l1-1-0.dll
0x00000188a3060000 - 0x00000188a3063000 	C:\Users\ipenk\.openjfx\cache\17.0.2-ea\api-ms-win-core-processthreads-l1-1-0.dll
0x00000188a3070000 - 0x00000188a3073000 	C:\Users\ipenk\.openjfx\cache\17.0.2-ea\api-ms-win-core-processthreads-l1-1-1.dll
0x00000188a3080000 - 0x00000188a3083000 	C:\Users\ipenk\.openjfx\cache\17.0.2-ea\api-ms-win-core-profile-l1-1-0.dll
0x00000188a3090000 - 0x00000188a3093000 	C:\Users\ipenk\.openjfx\cache\17.0.2-ea\api-ms-win-core-rtlsupport-l1-1-0.dll
0x00000188a30a0000 - 0x00000188a30a3000 	C:\Users\ipenk\.openjfx\cache\17.0.2-ea\api-ms-win-core-string-l1-1-0.dll
0x00000188a30b0000 - 0x00000188a30b3000 	C:\Users\ipenk\.openjfx\cache\17.0.2-ea\api-ms-win-core-synch-l1-1-0.dll
0x00000188a30c0000 - 0x00000188a30c3000 	C:\Users\ipenk\.openjfx\cache\17.0.2-ea\api-ms-win-core-synch-l1-2-0.dll
0x00000188a30d0000 - 0x00000188a30d3000 	C:\Users\ipenk\.openjfx\cache\17.0.2-ea\api-ms-win-core-sysinfo-l1-1-0.dll
0x00000188a30e0000 - 0x00000188a30e3000 	C:\Users\ipenk\.openjfx\cache\17.0.2-ea\api-ms-win-core-timezone-l1-1-0.dll
0x00000188a30f0000 - 0x00000188a30f3000 	C:\Users\ipenk\.openjfx\cache\17.0.2-ea\api-ms-win-core-util-l1-1-0.dll
0x00000188a3100000 - 0x00000188a3103000 	C:\Users\ipenk\.openjfx\cache\17.0.2-ea\api-ms-win-crt-conio-l1-1-0.dll
0x00000188a3110000 - 0x00000188a3114000 	C:\Users\ipenk\.openjfx\cache\17.0.2-ea\api-ms-win-crt-convert-l1-1-0.dll
0x00000188a3360000 - 0x00000188a3363000 	C:\Users\ipenk\.openjfx\cache\17.0.2-ea\api-ms-win-crt-environment-l1-1-0.dll
0x00000188a3370000 - 0x00000188a3373000 	C:\Users\ipenk\.openjfx\cache\17.0.2-ea\api-ms-win-crt-filesystem-l1-1-0.dll
0x00000188a33b0000 - 0x00000188a33b3000 	C:\Users\ipenk\.openjfx\cache\17.0.2-ea\api-ms-win-crt-heap-l1-1-0.dll
0x00000188a33c0000 - 0x00000188a33c3000 	C:\Users\ipenk\.openjfx\cache\17.0.2-ea\api-ms-win-crt-locale-l1-1-0.dll
0x00000188a33d0000 - 0x00000188a33d5000 	C:\Users\ipenk\.openjfx\cache\17.0.2-ea\api-ms-win-crt-math-l1-1-0.dll
0x00000188a33e0000 - 0x00000188a33e5000 	C:\Users\ipenk\.openjfx\cache\17.0.2-ea\api-ms-win-crt-multibyte-l1-1-0.dll
0x00000188a33f0000 - 0x00000188a3400000 	C:\Users\ipenk\.openjfx\cache\17.0.2-ea\api-ms-win-crt-private-l1-1-0.dll
0x00000188a3400000 - 0x00000188a3403000 	C:\Users\ipenk\.openjfx\cache\17.0.2-ea\api-ms-win-crt-process-l1-1-0.dll
0x00000188a3410000 - 0x00000188a3414000 	C:\Users\ipenk\.openjfx\cache\17.0.2-ea\api-ms-win-crt-runtime-l1-1-0.dll
0x00000188a3240000 - 0x00000188a3244000 	C:\Users\ipenk\.openjfx\cache\17.0.2-ea\api-ms-win-crt-stdio-l1-1-0.dll
0x00000188a3250000 - 0x00000188a3254000 	C:\Users\ipenk\.openjfx\cache\17.0.2-ea\api-ms-win-crt-string-l1-1-0.dll
0x00000188a3260000 - 0x00000188a3263000 	C:\Users\ipenk\.openjfx\cache\17.0.2-ea\api-ms-win-crt-time-l1-1-0.dll
0x00000188a3270000 - 0x00000188a3273000 	C:\Users\ipenk\.openjfx\cache\17.0.2-ea\api-ms-win-crt-utility-l1-1-0.dll
0x00007ff94ee40000 - 0x00007ff94ef3c000 	C:\Users\ipenk\.openjfx\cache\17.0.2-ea\ucrtbase.dll
0x00007ff95e0e0000 - 0x00007ff95e0fa000 	C:\Users\ipenk\.openjfx\cache\17.0.2-ea\vcruntime140.dll
0x00007ff95b250000 - 0x00007ff95b25c000 	C:\Users\ipenk\.openjfx\cache\17.0.2-ea\vcruntime140_1.dll
0x00007ff953310000 - 0x00007ff95339d000 	C:\Users\ipenk\.openjfx\cache\17.0.2-ea\msvcp140.dll
0x00007ff953990000 - 0x00007ff9539ba000 	C:\Users\ipenk\.openjfx\cache\17.0.2-ea\prism_d3d.dll
0x00007ff95d200000 - 0x00007ff95d3a6000 	C:\Windows\system32\d3d9.dll
0x00007ff969390000 - 0x00007ff9693bf000 	C:\Windows\SYSTEM32\dwmapi.dll
0x00007ff969210000 - 0x00007ff969248000 	C:\Windows\SYSTEM32\dxcore.dll
0x00007ff968fa0000 - 0x00007ff96904c000 	C:\Windows\system32\uxtheme.dll
0x00007ff9666a0000 - 0x00007ff9666e4000 	C:\Windows\SYSTEM32\directxdatabasehelper.dll
0x00007ff96aaa0000 - 0x00007ff96aad4000 	C:\Windows\SYSTEM32\ntmarta.dll
0x00007ff96b240000 - 0x00007ff96b252000 	C:\Windows\SYSTEM32\msasn1.dll
0x00007ff962730000 - 0x00007ff962761000 	C:\Windows\SYSTEM32\cryptnet.dll
0x00007ff96bdf0000 - 0x00007ff96bf52000 	C:\Windows\System32\CRYPT32.dll
0x00007ff96b100000 - 0x00007ff96b10c000 	C:\Windows\SYSTEM32\cryptbase.dll
0x00007ff96bf90000 - 0x00007ff96bff8000 	C:\Windows\System32\WINTRUST.DLL
0x00007ff96df90000 - 0x00007ff96dfaf000 	C:\Windows\System32\imagehlp.dll
0x00007ff96b1f0000 - 0x00007ff96b208000 	C:\Windows\SYSTEM32\CRYPTSP.dll
0x00007ff96a9e0000 - 0x00007ff96aa15000 	C:\Windows\system32\rsaenh.dll
0x00007ff96b330000 - 0x00007ff96b357000 	C:\Windows\SYSTEM32\bcrypt.dll
0x00007ff9532c0000 - 0x00007ff953302000 	C:\Users\ipenk\.openjfx\cache\17.0.2-ea\glass.dll
0x00007ff96dfb0000 - 0x00007ff96e09c000 	C:\Windows\System32\COMDLG32.dll
0x00007ff96e100000 - 0x00007ff96e29a000 	C:\Windows\System32\ole32.dll
0x00007ff96d5b0000 - 0x00007ff96d686000 	C:\Windows\System32\OLEAUT32.dll
0x00007ff96dae0000 - 0x00007ff96dbfd000 	C:\Windows\System32\MSCTF.dll
0x00007ff9283e0000 - 0x00007ff9284e5000 	C:\Windows\System32\DriverStore\FileRepository\nvcvegpu.inf_amd64_2bc940d470dbe09b\nvldumdx.dll
0x00007ff8c3a60000 - 0x00007ff8c56aa000 	C:\Windows\System32\DriverStore\FileRepository\nvcvegpu.inf_amd64_2bc940d470dbe09b\nvd3dumx.dll
0x00007ff96af80000 - 0x00007ff96afa4000 	C:\Windows\SYSTEM32\gpapi.dll
0x00007ff94f350000 - 0x00007ff94f4fc000 	C:\Windows\System32\DriverStore\FileRepository\iigd_dch.inf_amd64_7510514be791188f\igdumdim64.dll
0x00007ff8c5980000 - 0x00007ff8ca1e4000 	C:\Windows\System32\DriverStore\FileRepository\iigd_dch.inf_amd64_7510514be791188f\igd9dxva64.dll
0x00007ff96d020000 - 0x00007ff96d48c000 	C:\Windows\System32\SETUPAPI.dll
0x00007ff96b650000 - 0x00007ff96b69c000 	C:\Windows\SYSTEM32\cfgmgr32.dll
0x00007ff95d560000 - 0x00007ff95d969000 	C:\Windows\System32\DriverStore\FileRepository\iigd_dch.inf_amd64_7510514be791188f\igdgmm64.dll
0x00007ff965450000 - 0x00007ff965477000 	C:\Windows\System32\DriverStore\FileRepository\iigd_dch.inf_amd64_7510514be791188f\igdinfo64.dll
0x00007ff955630000 - 0x00007ff959cb4000 	C:\Windows\System32\DriverStore\FileRepository\iigd_dch.inf_amd64_7510514be791188f\igc64.dll
0x00007ff96a5d0000 - 0x00007ff96a6b8000 	C:\Windows\SYSTEM32\DNSAPI.dll
0x00007ff96a5a0000 - 0x00007ff96a5cd000 	C:\Windows\SYSTEM32\IPHLPAPI.DLL
0x00007ff96ceb0000 - 0x00007ff96ceb9000 	C:\Windows\System32\NSI.dll
0x00007ff95b530000 - 0x00007ff95b53a000 	C:\Windows\System32\rasadhlp.dll
0x00007ff964070000 - 0x00007ff9640f1000 	C:\Windows\System32\fwpuclnt.dll
0x00007ff952dc0000 - 0x00007ff952dd4000 	C:\Users\ipenk\.openjfx\cache\17.0.2-ea\javafx_font.dll

dbghelp: loaded successfully - version: 4.0.5 - missing functions: none
symbol engine: initialized successfully - sym options: 0x614 - pdb path: .;C:\Users\ipenk\.jdks\corretto-17.0.4.1\bin;C:\Windows\SYSTEM32;C:\Windows\WinSxS\amd64_microsoft.windows.common-controls_6595b64144ccf1df_6.0.22000.120_none_9d947278b86cc467;C:\Users\ipenk\.jdks\corretto-17.0.4.1\bin\server;C:\Program Files\JetBrains\IntelliJ IDEA 2022.2.1\bin;C:\Users\ipenk\.openjfx\cache\17.0.2-ea;C:\Windows\System32\DriverStore\FileRepository\nvcvegpu.inf_amd64_2bc940d470dbe09b;C:\Windows\System32\DriverStore\FileRepository\iigd_dch.inf_amd64_7510514be791188f;C:\Program Files\Common Files\Microsoft Shared\Ink

VM Arguments:
jvm_args: -javaagent:C:\Program Files\JetBrains\IntelliJ IDEA 2022.2.1\lib\idea_rt.jar=53836:C:\Program Files\JetBrains\IntelliJ IDEA 2022.2.1\bin -Dfile.encoding=UTF-8 --module-path=C:\Users\ipenk\.m2\repository\org\openjfx\javafx-fxml\17.0.2\javafx-fxml-17.0.2-win.jar;C:\Users\ipenk\.m2\repository\org\openjfx\javafx-graphics\17.0.2\javafx-graphics-17.0.2-win.jar;C:\Users\ipenk\.m2\repository\org\openjfx\javafx-base\17.0.2\javafx-base-17.0.2-win.jar;C:\Users\ipenk\.m2\repository\org\openjfx\javafx-controls\17.0.2\javafx-controls-17.0.2-win.jar;D:\messengerAppGUI\target\classes -Djdk.module.main=messenger.messengerappgui 
java_command: messenger.messengerappgui/messenger.messengerappgui.Application
java_class_path (initial): C:\Users\ipenk\.m2\repository\org\openjfx\javafx-controls\17.0.2\javafx-controls-17.0.2.jar;C:\Users\ipenk\.m2\repository\org\openjfx\javafx-graphics\17.0.2\javafx-graphics-17.0.2.jar;C:\Users\ipenk\.m2\repository\org\openjfx\javafx-base\17.0.2\javafx-base-17.0.2.jar;C:\Users\ipenk\.m2\repository\org\openjfx\javafx-fxml\17.0.2\javafx-fxml-17.0.2.jar
Launcher Type: SUN_STANDARD

[Global flags]
     intx CICompilerCount                          = 4                                         {product} {ergonomic}
     uint ConcGCThreads                            = 3                                         {product} {ergonomic}
     uint G1ConcRefinementThreads                  = 10                                        {product} {ergonomic}
   size_t G1HeapRegionSize                         = 2097152                                   {product} {ergonomic}
    uintx GCDrainStackTargetSize                   = 64                                        {product} {ergonomic}
   size_t InitialHeapSize                          = 266338304                                 {product} {ergonomic}
   size_t MarkStackSize                            = 4194304                                   {product} {ergonomic}
   size_t MaxHeapSize                              = 4238344192                                {product} {ergonomic}
   size_t MaxNewSize                               = 2541748224                                {product} {ergonomic}
   size_t MinHeapDeltaBytes                        = 2097152                                   {product} {ergonomic}
   size_t MinHeapSize                              = 8388608                                   {product} {ergonomic}
    uintx NonNMethodCodeHeapSize                   = 5839372                                {pd product} {ergonomic}
    uintx NonProfiledCodeHeapSize                  = 122909434                              {pd product} {ergonomic}
    uintx ProfiledCodeHeapSize                     = 122909434                              {pd product} {ergonomic}
    uintx ReservedCodeCacheSize                    = 251658240                              {pd product} {ergonomic}
     bool SegmentedCodeCache                       = true                                      {product} {ergonomic}
   size_t SoftMaxHeapSize                          = 4238344192                             {manageable} {ergonomic}
     bool UseCompressedClassPointers               = true                           {product lp64_product} {ergonomic}
     bool UseCompressedOops                        = true                           {product lp64_product} {ergonomic}
     bool UseG1GC                                  = true                                      {product} {ergonomic}
     bool UseLargePagesIndividualAllocation        = false                                  {pd product} {ergonomic}

Logging:
Log output configuration:
 #0: stdout all=off uptime,level,tags
 #1: stderr all=off uptime,level,tags

Environment Variables:
PATH=C:\Program Files\Common Files\Oracle\Java\javapath;C:\Windows\system32;C:\Windows;C:\Windows\System32\Wbem;C:\Windows\System32\WindowsPowerShell\v1.0\;C:\Windows\System32\OpenSSH\;C:\Program Files\Git\cmd;D:\JavaDev\Maven\apache-maven-3.8.6-bin\apache-maven-3.8.6\bin;C:\Program Files (x86)\dotnet\;D:\DataBase\sqlite3;C:\Users\ipenk\AppData\Local\Microsoft\WindowsApps;
USERNAME=Igor
OS=Windows_NT
PROCESSOR_IDENTIFIER=Intel64 Family 6 Model 141 Stepping 1, GenuineIntel
TMP=C:\Users\ipenk\AppData\Local\Temp
TEMP=C:\Users\ipenk\AppData\Local\Temp



---------------  S Y S T E M  ---------------

OS:
 Windows 11 , 64 bit Build 22000 (10.0.22000.1219)
OS uptime: 6 days 2:07 hours
Hyper-V role detected

CPU: total 12 (initial active 12) (6 cores per cpu, 2 threads per core) family 6 model 141 stepping 1 microcode 0x34, cx8, cmov, fxsr, ht, mmx, 3dnowpref, sse, sse2, sse3, ssse3, sse4.1, sse4.2, popcnt, lzcnt, tsc, tscinvbit, avx, avx2, aes, erms, clmul, bmi1, bmi2, adx, avx512f, avx512dq, avx512cd, avx512bw, avx512vl, sha, fma, vzeroupper, avx512_vpopcntdq, avx512_vpclmulqdq, avx512_vaes, avx512_vnni, clflush, clflushopt, clwb, avx512_vbmi2, avx512_vbmi, hv

Memory: 4k page, system-wide physical 16163M (2721M free)
TotalPageFile size 28668M (AvailPageFile size 4332M)
current process WorkingSet (physical memory assigned to process): 152M, peak: 179M
current process commit charge ("private bytes"): 471M, peak: 489M

vm_info: OpenJDK 64-Bit Server VM (17.0.4.1+9-LTS) for windows-amd64 JRE (17.0.4.1+9-LTS), built on Aug 12 2022 17:33:36 by "Administrator" with MS VC++ 15.9 (VS2017)

END.
