#
# A fatal error has been detected by the Java Runtime Environment:
#
#  EXCEPTION_ACCESS_VIOLATION (0xc0000005) at pc=0x00007ffe6e996ab7, pid=17552, tid=17692
#
# JRE version: OpenJDK Runtime Environment Corretto-17.0.4.9.1 (17.0.4.1+9) (build 17.0.4.1+9-LTS)
# Java VM: OpenJDK 64-Bit Server VM Corretto-17.0.4.9.1 (17.0.4.1+9-LTS, mixed mode, sharing, tiered, compressed oops, compressed class ptrs, g1 gc, windows-amd64)
# Problematic frame:
# C  [glass.dll+0x26ab7]
#
# No core dump will be written. Minidumps are not enabled by default on client versions of Windows
#
# If you would like to submit a bug report, please visit:
#   https://github.com/corretto/corretto-17/issues/
#

---------------  S U M M A R Y ------------

Command Line: -javaagent:C:\Program Files\JetBrains\IntelliJ IDEA 2022.2.1\lib\idea_rt.jar=63453:C:\Program Files\JetBrains\IntelliJ IDEA 2022.2.1\bin -Dfile.encoding=UTF-8 --module-path=C:\Users\ipenk\.m2\repository\org\openjfx\javafx-fxml\17.0.2\javafx-fxml-17.0.2-win.jar;C:\Users\ipenk\.m2\repository\org\openjfx\javafx-graphics\17.0.2\javafx-graphics-17.0.2-win.jar;D:\messengerAppGUI\target\classes;C:\Users\ipenk\.m2\repository\org\openjfx\javafx-controls\17.0.2\javafx-controls-17.0.2-win.jar;C:\Users\ipenk\.m2\repository\org\openjfx\javafx-base\17.0.2\javafx-base-17.0.2-win.jar -Djdk.module.main=messenger.messengerappgui messenger.messengerappgui/messenger.messengerappgui.Application

Host: 11th Gen Intel(R) Core(TM) i5-11400H @ 2.70GHz, 12 cores, 15G,  Windows 11 , 64 bit Build 22000 (10.0.22000.1219)
Time: Wed Nov 30 15:09:12 2022 RTZ 2 (s 11 , 64 bit Build 22000 (10.0.22000.1219) elapsed time: 292.607265 seconds (0d 0h 4m 52s)

---------------  T H R E A D  ---------------

Current thread (0x000002238f1ddc70):  VMThread "VM Thread" [stack: 0x000000512bd00000,0x000000512be00000] [id=17692]

Stack: [0x000000512bd00000,0x000000512be00000],  sp=0x000000512bdff150,  free space=1020k
Native frames: (J=compiled Java code, j=interpreted, Vv=VM code, C=native code)
C  [glass.dll+0x26ab7]


siginfo: EXCEPTION_ACCESS_VIOLATION (0xc0000005), reading address 0x0000000000000000


Register to memory mapping:

RIP=0x00007ffe6e996ab7 glass.dll
RAX=0x0 is NULL
RBX=0x000002238f1f4ab8 is a global jni handle
RCX=0x000002238f1ddc70 points into unknown readable memory: 0x00007ffe71e71dc0 | c0 1d e7 71 fe 7f 00 00
RDX=0x000000512bdff150 points into unknown readable memory: 0x0000000000000000 | 00 00 00 00 00 00 00 00
RSP=0x000000512bdff150 points into unknown readable memory: 0x0000000000000000 | 00 00 00 00 00 00 00 00
RBP=0x000002238fffd8b8 points into unknown readable memory: 0x0000ad709f26b0e1 | e1 b0 26 9f 70 ad 00 00
RSI=0x000002238fffd890 points into unknown readable memory: 0xdd32d0489f264f1d | 1d 4f 26 9f 48 d0 32 dd
RDI=0x0000ad709f26b0e1 is an unknown value
R8 =0x0000000000010002 is an unknown value
R9 =0x0000ad709f26b0e1 is an unknown value
R10=0x85f13e9656da4870 is an unknown value
R11=0x000000512bdff0e0 points into unknown readable memory: 0x000002238fffd890 | 90 d8 ff 8f 23 02 00 00
R12=0x00007ffe6e994384 glass.dll
R13=0x0000000000000001 is an unknown value
R14=0x000000512bdff258 points into unknown readable memory: 0x000000512bdff240 | 40 f2 df 2b 51 00 00 00
R15=0x000002238fffd890 points into unknown readable memory: 0xdd32d0489f264f1d | 1d 4f 26 9f 48 d0 32 dd


Registers:
RAX=0x0000000000000000, RBX=0x000002238f1f4ab8, RCX=0x000002238f1ddc70, RDX=0x000000512bdff150
RSP=0x000000512bdff150, RBP=0x000002238fffd8b8, RSI=0x000002238fffd890, RDI=0x0000ad709f26b0e1
R8 =0x0000000000010002, R9 =0x0000ad709f26b0e1, R10=0x85f13e9656da4870, R11=0x000000512bdff0e0
R12=0x00007ffe6e994384, R13=0x0000000000000001, R14=0x000000512bdff258, R15=0x000002238fffd890
RIP=0x00007ffe6e996ab7, EFLAGS=0x0000000000010206

Top of Stack: (sp=0x000000512bdff150)
0x000000512bdff150:   0000000000000000 000002238fffd890
0x000000512bdff160:   0000000000000001 00007ffe6e994384
0x000000512bdff170:   000002238fffd898 00007ffe8b45bea0
0x000000512bdff180:   0000ad709f26b0e1 0000022300000000
0x000000512bdff190:   000002238fffd8b8 000002238fffd890
0x000000512bdff1a0:   fffffffffffffffe 0000000000000000
0x000000512bdff1b0:   0000000000000001 00007ffe6e970000
0x000000512bdff1c0:   000000512bdff248 00007ffe8b45bdb7
0x000000512bdff1d0:   0000000000000000 000000512bdff258
0x000000512bdff1e0:   000000512bdff540 00007ffe8b5412b0
0x000000512bdff1f0:   0000000000000001 00007ffe8b45bd6d
0x000000512bdff200:   0000000000000000 0000000000000001
0x000000512bdff210:   0000000000000000 000000512bdff248
0x000000512bdff220:   fffffffffffffffe 0000000000000000
0x000000512bdff230:   0000000000000000 00007ffe6e994211
0x000000512bdff240:   00007ffe6e9aa138 0000000000000002 

Instructions: (pc=0x00007ffe6e996ab7)
0x00007ffe6e9969b7:   8b 4d 58 e8 01 cf ff ff 48 8b 4d 60 e8 f8 ce ff
0x00007ffe6e9969c7:   ff 48 8b 95 80 00 00 00 48 8b 8d 18 01 00 00 e8
0x00007ffe6e9969d7:   c6 c3 ff ff 33 d2 33 c9 e8 3c e1 ff ff 90 48 89
0x00007ffe6e9969e7:   54 24 10 55 48 83 ec 20 48 8b ea 48 b8 00 00 00
0x00007ffe6e9969f7:   00 00 00 00 00 48 83 c4 20 5d c3 cc 40 55 48 8b
0x00007ffe6e996a07:   ea 48 8b 01 33 c9 81 38 05 00 00 c0 0f 94 c1 8b
0x00007ffe6e996a17:   c1 5d c3 cc 40 55 48 83 ec 20 48 8b ea 8a 4d 40
0x00007ffe6e996a27:   48 83 c4 20 5d e9 f7 d2 ff ff cc 40 55 48 83 ec
0x00007ffe6e996a37:   20 48 8b ea 8a 4d 20 e8 e5 d2 ff ff 90 48 83 c4
0x00007ffe6e996a47:   20 5d c3 cc 40 55 48 83 ec 20 48 8b ea 48 83 c4
0x00007ffe6e996a57:   20 5d e9 46 d1 ff ff cc 40 55 48 83 ec 30 48 8b
0x00007ffe6e996a67:   ea 48 8b 01 8b 10 48 89 4c 24 28 89 54 24 20 4c
0x00007ffe6e996a77:   8d 0d e7 d5 ff ff 4c 8b 45 70 8b 55 68 48 8b 4d
0x00007ffe6e996a87:   60 e8 87 d0 ff ff 90 48 83 c4 30 5d c3 cc cc cc
0x00007ffe6e996a97:   cc cc cc cc cc cc cc cc cc 40 53 48 83 ec 20 48
0x00007ffe6e996aa7:   8b 1d 83 30 01 00 48 85 db 74 16 e8 09 8b ff ff
0x00007ffe6e996ab7:   4c 8b 00 48 8b d3 48 8b c8 41 ff 90 b0 00 00 00
0x00007ffe6e996ac7:   90 48 83 c4 20 5b c3 cc cc 40 53 48 83 ec 20 48
0x00007ffe6e996ad7:   8b 1d fb 31 01 00 48 85 db 74 57 b8 ff ff ff ff
0x00007ffe6e996ae7:   f0 0f c1 43 10 83 f8 01 75 3d 48 85 db 74 38 48
0x00007ffe6e996af7:   8b 0b 48 85 c9 74 0d ff 15 a4 07 00 00 48 c7 03
0x00007ffe6e996b07:   00 00 00 00 48 8b 4b 08 48 85 c9 74 0d e8 a7 cd
0x00007ffe6e996b17:   ff ff 48 c7 43 08 00 00 00 00 ba 18 00 00 00 48
0x00007ffe6e996b27:   8b cb e8 92 cd ff ff 48 c7 05 9f 31 01 00 00 00
0x00007ffe6e996b37:   00 00 48 83 c4 20 5b c3 cc 40 53 48 83 ec 20 48
0x00007ffe6e996b47:   8b 1d 6b 31 01 00 48 85 db 74 57 b8 ff ff ff ff
0x00007ffe6e996b57:   f0 0f c1 43 10 83 f8 01 75 3d 48 85 db 74 38 48
0x00007ffe6e996b67:   8b 0b 48 85 c9 74 0d ff 15 34 07 00 00 48 c7 03
0x00007ffe6e996b77:   00 00 00 00 48 8b 4b 08 48 85 c9 74 0d e8 37 cd
0x00007ffe6e996b87:   ff ff 48 c7 43 08 00 00 00 00 ba 18 00 00 00 48
0x00007ffe6e996b97:   8b cb e8 22 cd ff ff 48 c7 05 0f 31 01 00 00 00
0x00007ffe6e996ba7:   00 00 48 83 c4 20 5b c3 cc 40 53 48 83 ec 20 48 


Stack slot to memory mapping:
stack at sp + 0 slots: 0x0 is NULL
stack at sp + 1 slots: 0x000002238fffd890 points into unknown readable memory: 0xdd32d0489f264f1d | 1d 4f 26 9f 48 d0 32 dd
stack at sp + 2 slots: 0x0000000000000001 is an unknown value
stack at sp + 3 slots: 0x00007ffe6e994384 glass.dll
stack at sp + 4 slots: 0x000002238fffd898 points into unknown readable memory: 0x0000ad709f26b0e1 | e1 b0 26 9f 70 ad 00 00
stack at sp + 5 slots: 0x00007ffe8b45bea0 ucrtbase.dll
stack at sp + 6 slots: 0x0000ad709f26b0e1 is an unknown value
stack at sp + 7 slots: 0x0000022300000000 is an unknown value

VM_Operation (0x000000512ceff500): Exit, mode: safepoint, requested by thread 0x000002239a3b8bf0


---------------  P R O C E S S  ---------------

Threads class SMR info:
_java_thread_list=0x0000022390f454d0, length=21, elements={
0x00000223ebd1c310, 0x000002238f1e23b0, 0x000002238f1e2f60, 0x000002238f1fc230,
0x000002238f1fcbe0, 0x000002238f1fe9b0, 0x000002238fc00470, 0x000002238fc03210,
0x000002238fc040c0, 0x000002238fc0ead0, 0x000002238fcf1a20, 0x000002238fd71a40,
0x00000223903056c0, 0x0000022390665e30, 0x000002239055bd00, 0x00000223906c8af0,
0x0000022390cb9780, 0x00000223906c5fa0, 0x000002239a3b9590, 0x000002239a3b9a60,
0x000002239a3b8bf0
}

Java Threads: ( => current thread )
  0x00000223ebd1c310 JavaThread "main" [_thread_blocked, id=17664, stack(0x000000512b700000,0x000000512b800000)]
  0x000002238f1e23b0 JavaThread "Reference Handler" daemon [_thread_blocked, id=17704, stack(0x000000512be00000,0x000000512bf00000)]
  0x000002238f1e2f60 JavaThread "Finalizer" daemon [_thread_blocked, id=17708, stack(0x000000512bf00000,0x000000512c000000)]
  0x000002238f1fc230 JavaThread "Signal Dispatcher" daemon [_thread_blocked, id=17712, stack(0x000000512c000000,0x000000512c100000)]
  0x000002238f1fcbe0 JavaThread "Attach Listener" daemon [_thread_blocked, id=17716, stack(0x000000512c100000,0x000000512c200000)]
  0x000002238f1fe9b0 JavaThread "Service Thread" daemon [_thread_blocked, id=17720, stack(0x000000512c200000,0x000000512c300000)]
  0x000002238fc00470 JavaThread "Monitor Deflation Thread" daemon [_thread_blocked, id=17724, stack(0x000000512c300000,0x000000512c400000)]
  0x000002238fc03210 JavaThread "C2 CompilerThread0" daemon [_thread_blocked, id=17728, stack(0x000000512c400000,0x000000512c500000)]
  0x000002238fc040c0 JavaThread "C1 CompilerThread0" daemon [_thread_blocked, id=17732, stack(0x000000512c500000,0x000000512c600000)]
  0x000002238fc0ead0 JavaThread "Sweeper thread" daemon [_thread_blocked, id=17736, stack(0x000000512c600000,0x000000512c700000)]
  0x000002238fcf1a20 JavaThread "Common-Cleaner" daemon [_thread_blocked, id=17740, stack(0x000000512c700000,0x000000512c800000)]
  0x000002238fd71a40 JavaThread "Monitor Ctrl-Break" daemon [_thread_in_native, id=17756, stack(0x000000512ca00000,0x000000512cb00000)]
  0x00000223903056c0 JavaThread "Notification Thread" daemon [_thread_blocked, id=17760, stack(0x000000512cb00000,0x000000512cc00000)]
  0x0000022390665e30 JavaThread "QuantumRenderer-0" daemon [_thread_blocked, id=17768, stack(0x000000512cd00000,0x000000512ce00000)]
  0x000002239055bd00 JavaThread "InvokeLaterDispatcher" daemon [_thread_blocked, id=17788, stack(0x000000512cf00000,0x000000512d000000)]
  0x00000223906c8af0 JavaThread "JavaFX Application Thread" [_thread_in_native, id=17792, stack(0x000000512d000000,0x000000512d100000)]
  0x0000022390cb9780 JavaThread "JavaFX-Launcher" [_thread_blocked, id=17864, stack(0x000000512d400000,0x000000512d500000)]
  0x00000223906c5fa0 JavaThread "Thread-2" daemon [_thread_in_native, id=17860, stack(0x000000512d300000,0x000000512d400000)]
  0x000002239a3b9590 JavaThread "Prism Font Disposer" daemon [_thread_blocked, id=17908, stack(0x000000512dd00000,0x000000512de00000)]
  0x000002239a3b9a60 JavaThread "Cleaner-0" daemon [_thread_blocked, id=17948, stack(0x000000512de00000,0x000000512df00000)]
  0x000002239a3b8bf0 JavaThread "SIGINT handler" daemon [_thread_blocked, id=3928, stack(0x000000512ce00000,0x000000512cf00000)]

Other Threads:
=>0x000002238f1ddc70 VMThread "VM Thread" [stack: 0x000000512bd00000,0x000000512be00000] [id=17692]
  0x00000223ebd84530 GCTaskThread "GC Thread#0" [stack: 0x000000512b800000,0x000000512b900000] [id=17668]
  0x0000022390d6db80 GCTaskThread "GC Thread#1" [stack: 0x000000512d500000,0x000000512d600000] [id=17876]
  0x0000022390d7fac0 GCTaskThread "GC Thread#2" [stack: 0x000000512d600000,0x000000512d700000] [id=17880]
  0x0000022390d69270 GCTaskThread "GC Thread#3" [stack: 0x000000512d700000,0x000000512d800000] [id=17884]
  0x0000022390d69520 GCTaskThread "GC Thread#4" [stack: 0x000000512d800000,0x000000512d900000] [id=17888]
  0x0000022390d697d0 GCTaskThread "GC Thread#5" [stack: 0x000000512d900000,0x000000512da00000] [id=17892]
  0x0000022391443350 GCTaskThread "GC Thread#6" [stack: 0x000000512c800000,0x000000512c900000] [id=18004]
  0x0000022391443b60 GCTaskThread "GC Thread#7" [stack: 0x000000512c900000,0x000000512ca00000] [id=18008]
  0x0000022391442b40 GCTaskThread "GC Thread#8" [stack: 0x000000512df00000,0x000000512e000000] [id=18012]
  0x0000022391443600 GCTaskThread "GC Thread#9" [stack: 0x000000512e000000,0x000000512e100000] [id=18016]
  0x00000223ebd95260 ConcurrentGCThread "G1 Main Marker" terminated
  0x00000223ebd96c80 ConcurrentGCThread "G1 Conc#0" [stack: 0x000000512ba00000,0x000000512bb00000] [id=17676]
  0x000002238f099520 ConcurrentGCThread "G1 Refine#0" terminated
  0x000002238f09adf0 ConcurrentGCThread "G1 Service" terminated

Threads with active compile tasks:
C2 CompilerThread0  
[error occurred during error reporting (printing all threads), id 0xc0000005, EXCEPTION_ACCESS_VIOLATION (0xc0000005) at pc=0x00007ffe71c69693]

VM state: at safepoint (shutting down)

VM Mutex/Monitor currently owned by a thread:  ([mutex/lock_event])
[0x00000223ebd177f0] Threads_lock - owner thread: 0x000002238f1ddc70
[0x00000223ebd17490] Heap_lock - owner thread: 0x000002239a3b8bf0

Heap address: 0x0000000703600000, size: 4042 MB, Compressed Oops mode: Zero based, Oop shift amount: 3

CDS archive(s) mapped at: [0x0000000800000000-0x0000000800bc0000-0x0000000800bc0000), size 12320768, SharedBaseAddress: 0x0000000800000000, ArchiveRelocationMode: 0.
Compressed class space mapped at: 0x0000000800c00000-0x0000000840c00000, reserved size: 1073741824
Narrow klass base: 0x0000000800000000, Narrow klass shift: 0, Narrow klass range: 0x100000000

GC Precious Log:
 CPUs: 12 total, 12 available
 Memory: 16163M
 Large Page Support: Disabled
 NUMA Support: Disabled
 Compressed Oops: Enabled (Zero based)
 Heap Region Size: 2M
 Heap Min Capacity: 8M
 Heap Initial Capacity: 254M
 Heap Max Capacity: 4042M
 Pre-touch: Disabled
 Parallel Workers: 10
 Concurrent Workers: 3
 Concurrent Refinement Workers: 10
 Periodic GC: Disabled

Heap:
 garbage-first heap   total 260096K, used 19783K [0x0000000703600000, 0x0000000800000000)
  region size 2048K, 9 young (18432K), 3 survivors (6144K)
 Metaspace       used 16140K, committed 16448K, reserved 1064960K
  class space    used 2263K, committed 2432K, reserved 1048576K

Heap Regions: E=young(eden), S=young(survivor), O=old, HS=humongous(starts), HC=humongous(continues), CS=collection set, F=free, OA=open archive, CA=closed archive, TAMS=top-at-mark-start (previous, next)
|   0|0x0000000703600000, 0x0000000703800000, 0x0000000703800000|100%|HS|  |TAMS 0x0000000703600000, 0x0000000703600000| Complete 
|   1|0x0000000703800000, 0x0000000703951e00, 0x0000000703a00000| 65%| O|  |TAMS 0x0000000703800000, 0x0000000703800000| Untracked 
|   2|0x0000000703a00000, 0x0000000703a00000, 0x0000000703c00000|  0%| F|  |TAMS 0x0000000703a00000, 0x0000000703a00000| Untracked 
|   3|0x0000000703c00000, 0x0000000703c00000, 0x0000000703e00000|  0%| F|  |TAMS 0x0000000703c00000, 0x0000000703c00000| Untracked 
|   4|0x0000000703e00000, 0x0000000703e00000, 0x0000000704000000|  0%| F|  |TAMS 0x0000000703e00000, 0x0000000703e00000| Untracked 
|   5|0x0000000704000000, 0x0000000704000000, 0x0000000704200000|  0%| F|  |TAMS 0x0000000704000000, 0x0000000704000000| Untracked 
|   6|0x0000000704200000, 0x0000000704200000, 0x0000000704400000|  0%| F|  |TAMS 0x0000000704200000, 0x0000000704200000| Untracked 
|   7|0x0000000704400000, 0x0000000704400000, 0x0000000704600000|  0%| F|  |TAMS 0x0000000704400000, 0x0000000704400000| Untracked 
|   8|0x0000000704600000, 0x0000000704600000, 0x0000000704800000|  0%| F|  |TAMS 0x0000000704600000, 0x0000000704600000| Untracked 
|   9|0x0000000704800000, 0x0000000704800000, 0x0000000704a00000|  0%| F|  |TAMS 0x0000000704800000, 0x0000000704800000| Untracked 
|  10|0x0000000704a00000, 0x0000000704a00000, 0x0000000704c00000|  0%| F|  |TAMS 0x0000000704a00000, 0x0000000704a00000| Untracked 
|  11|0x0000000704c00000, 0x0000000704c00000, 0x0000000704e00000|  0%| F|  |TAMS 0x0000000704c00000, 0x0000000704c00000| Untracked 
|  12|0x0000000704e00000, 0x0000000704e00000, 0x0000000705000000|  0%| F|  |TAMS 0x0000000704e00000, 0x0000000704e00000| Untracked 
|  13|0x0000000705000000, 0x0000000705000000, 0x0000000705200000|  0%| F|  |TAMS 0x0000000705000000, 0x0000000705000000| Untracked 
|  14|0x0000000705200000, 0x0000000705200000, 0x0000000705400000|  0%| F|  |TAMS 0x0000000705200000, 0x0000000705200000| Untracked 
|  15|0x0000000705400000, 0x0000000705400000, 0x0000000705600000|  0%| F|  |TAMS 0x0000000705400000, 0x0000000705400000| Untracked 
|  16|0x0000000705600000, 0x0000000705600000, 0x0000000705800000|  0%| F|  |TAMS 0x0000000705600000, 0x0000000705600000| Untracked 
|  17|0x0000000705800000, 0x0000000705800000, 0x0000000705a00000|  0%| F|  |TAMS 0x0000000705800000, 0x0000000705800000| Untracked 
|  18|0x0000000705a00000, 0x0000000705a00000, 0x0000000705c00000|  0%| F|  |TAMS 0x0000000705a00000, 0x0000000705a00000| Untracked 
|  19|0x0000000705c00000, 0x0000000705c00000, 0x0000000705e00000|  0%| F|  |TAMS 0x0000000705c00000, 0x0000000705c00000| Untracked 
|  20|0x0000000705e00000, 0x0000000705e00000, 0x0000000706000000|  0%| F|  |TAMS 0x0000000705e00000, 0x0000000705e00000| Untracked 
|  21|0x0000000706000000, 0x0000000706000000, 0x0000000706200000|  0%| F|  |TAMS 0x0000000706000000, 0x0000000706000000| Untracked 
|  22|0x0000000706200000, 0x0000000706200000, 0x0000000706400000|  0%| F|  |TAMS 0x0000000706200000, 0x0000000706200000| Untracked 
|  23|0x0000000706400000, 0x0000000706400000, 0x0000000706600000|  0%| F|  |TAMS 0x0000000706400000, 0x0000000706400000| Untracked 
|  24|0x0000000706600000, 0x0000000706600000, 0x0000000706800000|  0%| F|  |TAMS 0x0000000706600000, 0x0000000706600000| Untracked 
|  25|0x0000000706800000, 0x0000000706800000, 0x0000000706a00000|  0%| F|  |TAMS 0x0000000706800000, 0x0000000706800000| Untracked 
|  26|0x0000000706a00000, 0x0000000706a00000, 0x0000000706c00000|  0%| F|  |TAMS 0x0000000706a00000, 0x0000000706a00000| Untracked 
|  27|0x0000000706c00000, 0x0000000706c00000, 0x0000000706e00000|  0%| F|  |TAMS 0x0000000706c00000, 0x0000000706c00000| Untracked 
|  28|0x0000000706e00000, 0x0000000706e00000, 0x0000000707000000|  0%| F|  |TAMS 0x0000000706e00000, 0x0000000706e00000| Untracked 
|  29|0x0000000707000000, 0x0000000707000000, 0x0000000707200000|  0%| F|  |TAMS 0x0000000707000000, 0x0000000707000000| Untracked 
|  30|0x0000000707200000, 0x0000000707200000, 0x0000000707400000|  0%| F|  |TAMS 0x0000000707200000, 0x0000000707200000| Untracked 
|  31|0x0000000707400000, 0x0000000707400000, 0x0000000707600000|  0%| F|  |TAMS 0x0000000707400000, 0x0000000707400000| Untracked 
|  32|0x0000000707600000, 0x0000000707600000, 0x0000000707800000|  0%| F|  |TAMS 0x0000000707600000, 0x0000000707600000| Untracked 
|  33|0x0000000707800000, 0x0000000707800000, 0x0000000707a00000|  0%| F|  |TAMS 0x0000000707800000, 0x0000000707800000| Untracked 
|  34|0x0000000707a00000, 0x0000000707a00000, 0x0000000707c00000|  0%| F|  |TAMS 0x0000000707a00000, 0x0000000707a00000| Untracked 
|  35|0x0000000707c00000, 0x0000000707c00000, 0x0000000707e00000|  0%| F|  |TAMS 0x0000000707c00000, 0x0000000707c00000| Untracked 
|  36|0x0000000707e00000, 0x0000000707e00000, 0x0000000708000000|  0%| F|  |TAMS 0x0000000707e00000, 0x0000000707e00000| Untracked 
|  37|0x0000000708000000, 0x0000000708000000, 0x0000000708200000|  0%| F|  |TAMS 0x0000000708000000, 0x0000000708000000| Untracked 
|  38|0x0000000708200000, 0x0000000708200000, 0x0000000708400000|  0%| F|  |TAMS 0x0000000708200000, 0x0000000708200000| Untracked 
|  39|0x0000000708400000, 0x0000000708400000, 0x0000000708600000|  0%| F|  |TAMS 0x0000000708400000, 0x0000000708400000| Untracked 
|  40|0x0000000708600000, 0x0000000708600000, 0x0000000708800000|  0%| F|  |TAMS 0x0000000708600000, 0x0000000708600000| Untracked 
|  41|0x0000000708800000, 0x0000000708800000, 0x0000000708a00000|  0%| F|  |TAMS 0x0000000708800000, 0x0000000708800000| Untracked 
|  42|0x0000000708a00000, 0x0000000708a00000, 0x0000000708c00000|  0%| F|  |TAMS 0x0000000708a00000, 0x0000000708a00000| Untracked 
|  43|0x0000000708c00000, 0x0000000708c00000, 0x0000000708e00000|  0%| F|  |TAMS 0x0000000708c00000, 0x0000000708c00000| Untracked 
|  44|0x0000000708e00000, 0x0000000708e00000, 0x0000000709000000|  0%| F|  |TAMS 0x0000000708e00000, 0x0000000708e00000| Untracked 
|  45|0x0000000709000000, 0x0000000709000000, 0x0000000709200000|  0%| F|  |TAMS 0x0000000709000000, 0x0000000709000000| Untracked 
|  46|0x0000000709200000, 0x0000000709200000, 0x0000000709400000|  0%| F|  |TAMS 0x0000000709200000, 0x0000000709200000| Untracked 
|  47|0x0000000709400000, 0x0000000709400000, 0x0000000709600000|  0%| F|  |TAMS 0x0000000709400000, 0x0000000709400000| Untracked 
|  48|0x0000000709600000, 0x0000000709600000, 0x0000000709800000|  0%| F|  |TAMS 0x0000000709600000, 0x0000000709600000| Untracked 
|  49|0x0000000709800000, 0x0000000709800000, 0x0000000709a00000|  0%| F|  |TAMS 0x0000000709800000, 0x0000000709800000| Untracked 
|  50|0x0000000709a00000, 0x0000000709a00000, 0x0000000709c00000|  0%| F|  |TAMS 0x0000000709a00000, 0x0000000709a00000| Untracked 
|  51|0x0000000709c00000, 0x0000000709c00000, 0x0000000709e00000|  0%| F|  |TAMS 0x0000000709c00000, 0x0000000709c00000| Untracked 
|  52|0x0000000709e00000, 0x0000000709e00000, 0x000000070a000000|  0%| F|  |TAMS 0x0000000709e00000, 0x0000000709e00000| Untracked 
|  53|0x000000070a000000, 0x000000070a000000, 0x000000070a200000|  0%| F|  |TAMS 0x000000070a000000, 0x000000070a000000| Untracked 
|  54|0x000000070a200000, 0x000000070a200000, 0x000000070a400000|  0%| F|  |TAMS 0x000000070a200000, 0x000000070a200000| Untracked 
|  55|0x000000070a400000, 0x000000070a400000, 0x000000070a600000|  0%| F|  |TAMS 0x000000070a400000, 0x000000070a400000| Untracked 
|  56|0x000000070a600000, 0x000000070a600000, 0x000000070a800000|  0%| F|  |TAMS 0x000000070a600000, 0x000000070a600000| Untracked 
|  57|0x000000070a800000, 0x000000070a800000, 0x000000070aa00000|  0%| F|  |TAMS 0x000000070a800000, 0x000000070a800000| Untracked 
|  58|0x000000070aa00000, 0x000000070aa00000, 0x000000070ac00000|  0%| F|  |TAMS 0x000000070aa00000, 0x000000070aa00000| Untracked 
|  59|0x000000070ac00000, 0x000000070ac00000, 0x000000070ae00000|  0%| F|  |TAMS 0x000000070ac00000, 0x000000070ac00000| Untracked 
|  60|0x000000070ae00000, 0x000000070ae00000, 0x000000070b000000|  0%| F|  |TAMS 0x000000070ae00000, 0x000000070ae00000| Untracked 
|  61|0x000000070b000000, 0x000000070b000000, 0x000000070b200000|  0%| F|  |TAMS 0x000000070b000000, 0x000000070b000000| Untracked 
|  62|0x000000070b200000, 0x000000070b200000, 0x000000070b400000|  0%| F|  |TAMS 0x000000070b200000, 0x000000070b200000| Untracked 
|  63|0x000000070b400000, 0x000000070b400000, 0x000000070b600000|  0%| F|  |TAMS 0x000000070b400000, 0x000000070b400000| Untracked 
|  64|0x000000070b600000, 0x000000070b600000, 0x000000070b800000|  0%| F|  |TAMS 0x000000070b600000, 0x000000070b600000| Untracked 
|  65|0x000000070b800000, 0x000000070b800000, 0x000000070ba00000|  0%| F|  |TAMS 0x000000070b800000, 0x000000070b800000| Untracked 
|  66|0x000000070ba00000, 0x000000070ba00000, 0x000000070bc00000|  0%| F|  |TAMS 0x000000070ba00000, 0x000000070ba00000| Untracked 
|  67|0x000000070bc00000, 0x000000070bc00000, 0x000000070be00000|  0%| F|  |TAMS 0x000000070bc00000, 0x000000070bc00000| Untracked 
|  68|0x000000070be00000, 0x000000070be00000, 0x000000070c000000|  0%| F|  |TAMS 0x000000070be00000, 0x000000070be00000| Untracked 
|  69|0x000000070c000000, 0x000000070c000000, 0x000000070c200000|  0%| F|  |TAMS 0x000000070c000000, 0x000000070c000000| Untracked 
|  70|0x000000070c200000, 0x000000070c200000, 0x000000070c400000|  0%| F|  |TAMS 0x000000070c200000, 0x000000070c200000| Untracked 
|  71|0x000000070c400000, 0x000000070c400000, 0x000000070c600000|  0%| F|  |TAMS 0x000000070c400000, 0x000000070c400000| Untracked 
|  72|0x000000070c600000, 0x000000070c600000, 0x000000070c800000|  0%| F|  |TAMS 0x000000070c600000, 0x000000070c600000| Untracked 
|  73|0x000000070c800000, 0x000000070c800000, 0x000000070ca00000|  0%| F|  |TAMS 0x000000070c800000, 0x000000070c800000| Untracked 
|  74|0x000000070ca00000, 0x000000070ca00000, 0x000000070cc00000|  0%| F|  |TAMS 0x000000070ca00000, 0x000000070ca00000| Untracked 
|  75|0x000000070cc00000, 0x000000070cc00000, 0x000000070ce00000|  0%| F|  |TAMS 0x000000070cc00000, 0x000000070cc00000| Untracked 
|  76|0x000000070ce00000, 0x000000070ce00000, 0x000000070d000000|  0%| F|  |TAMS 0x000000070ce00000, 0x000000070ce00000| Untracked 
|  77|0x000000070d000000, 0x000000070d000000, 0x000000070d200000|  0%| F|  |TAMS 0x000000070d000000, 0x000000070d000000| Untracked 
|  78|0x000000070d200000, 0x000000070d200000, 0x000000070d400000|  0%| F|  |TAMS 0x000000070d200000, 0x000000070d200000| Untracked 
|  79|0x000000070d400000, 0x000000070d400000, 0x000000070d600000|  0%| F|  |TAMS 0x000000070d400000, 0x000000070d400000| Untracked 
|  80|0x000000070d600000, 0x000000070d600000, 0x000000070d800000|  0%| F|  |TAMS 0x000000070d600000, 0x000000070d600000| Untracked 
|  81|0x000000070d800000, 0x000000070d800000, 0x000000070da00000|  0%| F|  |TAMS 0x000000070d800000, 0x000000070d800000| Untracked 
|  82|0x000000070da00000, 0x000000070da00000, 0x000000070dc00000|  0%| F|  |TAMS 0x000000070da00000, 0x000000070da00000| Untracked 
|  83|0x000000070dc00000, 0x000000070dc00000, 0x000000070de00000|  0%| F|  |TAMS 0x000000070dc00000, 0x000000070dc00000| Untracked 
|  84|0x000000070de00000, 0x000000070de00000, 0x000000070e000000|  0%| F|  |TAMS 0x000000070de00000, 0x000000070de00000| Untracked 
|  85|0x000000070e000000, 0x000000070e000000, 0x000000070e200000|  0%| F|  |TAMS 0x000000070e000000, 0x000000070e000000| Untracked 
|  86|0x000000070e200000, 0x000000070e200000, 0x000000070e400000|  0%| F|  |TAMS 0x000000070e200000, 0x000000070e200000| Untracked 
|  87|0x000000070e400000, 0x000000070e400000, 0x000000070e600000|  0%| F|  |TAMS 0x000000070e400000, 0x000000070e400000| Untracked 
|  88|0x000000070e600000, 0x000000070e600000, 0x000000070e800000|  0%| F|  |TAMS 0x000000070e600000, 0x000000070e600000| Untracked 
|  89|0x000000070e800000, 0x000000070e800000, 0x000000070ea00000|  0%| F|  |TAMS 0x000000070e800000, 0x000000070e800000| Untracked 
|  90|0x000000070ea00000, 0x000000070ea00000, 0x000000070ec00000|  0%| F|  |TAMS 0x000000070ea00000, 0x000000070ea00000| Untracked 
|  91|0x000000070ec00000, 0x000000070ec00000, 0x000000070ee00000|  0%| F|  |TAMS 0x000000070ec00000, 0x000000070ec00000| Untracked 
|  92|0x000000070ee00000, 0x000000070ee00000, 0x000000070f000000|  0%| F|  |TAMS 0x000000070ee00000, 0x000000070ee00000| Untracked 
|  93|0x000000070f000000, 0x000000070f000000, 0x000000070f200000|  0%| F|  |TAMS 0x000000070f000000, 0x000000070f000000| Untracked 
|  94|0x000000070f200000, 0x000000070f200000, 0x000000070f400000|  0%| F|  |TAMS 0x000000070f200000, 0x000000070f200000| Untracked 
|  95|0x000000070f400000, 0x000000070f400000, 0x000000070f600000|  0%| F|  |TAMS 0x000000070f400000, 0x000000070f400000| Untracked 
|  96|0x000000070f600000, 0x000000070f600000, 0x000000070f800000|  0%| F|  |TAMS 0x000000070f600000, 0x000000070f600000| Untracked 
|  97|0x000000070f800000, 0x000000070f800000, 0x000000070fa00000|  0%| F|  |TAMS 0x000000070f800000, 0x000000070f800000| Untracked 
|  98|0x000000070fa00000, 0x000000070fa00000, 0x000000070fc00000|  0%| F|  |TAMS 0x000000070fa00000, 0x000000070fa00000| Untracked 
|  99|0x000000070fc00000, 0x000000070fc00000, 0x000000070fe00000|  0%| F|  |TAMS 0x000000070fc00000, 0x000000070fc00000| Untracked 
| 100|0x000000070fe00000, 0x000000070fe00000, 0x0000000710000000|  0%| F|  |TAMS 0x000000070fe00000, 0x000000070fe00000| Untracked 
| 101|0x0000000710000000, 0x0000000710000000, 0x0000000710200000|  0%| F|  |TAMS 0x0000000710000000, 0x0000000710000000| Untracked 
| 102|0x0000000710200000, 0x0000000710200000, 0x0000000710400000|  0%| F|  |TAMS 0x0000000710200000, 0x0000000710200000| Untracked 
| 103|0x0000000710400000, 0x0000000710400000, 0x0000000710600000|  0%| F|  |TAMS 0x0000000710400000, 0x0000000710400000| Untracked 
| 104|0x0000000710600000, 0x0000000710800000, 0x0000000710800000|100%| S|CS|TAMS 0x0000000710600000, 0x0000000710600000| Complete 
| 105|0x0000000710800000, 0x0000000710a00000, 0x0000000710a00000|100%| S|CS|TAMS 0x0000000710800000, 0x0000000710800000| Complete 
| 106|0x0000000710a00000, 0x0000000710c00000, 0x0000000710c00000|100%| S|CS|TAMS 0x0000000710a00000, 0x0000000710a00000| Complete 
| 107|0x0000000710c00000, 0x0000000710c00000, 0x0000000710e00000|  0%| F|  |TAMS 0x0000000710c00000, 0x0000000710c00000| Untracked 
| 108|0x0000000710e00000, 0x0000000710e00000, 0x0000000711000000|  0%| F|  |TAMS 0x0000000710e00000, 0x0000000710e00000| Untracked 
| 109|0x0000000711000000, 0x0000000711000000, 0x0000000711200000|  0%| F|  |TAMS 0x0000000711000000, 0x0000000711000000| Untracked 
| 110|0x0000000711200000, 0x0000000711200000, 0x0000000711400000|  0%| F|  |TAMS 0x0000000711200000, 0x0000000711200000| Untracked 
| 111|0x0000000711400000, 0x0000000711400000, 0x0000000711600000|  0%| F|  |TAMS 0x0000000711400000, 0x0000000711400000| Untracked 
| 112|0x0000000711600000, 0x0000000711600000, 0x0000000711800000|  0%| F|  |TAMS 0x0000000711600000, 0x0000000711600000| Untracked 
| 113|0x0000000711800000, 0x0000000711800000, 0x0000000711a00000|  0%| F|  |TAMS 0x0000000711800000, 0x0000000711800000| Untracked 
| 114|0x0000000711a00000, 0x0000000711a00000, 0x0000000711c00000|  0%| F|  |TAMS 0x0000000711a00000, 0x0000000711a00000| Untracked 
| 115|0x0000000711c00000, 0x0000000711c00000, 0x0000000711e00000|  0%| F|  |TAMS 0x0000000711c00000, 0x0000000711c00000| Untracked 
| 116|0x0000000711e00000, 0x0000000711e00000, 0x0000000712000000|  0%| F|  |TAMS 0x0000000711e00000, 0x0000000711e00000| Untracked 
| 117|0x0000000712000000, 0x0000000712000000, 0x0000000712200000|  0%| F|  |TAMS 0x0000000712000000, 0x0000000712000000| Untracked 
| 118|0x0000000712200000, 0x0000000712200000, 0x0000000712400000|  0%| F|  |TAMS 0x0000000712200000, 0x0000000712200000| Untracked 
| 119|0x0000000712400000, 0x0000000712400000, 0x0000000712600000|  0%| F|  |TAMS 0x0000000712400000, 0x0000000712400000| Untracked 
| 120|0x0000000712600000, 0x0000000712600000, 0x0000000712800000|  0%| F|  |TAMS 0x0000000712600000, 0x0000000712600000| Untracked 
| 121|0x0000000712800000, 0x0000000712976480, 0x0000000712a00000| 73%| E|  |TAMS 0x0000000712800000, 0x0000000712800000| Complete 
| 122|0x0000000712a00000, 0x0000000712c00000, 0x0000000712c00000|100%| E|CS|TAMS 0x0000000712a00000, 0x0000000712a00000| Complete 
| 123|0x0000000712c00000, 0x0000000712e00000, 0x0000000712e00000|100%| E|CS|TAMS 0x0000000712c00000, 0x0000000712c00000| Complete 
| 124|0x0000000712e00000, 0x0000000713000000, 0x0000000713000000|100%| E|CS|TAMS 0x0000000712e00000, 0x0000000712e00000| Complete 
| 125|0x0000000713000000, 0x0000000713200000, 0x0000000713200000|100%| E|CS|TAMS 0x0000000713000000, 0x0000000713000000| Complete 
| 126|0x0000000713200000, 0x0000000713400000, 0x0000000713400000|100%| E|CS|TAMS 0x0000000713200000, 0x0000000713200000| Complete 

Card table byte_map: [0x00000223f4570000,0x00000223f4d60000] _byte_map_base: 0x00000223f0d55000

Marking Bits (Prev, Next): (CMBitMap*) 0x00000223ebd84b40, (CMBitMap*) 0x00000223ebd84b80
 Prev Bits: [0x00000223f5550000, 0x00000223f9478000)
 Next Bits: [0x00000223f9480000, 0x00000223fd3a8000)

Polling page: 0x00000223e9c80000

Metaspace:

Usage:
  Non-class:     13.55 MB used.
      Class:      2.21 MB used.
       Both:     15.76 MB used.

Virtual space:
  Non-class space:       16.00 MB reserved,      13.69 MB ( 86%) committed,  2 nodes.
      Class space:        1.00 GB reserved,       2.38 MB ( <1%) committed,  1 nodes.
             Both:        1.02 GB reserved,      16.06 MB (  2%) committed. 

Chunk freelists:
   Non-Class:  1.91 MB
       Class:  1.67 MB
        Both:  3.58 MB

MaxMetaspaceSize: unlimited
CompressedClassSpaceSize: 1.00 GB
Initial GC threshold: 21.00 MB
Current GC threshold: 21.00 MB
CDS: on
MetaspaceReclaimPolicy: balanced
 - commit_granule_bytes: 65536.
 - commit_granule_words: 8192.
 - virtual_space_node_default_size: 1048576.
 - enlarge_chunks_in_place: 1.
 - new_chunks_are_fully_committed: 0.
 - uncommit_free_chunks: 1.
 - use_allocation_guard: 0.
 - handle_deallocations: 1.


Internal statistics:

num_allocs_failed_limit: 0.
num_arena_births: 228.
num_arena_deaths: 0.
num_vsnodes_births: 3.
num_vsnodes_deaths: 0.
num_space_committed: 257.
num_space_uncommitted: 0.
num_chunks_returned_to_freelist: 0.
num_chunks_taken_from_freelist: 750.
num_chunk_merges: 0.
num_chunk_splits: 501.
num_chunks_enlarged: 391.
num_purges: 0.
num_inconsistent_stats: 0.

CodeHeap 'non-profiled nmethods': size=120000Kb used=1192Kb max_used=1192Kb free=118807Kb
 bounds [0x0000022387ad0000, 0x0000022387d40000, 0x000002238f000000]
CodeHeap 'profiled nmethods': size=120000Kb used=5660Kb max_used=5660Kb free=114339Kb
 bounds [0x00000223805a0000, 0x0000022380b30000, 0x0000022387ad0000]
CodeHeap 'non-nmethods': size=5760Kb used=1441Kb max_used=1469Kb free=4318Kb
 bounds [0x0000022380000000, 0x0000022380270000, 0x00000223805a0000]
 total_blobs=3811 nmethods=3020 adapters=702
 compilation: enabled
              stopped_count=0, restarted_count=0
 full_count=0

Compilation events (20 events):
Event: 12.962 Thread 0x000002238fc03210 3013       4       javafx.scene.Node::getLocalBounds (162 bytes)
Event: 12.970 Thread 0x000002238fc03210 nmethod 3013 0x0000022387bf8410 code [0x0000022387bf8680, 0x0000022387bf92d0]
Event: 12.974 Thread 0x000002238fc040c0 3014       1       com.sun.javafx.stage.WindowEventDispatcher::getLastDispatcher (5 bytes)
Event: 12.974 Thread 0x000002238fc040c0 nmethod 3014 0x0000022387bf9b10 code [0x0000022387bf9ca0, 0x0000022387bf9d78]
Event: 15.325 Thread 0x000002238fc040c0 3015       3       java.lang.StringBuilder::append (8 bytes)
Event: 15.325 Thread 0x000002238fc040c0 nmethod 3015 0x0000022380b22610 code [0x0000022380b227a0, 0x0000022380b228e8]
Event: 15.325 Thread 0x000002238fc040c0 3016       3       java.util.Properties::saveConvert (383 bytes)
Event: 15.326 Thread 0x000002238fc040c0 nmethod 3016 0x0000022380b22990 code [0x0000022380b22de0, 0x0000022380b24a28]
Event: 15.326 Thread 0x000002238fc040c0 3017       3       java.util.concurrent.ConcurrentHashMap$EntryIterator::next (5 bytes)
Event: 15.326 Thread 0x000002238fc040c0 nmethod 3017 0x0000022380b25490 code [0x0000022380b25620, 0x0000022380b25768]
Event: 15.326 Thread 0x000002238fc040c0 3018       3       java.util.concurrent.ConcurrentHashMap$EntryIterator::next (51 bytes)
Event: 15.326 Thread 0x000002238fc03210 3020       4       java.lang.StringLatin1::inflate (34 bytes)
Event: 15.327 Thread 0x000002238fc040c0 nmethod 3018 0x0000022380b25810 code [0x0000022380b259e0, 0x0000022380b25f18]
Event: 15.327 Thread 0x000002238fc040c0 3019       3       java.io.BufferedWriter::ensureOpen (18 bytes)
Event: 15.327 Thread 0x000002238fc040c0 nmethod 3019 0x0000022380b26090 code [0x0000022380b26240, 0x0000022380b26448]
Event: 15.329 Thread 0x000002238fc03210 nmethod 3020 0x0000022387bf9e10 code [0x0000022387bf9f80, 0x0000022387bfa298]
Event: 292.260 Thread 0x000002238fc040c0 3021       3       sun.invoke.util.BytecodeDescriptor::unparseMethod (66 bytes)
Event: 292.261 Thread 0x000002238fc040c0 nmethod 3021 0x0000022380b26510 code [0x0000022380b26740, 0x0000022380b26dc8]
Event: 292.261 Thread 0x000002238fc03210 3022       4       java.lang.invoke.MethodType::makeImpl (109 bytes)
Event: 292.261 Thread 0x000002238fc040c0 3024       3       java.util.LinkedList$ListItr::next (56 bytes)

GC Heap History (4 events):
Event: 0.558 GC heap before
{Heap before GC invocations=0 (full 0):
 garbage-first heap   total 260096K, used 20480K [0x0000000703600000, 0x0000000800000000)
  region size 2048K, 11 young (22528K), 0 survivors (0K)
 Metaspace       used 5224K, committed 5376K, reserved 1056768K
  class space    used 622K, committed 704K, reserved 1048576K
}
Event: 0.560 GC heap after
{Heap after GC invocations=1 (full 0):
 garbage-first heap   total 260096K, used 2741K [0x0000000703600000, 0x0000000800000000)
  region size 2048K, 2 young (4096K), 2 survivors (4096K)
 Metaspace       used 5224K, committed 5376K, reserved 1056768K
  class space    used 622K, committed 704K, reserved 1048576K
}
Event: 1.939 GC heap before
{Heap before GC invocations=1 (full 0):
 garbage-first heap   total 260096K, used 39605K [0x0000000703600000, 0x0000000800000000)
  region size 2048K, 20 young (40960K), 2 survivors (4096K)
 Metaspace       used 14603K, committed 14976K, reserved 1064960K
  class space    used 2055K, committed 2240K, reserved 1048576K
}
Event: 1.944 GC heap after
{Heap after GC invocations=2 (full 0):
 garbage-first heap   total 260096K, used 9543K [0x0000000703600000, 0x0000000800000000)
  region size 2048K, 3 young (6144K), 3 survivors (6144K)
 Metaspace       used 14603K, committed 14976K, reserved 1064960K
  class space    used 2055K, committed 2240K, reserved 1048576K
}

Deoptimization events (20 events):
Event: 1.994 Thread 0x0000022390665e30 DEOPT PACKING pc=0x0000022380854a38 sp=0x000000512cdfd230
Event: 1.994 Thread 0x0000022390665e30 DEOPT UNPACKING pc=0x0000022380056763 sp=0x000000512cdfc5e8 mode 0
Event: 3.022 Thread 0x0000022390665e30 DEOPT PACKING pc=0x00000223809504ec sp=0x000000512cdfd800
Event: 3.022 Thread 0x0000022390665e30 DEOPT UNPACKING pc=0x0000022380056763 sp=0x000000512cdfcc38 mode 0
Event: 3.024 Thread 0x0000022390665e30 DEOPT PACKING pc=0x000002238095004a sp=0x000000512cdfd350
Event: 3.024 Thread 0x0000022390665e30 DEOPT UNPACKING pc=0x0000022380056763 sp=0x000000512cdfc788 mode 0
Event: 3.515 Thread 0x0000022390665e30 DEOPT PACKING pc=0x000002238095004a sp=0x000000512cdfd350
Event: 3.515 Thread 0x0000022390665e30 DEOPT UNPACKING pc=0x0000022380056763 sp=0x000000512cdfc788 mode 0
Event: 5.037 Thread 0x00000223906c8af0 Uncommon trap: trap_request=0xffffff45 fr.pc=0x0000022387b166ec relative=0x000000000000044c
Event: 5.037 Thread 0x00000223906c8af0 Uncommon trap: reason=unstable_if action=reinterpret pc=0x0000022387b166ec method=java.lang.StringLatin1.canEncode(I)Z @ 4 c2
Event: 5.038 Thread 0x00000223906c8af0 DEOPT PACKING pc=0x0000022387b166ec sp=0x000000512d0fa360
Event: 5.038 Thread 0x00000223906c8af0 DEOPT UNPACKING pc=0x0000022380055c23 sp=0x000000512d0fa288 mode 2
Event: 5.128 Thread 0x00000223906c8af0 Uncommon trap: trap_request=0xffffff45 fr.pc=0x0000022387b31478 relative=0x0000000000000458
Event: 5.128 Thread 0x00000223906c8af0 Uncommon trap: reason=unstable_if action=reinterpret pc=0x0000022387b31478 method=java.lang.AbstractStringBuilder.append(C)Ljava/lang/AbstractStringBuilder; @ 21 c2
Event: 5.128 Thread 0x00000223906c8af0 DEOPT PACKING pc=0x0000022387b31478 sp=0x000000512d0fa300
Event: 5.128 Thread 0x00000223906c8af0 DEOPT UNPACKING pc=0x0000022380055c23 sp=0x000000512d0fa2e0 mode 2
Event: 9.009 Thread 0x00000223906c8af0 Uncommon trap: trap_request=0xffffff45 fr.pc=0x0000022387b2be84 relative=0x0000000000001064
Event: 9.009 Thread 0x00000223906c8af0 Uncommon trap: reason=unstable_if action=reinterpret pc=0x0000022387b2be84 method=java.util.concurrent.ConcurrentHashMap.putVal(Ljava/lang/Object;Ljava/lang/Object;Z)Ljava/lang/Object; @ 231 c2
Event: 9.009 Thread 0x00000223906c8af0 DEOPT PACKING pc=0x0000022387b2be84 sp=0x000000512d0f78d0
Event: 9.010 Thread 0x00000223906c8af0 DEOPT UNPACKING pc=0x0000022380055c23 sp=0x000000512d0f7840 mode 2

Classes unloaded (0 events):
No events

Classes redefined (0 events):
No events

Internal exceptions (20 events):
Event: 0.769 Thread 0x00000223906c8af0 Implicit null exception at 0x0000022387b4049e to 0x0000022387b41548
Event: 0.776 Thread 0x00000223906c8af0 Implicit null exception at 0x0000022387b38e10 to 0x0000022387b39354
Event: 0.777 Thread 0x00000223906c8af0 Implicit null exception at 0x0000022387b3b70f to 0x0000022387b3baec
Event: 0.834 Thread 0x00000223906c8af0 Exception <a 'java/lang/NoSuchMethodError'{0x00000007118cfa88}: 'java.lang.Object java.lang.invoke.DirectMethodHandle$Holder.invokeInterface(java.lang.Object, java.lang.Object, java.lang.Object)'> (0x00000007118cfa88) 
thrown [s\src\hotspot\share\interpreter\linkResolver.cpp, line 759]
Event: 0.835 Thread 0x00000223906c8af0 Exception <a 'java/lang/IncompatibleClassChangeError'{0x00000007118d3410}: Found class java.lang.Object, but interface was expected> (0x00000007118d3410) 
thrown [s\src\hotspot\share\interpreter\linkResolver.cpp, line 826]
Event: 0.865 Thread 0x00000223906c8af0 Exception <a 'java/lang/NoSuchMethodError'{0x000000071165f470}: 'java.lang.Object java.lang.invoke.DirectMethodHandle$Holder.newInvokeSpecial(java.lang.Object, java.lang.Object, int)'> (0x000000071165f470) 
thrown [s\src\hotspot\share\interpreter\linkResolver.cpp, line 759]
Event: 0.892 Thread 0x0000022390665e30 Exception <a 'java/lang/NoSuchMethodError'{0x000000071141c9f0}: 'int java.lang.invoke.DirectMethodHandle$Holder.invokeStaticInit(java.lang.Object, java.lang.Object)'> (0x000000071141c9f0) 
thrown [s\src\hotspot\share\interpreter\linkResolver.cpp, line 759]
Event: 0.902 Thread 0x0000022390665e30 Exception <a 'java/lang/NoSuchMethodError'{0x00000007114bb730}: 'java.lang.Object java.lang.invoke.DirectMethodHandle$Holder.invokeStaticInit(java.lang.Object, int)'> (0x00000007114bb730) 
thrown [s\src\hotspot\share\interpreter\linkResolver.cpp, line 759]
Event: 1.786 Thread 0x00000223906c8af0 Exception <a 'java/lang/NoSuchMethodError'{0x00000007111f5368}: 'long java.lang.invoke.DirectMethodHandle$Holder.invokeStatic(java.lang.Object, java.lang.Object, java.lang.Object)'> (0x00000007111f5368) 
thrown [s\src\hotspot\share\interpreter\linkResolver.cpp, line 759]
Event: 1.787 Thread 0x00000223906c8af0 Exception <a 'java/lang/NoSuchMethodError'{0x00000007111f8b10}: 'long java.lang.invoke.DirectMethodHandle$Holder.invokeStaticInit(java.lang.Object, java.lang.Object, java.lang.Object)'> (0x00000007111f8b10) 
thrown [s\src\hotspot\share\interpreter\linkResolver.cpp, line 759]
Event: 1.788 Thread 0x00000223906c8af0 Exception <a 'java/lang/NoSuchMethodError'{0x0000000710e10ba8}: 'java.lang.Object java.lang.invoke.DirectMethodHandle$Holder.newInvokeSpecial(java.lang.Object, java.lang.Object, long)'> (0x0000000710e10ba8) 
thrown [s\src\hotspot\share\interpreter\linkResolver.cpp, line 759]
Event: 1.788 Thread 0x00000223906c8af0 Exception <a 'java/lang/NoSuchMethodError'{0x0000000710e14718}: 'java.lang.Object java.lang.invoke.Invokers$Holder.linkToTargetMethod(java.lang.Object, long, java.lang.Object)'> (0x0000000710e14718) 
thrown [s\src\hotspot\share\interpreter\linkResolver.cpp, line 759]
Event: 1.921 Thread 0x00000223906c8af0 Exception <a 'java/lang/ClassNotFoundException'{0x0000000710c709f8}: com/sun/javafx/scene/control/skin/resources/controls> (0x0000000710c709f8) 
thrown [s\src\hotspot\share\prims\jni.cpp, line 535]
Event: 1.921 Thread 0x00000223906c8af0 Exception <a 'java/lang/ClassNotFoundException'{0x0000000710c7ec68}: com/sun/javafx/scene/control/skin/resources/controls_ru> (0x0000000710c7ec68) 
thrown [s\src\hotspot\share\prims\jni.cpp, line 535]
Event: 1.921 Thread 0x00000223906c8af0 Exception <a 'java/lang/ClassNotFoundException'{0x0000000710c7fed0}: com/sun/javafx/scene/control/skin/resources/controls_ru_RU> (0x0000000710c7fed0) 
thrown [s\src\hotspot\share\prims\jni.cpp, line 535]
Event: 1.939 Thread 0x00000223906c8af0 Exception <a 'java/lang/NoSuchMethodError'{0x0000000710df5f08}: 'void java.lang.invoke.DirectMethodHandle$Holder.invokeSpecial(java.lang.Object, java.lang.Object, java.lang.Object, java.lang.Object, java.lang.Object, java.lang.Object)'> (0x0000000710df5f08) 
thrown [s\src\hotspot\share\interpreter\linkResolver.cpp, line 759]
Event: 8.793 Thread 0x00000223906c8af0 Exception <a 'java/lang/NoSuchMethodError'{0x0000000712d83610}: 'java.lang.Object java.lang.invoke.DirectMethodHandle$Holder.newInvokeSpecial(java.lang.Object, java.lang.Object, int, int, int, int, int, java.lang.Object)'> (0x0000000712d83610) 
thrown [s\src\hotspot\share\interpreter\linkResolver.cpp, line 759]
Event: 8.794 Thread 0x00000223906c8af0 Exception <a 'java/lang/NoSuchMethodError'{0x0000000712d96de8}: 'java.lang.Object java.lang.invoke.DirectMethodHandle$Holder.newInvokeSpecial(java.lang.Object, java.lang.Object, java.lang.Object, int, int, int, int, int)'> (0x0000000712d96de8) 
thrown [s\src\hotspot\share\interpreter\linkResolver.cpp, line 759]
Event: 8.794 Thread 0x00000223906c8af0 Exception <a 'java/lang/NoSuchMethodError'{0x0000000712d9f0e8}: 'java.lang.Object java.lang.invoke.Invokers$Holder.linkToTargetMethod(java.lang.Object, java.lang.Object, int, int, int, int, int, java.lang.Object)'> (0x0000000712d9f0e8) 
thrown [s\src\hotspot\share\interpreter\linkResolver.cpp, line 759]
Event: 292.260 Thread 0x00000223906c5fa0 Exception <a 'java/lang/NullPointerException'{0x0000000712f029c0}> (0x0000000712f029c0) 
thrown [s\src\hotspot\share\prims\jni.cpp, line 901]

VM Operations (20 events):
Event: 3.944 Executing VM operation: Cleanup done
Event: 4.945 Executing VM operation: Cleanup
Event: 4.945 Executing VM operation: Cleanup done
Event: 5.946 Executing VM operation: Cleanup
Event: 5.946 Executing VM operation: Cleanup done
Event: 6.946 Executing VM operation: Cleanup
Event: 6.947 Executing VM operation: Cleanup done
Event: 7.947 Executing VM operation: Cleanup
Event: 7.947 Executing VM operation: Cleanup done
Event: 8.948 Executing VM operation: Cleanup
Event: 8.948 Executing VM operation: Cleanup done
Event: 9.949 Executing VM operation: Cleanup
Event: 9.949 Executing VM operation: Cleanup done
Event: 10.949 Executing VM operation: Cleanup
Event: 10.949 Executing VM operation: Cleanup done
Event: 11.949 Executing VM operation: Cleanup
Event: 11.949 Executing VM operation: Cleanup done
Event: 12.950 Executing VM operation: Cleanup
Event: 12.950 Executing VM operation: Cleanup done
Event: 292.261 Executing VM operation: Exit

Events (20 events):
Event: 9.010 loading class sun/text/RuleBasedBreakIterator done
Event: 9.011 loading class sun/text/CompactByteArray
Event: 9.011 loading class sun/text/CompactByteArray done
Event: 9.011 loading class sun/text/SupplementaryCharacterData
Event: 9.011 loading class sun/text/SupplementaryCharacterData done
Event: 9.011 loading class java/text/BreakIterator$BreakIteratorCache
Event: 9.011 loading class java/text/BreakIterator$BreakIteratorCache done
Event: 9.011 loading class java/text/StringCharacterIterator
Event: 9.011 loading class java/text/StringCharacterIterator done
Event: 292.259 loading class jdk/internal/misc/Signal$1
Event: 292.259 loading class jdk/internal/misc/Signal$1 done
Event: 292.259 Thread 0x000002239a3b8bf0 Thread added: 0x000002239a3b8bf0
Event: 292.260 Thread 0x000002239a3b90c0 Thread added: 0x000002239a3b90c0
Event: 292.260 Thread 0x000002239a3bb270 Thread added: 0x000002239a3bb270
Event: 292.260 Thread 0x000002239a3b90c0 Thread exited: 0x000002239a3b90c0
Event: 292.260 loading class java/lang/Throwable$WrappedPrintStream
Event: 292.260 loading class java/lang/Throwable$PrintStreamOrWriter
Event: 292.260 loading class java/lang/Throwable$PrintStreamOrWriter done
Event: 292.260 loading class java/lang/Throwable$WrappedPrintStream done
Event: 292.261 Thread 0x000002239a3bb270 Thread exited: 0x000002239a3bb270


Dynamic libraries:
0x00007ff69b180000 - 0x00007ff69b18d000 	C:\Users\ipenk\.jdks\corretto-17.0.4.1\bin\java.exe
0x00007ffe8df40000 - 0x00007ffe8e149000 	C:\Windows\SYSTEM32\ntdll.dll
0x00007ffe8d370000 - 0x00007ffe8d42e000 	C:\Windows\System32\KERNEL32.DLL
0x00007ffe8b560000 - 0x00007ffe8b8db000 	C:\Windows\System32\KERNELBASE.dll
0x00007ffe8b440000 - 0x00007ffe8b551000 	C:\Windows\System32\ucrtbase.dll
0x00007ffe84360000 - 0x00007ffe84375000 	C:\Users\ipenk\.jdks\corretto-17.0.4.1\bin\VCRUNTIME140.dll
0x00007ffe84340000 - 0x00007ffe84358000 	C:\Users\ipenk\.jdks\corretto-17.0.4.1\bin\jli.dll
0x00007ffe8d810000 - 0x00007ffe8d9bd000 	C:\Windows\System32\USER32.dll
0x00007ffe57e60000 - 0x00007ffe58105000 	C:\Windows\WinSxS\amd64_microsoft.windows.common-controls_6595b64144ccf1df_6.0.22000.120_none_9d947278b86cc467\COMCTL32.dll
0x00007ffe8b410000 - 0x00007ffe8b436000 	C:\Windows\System32\win32u.dll
0x00007ffe8dda0000 - 0x00007ffe8de43000 	C:\Windows\System32\msvcrt.dll
0x00007ffe8bde0000 - 0x00007ffe8be09000 	C:\Windows\System32\GDI32.dll
0x00007ffe8bc00000 - 0x00007ffe8bd18000 	C:\Windows\System32\gdi32full.dll
0x00007ffe8bd20000 - 0x00007ffe8bdbd000 	C:\Windows\System32\msvcp_win.dll
0x00007ffe8c800000 - 0x00007ffe8c832000 	C:\Windows\System32\IMM32.DLL
0x00007ffe74b40000 - 0x00007ffe74bdb000 	C:\Users\ipenk\.jdks\corretto-17.0.4.1\bin\msvcp140.dll
0x00007ffe714b0000 - 0x00007ffe720c4000 	C:\Users\ipenk\.jdks\corretto-17.0.4.1\bin\server\jvm.dll
0x00007ffe8dcf0000 - 0x00007ffe8dd9e000 	C:\Windows\System32\ADVAPI32.dll
0x00007ffe8dc50000 - 0x00007ffe8dcee000 	C:\Windows\System32\sechost.dll
0x00007ffe8d250000 - 0x00007ffe8d370000 	C:\Windows\System32\RPCRT4.dll
0x00007ffe8bdd0000 - 0x00007ffe8bdd8000 	C:\Windows\System32\PSAPI.DLL
0x00007ffe85aa0000 - 0x00007ffe85ad3000 	C:\Windows\SYSTEM32\WINMM.dll
0x00007ffe644b0000 - 0x00007ffe644b9000 	C:\Windows\SYSTEM32\WSOCK32.dll
0x00007ffe86210000 - 0x00007ffe8621a000 	C:\Windows\SYSTEM32\VERSION.dll
0x00007ffe8bfd0000 - 0x00007ffe8c03f000 	C:\Windows\System32\WS2_32.dll
0x00007ffe8a540000 - 0x00007ffe8a558000 	C:\Windows\SYSTEM32\kernel.appcore.dll
0x00007ffe87870000 - 0x00007ffe8787a000 	C:\Users\ipenk\.jdks\corretto-17.0.4.1\bin\jimage.dll
0x00007ffe7c5f0000 - 0x00007ffe7c811000 	C:\Windows\SYSTEM32\DBGHELP.DLL
0x00007ffe7c450000 - 0x00007ffe7c481000 	C:\Windows\SYSTEM32\dbgcore.DLL
0x00007ffe8bb10000 - 0x00007ffe8bb8f000 	C:\Windows\System32\bcryptPrimitives.dll
0x00007ffe7d810000 - 0x00007ffe7d81e000 	C:\Users\ipenk\.jdks\corretto-17.0.4.1\bin\instrument.dll
0x00007ffe74b10000 - 0x00007ffe74b35000 	C:\Users\ipenk\.jdks\corretto-17.0.4.1\bin\java.dll
0x00007ffe74450000 - 0x00007ffe74526000 	C:\Users\ipenk\.jdks\corretto-17.0.4.1\bin\jsvml.dll
0x00007ffe8c040000 - 0x00007ffe8c7f8000 	C:\Windows\System32\SHELL32.dll
0x00007ffe894d0000 - 0x00007ffe89d35000 	C:\Windows\SYSTEM32\windows.storage.dll
0x00007ffe8c840000 - 0x00007ffe8cbb8000 	C:\Windows\System32\combase.dll
0x00007ffe89360000 - 0x00007ffe894c6000 	C:\Windows\SYSTEM32\wintypes.dll
0x00007ffe8d430000 - 0x00007ffe8d51a000 	C:\Windows\System32\SHCORE.dll
0x00007ffe8dbf0000 - 0x00007ffe8dc4d000 	C:\Windows\System32\shlwapi.dll
0x00007ffe8b340000 - 0x00007ffe8b361000 	C:\Windows\SYSTEM32\profapi.dll
0x00007ffe7a850000 - 0x00007ffe7a869000 	C:\Users\ipenk\.jdks\corretto-17.0.4.1\bin\net.dll
0x00007ffe85f40000 - 0x00007ffe86054000 	C:\Windows\SYSTEM32\WINHTTP.dll
0x00007ffe8a9d0000 - 0x00007ffe8aa37000 	C:\Windows\system32\mswsock.dll
0x00007ffe74ab0000 - 0x00007ffe74ac5000 	C:\Users\ipenk\.jdks\corretto-17.0.4.1\bin\nio.dll
0x00007ffe7b500000 - 0x00007ffe7b518000 	C:\Users\ipenk\.jdks\corretto-17.0.4.1\bin\zip.dll
0x00007ffe74360000 - 0x00007ffe7437a000 	C:\Program Files\JetBrains\IntelliJ IDEA 2022.2.1\bin\breakgen64.dll
0x000002238f330000 - 0x000002238f333000 	C:\Users\ipenk\.openjfx\cache\17.0.2-ea\api-ms-win-core-console-l1-1-0.dll
0x000002238f340000 - 0x000002238f343000 	C:\Users\ipenk\.openjfx\cache\17.0.2-ea\api-ms-win-core-console-l1-2-0.dll
0x000002238f350000 - 0x000002238f353000 	C:\Users\ipenk\.openjfx\cache\17.0.2-ea\api-ms-win-core-datetime-l1-1-0.dll
0x000002238f360000 - 0x000002238f363000 	C:\Users\ipenk\.openjfx\cache\17.0.2-ea\api-ms-win-core-debug-l1-1-0.dll
0x000002238f370000 - 0x000002238f373000 	C:\Users\ipenk\.openjfx\cache\17.0.2-ea\api-ms-win-core-errorhandling-l1-1-0.dll
0x000002238f380000 - 0x000002238f384000 	C:\Users\ipenk\.openjfx\cache\17.0.2-ea\api-ms-win-core-file-l1-1-0.dll
0x000002238f390000 - 0x000002238f393000 	C:\Users\ipenk\.openjfx\cache\17.0.2-ea\api-ms-win-core-file-l1-2-0.dll
0x000002238f3a0000 - 0x000002238f3a3000 	C:\Users\ipenk\.openjfx\cache\17.0.2-ea\api-ms-win-core-file-l2-1-0.dll
0x000002238f3b0000 - 0x000002238f3b3000 	C:\Users\ipenk\.openjfx\cache\17.0.2-ea\api-ms-win-core-handle-l1-1-0.dll
0x000002238f3c0000 - 0x000002238f3c3000 	C:\Users\ipenk\.openjfx\cache\17.0.2-ea\api-ms-win-core-heap-l1-1-0.dll
0x000002238f3d0000 - 0x000002238f3d3000 	C:\Users\ipenk\.openjfx\cache\17.0.2-ea\api-ms-win-core-interlocked-l1-1-0.dll
0x000002238f3e0000 - 0x000002238f3e3000 	C:\Users\ipenk\.openjfx\cache\17.0.2-ea\api-ms-win-core-libraryloader-l1-1-0.dll
0x000002238f3f0000 - 0x000002238f3f3000 	C:\Users\ipenk\.openjfx\cache\17.0.2-ea\api-ms-win-core-localization-l1-2-0.dll
0x00000223917d0000 - 0x00000223917d3000 	C:\Users\ipenk\.openjfx\cache\17.0.2-ea\api-ms-win-core-memory-l1-1-0.dll
0x00000223917e0000 - 0x00000223917e3000 	C:\Users\ipenk\.openjfx\cache\17.0.2-ea\api-ms-win-core-namedpipe-l1-1-0.dll
0x00000223917f0000 - 0x00000223917f3000 	C:\Users\ipenk\.openjfx\cache\17.0.2-ea\api-ms-win-core-processenvironment-l1-1-0.dll
0x0000022391800000 - 0x0000022391803000 	C:\Users\ipenk\.openjfx\cache\17.0.2-ea\api-ms-win-core-processthreads-l1-1-0.dll
0x0000022391810000 - 0x0000022391813000 	C:\Users\ipenk\.openjfx\cache\17.0.2-ea\api-ms-win-core-processthreads-l1-1-1.dll
0x0000022391820000 - 0x0000022391823000 	C:\Users\ipenk\.openjfx\cache\17.0.2-ea\api-ms-win-core-profile-l1-1-0.dll
0x0000022391830000 - 0x0000022391833000 	C:\Users\ipenk\.openjfx\cache\17.0.2-ea\api-ms-win-core-rtlsupport-l1-1-0.dll
0x0000022391840000 - 0x0000022391843000 	C:\Users\ipenk\.openjfx\cache\17.0.2-ea\api-ms-win-core-string-l1-1-0.dll
0x0000022391850000 - 0x0000022391853000 	C:\Users\ipenk\.openjfx\cache\17.0.2-ea\api-ms-win-core-synch-l1-1-0.dll
0x0000022391860000 - 0x0000022391863000 	C:\Users\ipenk\.openjfx\cache\17.0.2-ea\api-ms-win-core-synch-l1-2-0.dll
0x0000022391870000 - 0x0000022391873000 	C:\Users\ipenk\.openjfx\cache\17.0.2-ea\api-ms-win-core-sysinfo-l1-1-0.dll
0x0000022391880000 - 0x0000022391883000 	C:\Users\ipenk\.openjfx\cache\17.0.2-ea\api-ms-win-core-timezone-l1-1-0.dll
0x0000022391890000 - 0x0000022391893000 	C:\Users\ipenk\.openjfx\cache\17.0.2-ea\api-ms-win-core-util-l1-1-0.dll
0x00000223918a0000 - 0x00000223918a3000 	C:\Users\ipenk\.openjfx\cache\17.0.2-ea\api-ms-win-crt-conio-l1-1-0.dll
0x00000223918b0000 - 0x00000223918b4000 	C:\Users\ipenk\.openjfx\cache\17.0.2-ea\api-ms-win-crt-convert-l1-1-0.dll
0x00000223918c0000 - 0x00000223918c3000 	C:\Users\ipenk\.openjfx\cache\17.0.2-ea\api-ms-win-crt-environment-l1-1-0.dll
0x00000223918d0000 - 0x00000223918d3000 	C:\Users\ipenk\.openjfx\cache\17.0.2-ea\api-ms-win-crt-filesystem-l1-1-0.dll
0x00000223918e0000 - 0x00000223918e3000 	C:\Users\ipenk\.openjfx\cache\17.0.2-ea\api-ms-win-crt-heap-l1-1-0.dll
0x00000223918f0000 - 0x00000223918f3000 	C:\Users\ipenk\.openjfx\cache\17.0.2-ea\api-ms-win-crt-locale-l1-1-0.dll
0x0000022391900000 - 0x0000022391905000 	C:\Users\ipenk\.openjfx\cache\17.0.2-ea\api-ms-win-crt-math-l1-1-0.dll
0x0000022391910000 - 0x0000022391915000 	C:\Users\ipenk\.openjfx\cache\17.0.2-ea\api-ms-win-crt-multibyte-l1-1-0.dll
0x0000022391920000 - 0x0000022391930000 	C:\Users\ipenk\.openjfx\cache\17.0.2-ea\api-ms-win-crt-private-l1-1-0.dll
0x0000022391930000 - 0x0000022391933000 	C:\Users\ipenk\.openjfx\cache\17.0.2-ea\api-ms-win-crt-process-l1-1-0.dll
0x0000022391940000 - 0x0000022391944000 	C:\Users\ipenk\.openjfx\cache\17.0.2-ea\api-ms-win-crt-runtime-l1-1-0.dll
0x0000022391950000 - 0x0000022391954000 	C:\Users\ipenk\.openjfx\cache\17.0.2-ea\api-ms-win-crt-stdio-l1-1-0.dll
0x0000022391960000 - 0x0000022391964000 	C:\Users\ipenk\.openjfx\cache\17.0.2-ea\api-ms-win-crt-string-l1-1-0.dll
0x0000022391970000 - 0x0000022391973000 	C:\Users\ipenk\.openjfx\cache\17.0.2-ea\api-ms-win-crt-time-l1-1-0.dll
0x0000022391980000 - 0x0000022391983000 	C:\Users\ipenk\.openjfx\cache\17.0.2-ea\api-ms-win-crt-utility-l1-1-0.dll
0x00007ffe6bfd0000 - 0x00007ffe6c0cc000 	C:\Users\ipenk\.openjfx\cache\17.0.2-ea\ucrtbase.dll
0x00007ffe70f30000 - 0x00007ffe70f4a000 	C:\Users\ipenk\.openjfx\cache\17.0.2-ea\vcruntime140.dll
0x00007ffe7d710000 - 0x00007ffe7d71c000 	C:\Users\ipenk\.openjfx\cache\17.0.2-ea\vcruntime140_1.dll
0x00007ffe6ff20000 - 0x00007ffe6ffad000 	C:\Users\ipenk\.openjfx\cache\17.0.2-ea\msvcp140.dll
0x00007ffe70f00000 - 0x00007ffe70f2a000 	C:\Users\ipenk\.openjfx\cache\17.0.2-ea\prism_d3d.dll
0x00007ffe7d120000 - 0x00007ffe7d2c6000 	C:\Windows\system32\d3d9.dll
0x00007ffe88d70000 - 0x00007ffe88d9f000 	C:\Windows\SYSTEM32\dwmapi.dll
0x00007ffe88cd0000 - 0x00007ffe88d08000 	C:\Windows\SYSTEM32\dxcore.dll
0x00007ffe88a20000 - 0x00007ffe88acc000 	C:\Windows\system32\uxtheme.dll
0x00007ffe86290000 - 0x00007ffe862d4000 	C:\Windows\SYSTEM32\directxdatabasehelper.dll
0x00007ffe8a560000 - 0x00007ffe8a594000 	C:\Windows\SYSTEM32\ntmarta.dll
0x00007ffe8ad00000 - 0x00007ffe8ad12000 	C:\Windows\SYSTEM32\msasn1.dll
0x00007ffe81ee0000 - 0x00007ffe81f11000 	C:\Windows\SYSTEM32\cryptnet.dll
0x00007ffe8b9a0000 - 0x00007ffe8bb02000 	C:\Windows\System32\CRYPT32.dll
0x00007ffe8abc0000 - 0x00007ffe8abcc000 	C:\Windows\SYSTEM32\cryptbase.dll
0x00007ffe8bb90000 - 0x00007ffe8bbf8000 	C:\Windows\System32\WINTRUST.DLL
0x00007ffe8bfb0000 - 0x00007ffe8bfcf000 	C:\Windows\System32\imagehlp.dll
0x00007ffe8acb0000 - 0x00007ffe8acc8000 	C:\Windows\SYSTEM32\CRYPTSP.dll
0x00007ffe8a4a0000 - 0x00007ffe8a4d5000 	C:\Windows\system32\rsaenh.dll
0x00007ffe8adf0000 - 0x00007ffe8ae17000 	C:\Windows\SYSTEM32\bcrypt.dll
0x00007ffe6e970000 - 0x00007ffe6e9b2000 	C:\Users\ipenk\.openjfx\cache\17.0.2-ea\glass.dll
0x00007ffe8d0a0000 - 0x00007ffe8d18c000 	C:\Windows\System32\COMDLG32.dll
0x00007ffe8be10000 - 0x00007ffe8bfaa000 	C:\Windows\System32\ole32.dll
0x00007ffe8d6a0000 - 0x00007ffe8d776000 	C:\Windows\System32\OLEAUT32.dll
0x00007ffe8d520000 - 0x00007ffe8d63d000 	C:\Windows\System32\MSCTF.dll
0x00007ffe47710000 - 0x00007ffe47815000 	C:\Windows\System32\DriverStore\FileRepository\nvcvegpu.inf_amd64_2bc940d470dbe09b\nvldumdx.dll
0x00007ffe39e20000 - 0x00007ffe3ba6a000 	C:\Windows\System32\DriverStore\FileRepository\nvcvegpu.inf_amd64_2bc940d470dbe09b\nvd3dumx.dll
0x00007ffe8aa40000 - 0x00007ffe8aa64000 	C:\Windows\SYSTEM32\gpapi.dll
0x00007ffe6b410000 - 0x00007ffe6b5bc000 	C:\Windows\System32\DriverStore\FileRepository\iigd_dch.inf_amd64_7510514be791188f\igdumdim64.dll
0x00007ffdecbc0000 - 0x00007ffdf1424000 	C:\Windows\System32\DriverStore\FileRepository\iigd_dch.inf_amd64_7510514be791188f\igd9dxva64.dll
0x00007ffe8cbd0000 - 0x00007ffe8d03c000 	C:\Windows\System32\SETUPAPI.dll
0x00007ffe8b0e0000 - 0x00007ffe8b12c000 	C:\Windows\SYSTEM32\cfgmgr32.dll
0x00007ffe7d2d0000 - 0x00007ffe7d6d9000 	C:\Windows\System32\DriverStore\FileRepository\iigd_dch.inf_amd64_7510514be791188f\igdgmm64.dll
0x00007ffe88880000 - 0x00007ffe888a7000 	C:\Windows\System32\DriverStore\FileRepository\iigd_dch.inf_amd64_7510514be791188f\igdinfo64.dll
0x00007ffe74be0000 - 0x00007ffe79264000 	C:\Windows\System32\DriverStore\FileRepository\iigd_dch.inf_amd64_7510514be791188f\igc64.dll
0x00007ffe8a020000 - 0x00007ffe8a108000 	C:\Windows\SYSTEM32\DNSAPI.dll
0x00007ffe89ff0000 - 0x00007ffe8a01d000 	C:\Windows\SYSTEM32\IPHLPAPI.DLL
0x00007ffe8cbc0000 - 0x00007ffe8cbc9000 	C:\Windows\System32\NSI.dll
0x00007ffe7f220000 - 0x00007ffe7f22a000 	C:\Windows\System32\rasadhlp.dll
0x00007ffe83410000 - 0x00007ffe83491000 	C:\Windows\System32\fwpuclnt.dll
0x00007ffe701c0000 - 0x00007ffe701d4000 	C:\Users\ipenk\.openjfx\cache\17.0.2-ea\javafx_font.dll

dbghelp: loaded successfully - version: 4.0.5 - missing functions: none
symbol engine: initialized successfully - sym options: 0x614 - pdb path: .;C:\Users\ipenk\.jdks\corretto-17.0.4.1\bin;C:\Windows\SYSTEM32;C:\Windows\WinSxS\amd64_microsoft.windows.common-controls_6595b64144ccf1df_6.0.22000.120_none_9d947278b86cc467;C:\Users\ipenk\.jdks\corretto-17.0.4.1\bin\server;C:\Program Files\JetBrains\IntelliJ IDEA 2022.2.1\bin;C:\Users\ipenk\.openjfx\cache\17.0.2-ea;C:\Windows\System32\DriverStore\FileRepository\nvcvegpu.inf_amd64_2bc940d470dbe09b;C:\Windows\System32\DriverStore\FileRepository\iigd_dch.inf_amd64_7510514be791188f;C:\Program Files\Common Files\Microsoft Shared\Ink

VM Arguments:
jvm_args: -javaagent:C:\Program Files\JetBrains\IntelliJ IDEA 2022.2.1\lib\idea_rt.jar=63453:C:\Program Files\JetBrains\IntelliJ IDEA 2022.2.1\bin -Dfile.encoding=UTF-8 --module-path=C:\Users\ipenk\.m2\repository\org\openjfx\javafx-fxml\17.0.2\javafx-fxml-17.0.2-win.jar;C:\Users\ipenk\.m2\repository\org\openjfx\javafx-graphics\17.0.2\javafx-graphics-17.0.2-win.jar;D:\messengerAppGUI\target\classes;C:\Users\ipenk\.m2\repository\org\openjfx\javafx-controls\17.0.2\javafx-controls-17.0.2-win.jar;C:\Users\ipenk\.m2\repository\org\openjfx\javafx-base\17.0.2\javafx-base-17.0.2-win.jar -Djdk.module.main=messenger.messengerappgui 
java_command: messenger.messengerappgui/messenger.messengerappgui.Application
java_class_path (initial): C:\Users\ipenk\.m2\repository\org\openjfx\javafx-controls\17.0.2\javafx-controls-17.0.2.jar;C:\Users\ipenk\.m2\repository\org\openjfx\javafx-graphics\17.0.2\javafx-graphics-17.0.2.jar;C:\Users\ipenk\.m2\repository\org\openjfx\javafx-base\17.0.2\javafx-base-17.0.2.jar;C:\Users\ipenk\.m2\repository\org\openjfx\javafx-fxml\17.0.2\javafx-fxml-17.0.2.jar
Launcher Type: SUN_STANDARD

[Global flags]
     intx CICompilerCount                          = 4                                         {product} {ergonomic}
     uint ConcGCThreads                            = 3                                         {product} {ergonomic}
     uint G1ConcRefinementThreads                  = 10                                        {product} {ergonomic}
   size_t G1HeapRegionSize                         = 2097152                                   {product} {ergonomic}
    uintx GCDrainStackTargetSize                   = 64                                        {product} {ergonomic}
   size_t InitialHeapSize                          = 266338304                                 {product} {ergonomic}
   size_t MarkStackSize                            = 4194304                                   {product} {ergonomic}
   size_t MaxHeapSize                              = 4238344192                                {product} {ergonomic}
   size_t MaxNewSize                               = 2541748224                                {product} {ergonomic}
   size_t MinHeapDeltaBytes                        = 2097152                                   {product} {ergonomic}
   size_t MinHeapSize                              = 8388608                                   {product} {ergonomic}
    uintx NonNMethodCodeHeapSize                   = 5839372                                {pd product} {ergonomic}
    uintx NonProfiledCodeHeapSize                  = 122909434                              {pd product} {ergonomic}
    uintx ProfiledCodeHeapSize                     = 122909434                              {pd product} {ergonomic}
    uintx ReservedCodeCacheSize                    = 251658240                              {pd product} {ergonomic}
     bool SegmentedCodeCache                       = true                                      {product} {ergonomic}
   size_t SoftMaxHeapSize                          = 4238344192                             {manageable} {ergonomic}
     bool UseCompressedClassPointers               = true                           {product lp64_product} {ergonomic}
     bool UseCompressedOops                        = true                           {product lp64_product} {ergonomic}
     bool UseG1GC                                  = true                                      {product} {ergonomic}
     bool UseLargePagesIndividualAllocation        = false                                  {pd product} {ergonomic}

Logging:
Log output configuration:
 #0: stdout all=off uptime,level,tags
 #1: stderr all=off uptime,level,tags

Environment Variables:
PATH=C:\Program Files\Common Files\Oracle\Java\javapath;C:\Windows\system32;C:\Windows;C:\Windows\System32\Wbem;C:\Windows\System32\WindowsPowerShell\v1.0\;C:\Windows\System32\OpenSSH\;C:\Program Files\Git\cmd;D:\JavaDev\Maven\apache-maven-3.8.6-bin\apache-maven-3.8.6\bin;C:\Program Files (x86)\dotnet\;D:\DataBase\sqlite3;C:\Users\ipenk\AppData\Local\Microsoft\WindowsApps;
USERNAME=Igor
OS=Windows_NT
PROCESSOR_IDENTIFIER=Intel64 Family 6 Model 141 Stepping 1, GenuineIntel
TMP=C:\Users\ipenk\AppData\Local\Temp
TEMP=C:\Users\ipenk\AppData\Local\Temp



---------------  S Y S T E M  ---------------

OS:
 Windows 11 , 64 bit Build 22000 (10.0.22000.1219)
OS uptime: 0 days 17:29 hours
Hyper-V role detected

CPU: total 12 (initial active 12) (6 cores per cpu, 2 threads per core) family 6 model 141 stepping 1 microcode 0x34, cx8, cmov, fxsr, ht, mmx, 3dnowpref, sse, sse2, sse3, ssse3, sse4.1, sse4.2, popcnt, lzcnt, tsc, tscinvbit, avx, avx2, aes, erms, clmul, bmi1, bmi2, adx, avx512f, avx512dq, avx512cd, avx512bw, avx512vl, sha, fma, vzeroupper, avx512_vpopcntdq, avx512_vpclmulqdq, avx512_vaes, avx512_vnni, clflush, clflushopt, clwb, avx512_vbmi2, avx512_vbmi, hv

Memory: 4k page, system-wide physical 16163M (4787M free)
TotalPageFile size 26403M (AvailPageFile size 8752M)
current process WorkingSet (physical memory assigned to process): 152M, peak: 169M
current process commit charge ("private bytes"): 474M, peak: 488M

vm_info: OpenJDK 64-Bit Server VM (17.0.4.1+9-LTS) for windows-amd64 JRE (17.0.4.1+9-LTS), built on Aug 12 2022 17:33:36 by "Administrator" with MS VC++ 15.9 (VS2017)

END.
